{"C:\\Users\\varun\\civilcopz\\backend\\server.js": {"path":"C:\\Users\\varun\\civilcopz\\backend\\server.js","statementMap":{"0":{"start":{"line":1,"column":0},"end":{"line":1,"column":27}},"1":{"start":{"line":2,"column":15},"end":{"line":2,"column":38}},"2":{"start":{"line":3,"column":16},"end":{"line":3,"column":34}},"3":{"start":{"line":4,"column":13},"end":{"line":4,"column":28}},"4":{"start":{"line":5,"column":15},"end":{"line":5,"column":32}},"5":{"start":{"line":6,"column":15},"end":{"line":6,"column":32}},"6":{"start":{"line":7,"column":18},"end":{"line":7,"column":47}},"7":{"start":{"line":8,"column":19},"end":{"line":8,"column":44}},"8":{"start":{"line":9,"column":19},"end":{"line":9,"column":44}},"9":{"start":{"line":10,"column":17},"end":{"line":10,"column":40}},"10":{"start":{"line":11,"column":21},"end":{"line":11,"column":47}},"11":{"start":{"line":12,"column":25},"end":{"line":12,"column":55}},"12":{"start":{"line":13,"column":24},"end":{"line":13,"column":53}},"13":{"start":{"line":14,"column":25},"end":{"line":14,"column":55}},"14":{"start":{"line":15,"column":26},"end":{"line":15,"column":58}},"15":{"start":{"line":16,"column":22},"end":{"line":16,"column":50}},"16":{"start":{"line":17,"column":18},"end":{"line":17,"column":55}},"17":{"start":{"line":18,"column":18},"end":{"line":18,"column":49}},"18":{"start":{"line":19,"column":26},"end":{"line":19,"column":65}},"19":{"start":{"line":20,"column":21},"end":{"line":20,"column":55}},"20":{"start":{"line":21,"column":26},"end":{"line":21,"column":65}},"21":{"start":{"line":22,"column":21},"end":{"line":22,"column":55}},"22":{"start":{"line":23,"column":18},"end":{"line":23,"column":49}},"23":{"start":{"line":24,"column":74},"end":{"line":24,"column":110}},"24":{"start":{"line":25,"column":16},"end":{"line":25,"column":42}},"25":{"start":{"line":26,"column":37},"end":{"line":26,"column":69}},"26":{"start":{"line":27,"column":24},"end":{"line":27,"column":61}},"27":{"start":{"line":28,"column":27},"end":{"line":28,"column":74}},"28":{"start":{"line":29,"column":13},"end":{"line":29,"column":28}},"29":{"start":{"line":30,"column":13},"end":{"line":30,"column":28}},"30":{"start":{"line":31,"column":22},"end":{"line":31,"column":41}},"31":{"start":{"line":34,"column":0},"end":{"line":38,"column":3}},"32":{"start":{"line":35,"column":2},"end":{"line":35,"column":54}},"33":{"start":{"line":37,"column":2},"end":{"line":37,"column":18}},"34":{"start":{"line":40,"column":0},"end":{"line":42,"column":3}},"35":{"start":{"line":41,"column":2},"end":{"line":41,"column":71}},"36":{"start":{"line":44,"column":12},"end":{"line":44,"column":21}},"37":{"start":{"line":45,"column":0},"end":{"line":45,"column":24}},"38":{"start":{"line":46,"column":13},"end":{"line":46,"column":45}},"39":{"start":{"line":47,"column":21},"end":{"line":50,"column":1}},"40":{"start":{"line":52,"column":0},"end":{"line":54,"column":1}},"41":{"start":{"line":53,"column":2},"end":{"line":53,"column":85}},"42":{"start":{"line":58,"column":2},"end":{"line":86,"column":3}},"43":{"start":{"line":59,"column":4},"end":{"line":59,"column":62}},"44":{"start":{"line":62,"column":4},"end":{"line":62,"column":33}},"45":{"start":{"line":65,"column":4},"end":{"line":65,"column":42}},"46":{"start":{"line":68,"column":4},"end":{"line":68,"column":52}},"47":{"start":{"line":71,"column":4},"end":{"line":71,"column":49}},"48":{"start":{"line":72,"column":4},"end":{"line":72,"column":36}},"49":{"start":{"line":73,"column":4},"end":{"line":73,"column":54}},"50":{"start":{"line":75,"column":4},"end":{"line":75,"column":59}},"51":{"start":{"line":77,"column":4},"end":{"line":77,"column":61}},"52":{"start":{"line":78,"column":4},"end":{"line":84,"column":7}},"53":{"start":{"line":90,"column":0},"end":{"line":99,"column":4}},"54":{"start":{"line":102,"column":0},"end":{"line":102,"column":60}},"55":{"start":{"line":105,"column":0},"end":{"line":108,"column":3}},"56":{"start":{"line":106,"column":2},"end":{"line":106,"column":17}},"57":{"start":{"line":107,"column":2},"end":{"line":107,"column":9}},"58":{"start":{"line":111,"column":0},"end":{"line":111,"column":23}},"59":{"start":{"line":112,"column":0},"end":{"line":112,"column":27}},"60":{"start":{"line":115,"column":16},"end":{"line":121,"column":2}},"61":{"start":{"line":122,"column":0},"end":{"line":122,"column":17}},"62":{"start":{"line":125,"column":20},"end":{"line":129,"column":2}},"63":{"start":{"line":130,"column":0},"end":{"line":130,"column":41}},"64":{"start":{"line":131,"column":0},"end":{"line":131,"column":44}},"65":{"start":{"line":134,"column":20},"end":{"line":138,"column":2}},"66":{"start":{"line":139,"column":0},"end":{"line":142,"column":3}},"67":{"start":{"line":140,"column":2},"end":{"line":140,"column":64}},"68":{"start":{"line":140,"column":29},"end":{"line":140,"column":64}},"69":{"start":{"line":141,"column":2},"end":{"line":141,"column":9}},"70":{"start":{"line":145,"column":23},"end":{"line":147,"column":79}},"71":{"start":{"line":149,"column":0},"end":{"line":159,"column":4}},"72":{"start":{"line":151,"column":4},"end":{"line":156,"column":5}},"73":{"start":{"line":152,"column":6},"end":{"line":152,"column":27}},"74":{"start":{"line":154,"column":6},"end":{"line":154,"column":62}},"75":{"start":{"line":155,"column":6},"end":{"line":155,"column":49}},"76":{"start":{"line":162,"column":0},"end":{"line":162,"column":69}},"77":{"start":{"line":166,"column":0},"end":{"line":166,"column":72}},"78":{"start":{"line":169,"column":0},"end":{"line":202,"column":3}},"79":{"start":{"line":170,"column":2},"end":{"line":201,"column":5}},"80":{"start":{"line":204,"column":0},"end":{"line":204,"column":34}},"81":{"start":{"line":205,"column":0},"end":{"line":205,"column":34}},"82":{"start":{"line":206,"column":0},"end":{"line":206,"column":45}},"83":{"start":{"line":207,"column":0},"end":{"line":207,"column":30}},"84":{"start":{"line":208,"column":0},"end":{"line":208,"column":43}},"85":{"start":{"line":209,"column":0},"end":{"line":209,"column":45}},"86":{"start":{"line":210,"column":0},"end":{"line":210,"column":48}},"87":{"start":{"line":211,"column":0},"end":{"line":211,"column":40}},"88":{"start":{"line":212,"column":0},"end":{"line":212,"column":30}},"89":{"start":{"line":213,"column":0},"end":{"line":213,"column":60}},"90":{"start":{"line":214,"column":0},"end":{"line":227,"column":3}},"91":{"start":{"line":215,"column":2},"end":{"line":220,"column":3}},"92":{"start":{"line":216,"column":4},"end":{"line":219,"column":7}},"93":{"start":{"line":222,"column":2},"end":{"line":226,"column":5}},"94":{"start":{"line":230,"column":2},"end":{"line":239,"column":3}},"95":{"start":{"line":231,"column":4},"end":{"line":233,"column":5}},"96":{"start":{"line":232,"column":6},"end":{"line":232,"column":19}},"97":{"start":{"line":234,"column":4},"end":{"line":234,"column":56}},"98":{"start":{"line":235,"column":4},"end":{"line":235,"column":16}},"99":{"start":{"line":237,"column":4},"end":{"line":237,"column":52}},"100":{"start":{"line":238,"column":4},"end":{"line":238,"column":17}},"101":{"start":{"line":243,"column":2},"end":{"line":255,"column":3}},"102":{"start":{"line":244,"column":4},"end":{"line":246,"column":5}},"103":{"start":{"line":245,"column":6},"end":{"line":245,"column":43}},"104":{"start":{"line":247,"column":4},"end":{"line":249,"column":5}},"105":{"start":{"line":248,"column":6},"end":{"line":248,"column":19}},"106":{"start":{"line":250,"column":17},"end":{"line":250,"column":54}},"107":{"start":{"line":251,"column":4},"end":{"line":251,"column":27}},"108":{"start":{"line":253,"column":4},"end":{"line":253,"column":55}},"109":{"start":{"line":254,"column":4},"end":{"line":254,"column":17}},"110":{"start":{"line":259,"column":0},"end":{"line":282,"column":3}},"111":{"start":{"line":260,"column":15},"end":{"line":260,"column":30}},"112":{"start":{"line":261,"column":18},"end":{"line":261,"column":36}},"113":{"start":{"line":263,"column":2},"end":{"line":272,"column":3}},"114":{"start":{"line":264,"column":4},"end":{"line":271,"column":7}},"115":{"start":{"line":274,"column":2},"end":{"line":281,"column":5}},"116":{"start":{"line":285,"column":0},"end":{"line":293,"column":3}},"117":{"start":{"line":286,"column":2},"end":{"line":292,"column":3}},"118":{"start":{"line":287,"column":21},"end":{"line":287,"column":29}},"119":{"start":{"line":288,"column":19},"end":{"line":288,"column":59}},"120":{"start":{"line":289,"column":4},"end":{"line":289,"column":21}},"121":{"start":{"line":291,"column":4},"end":{"line":291,"column":85}},"122":{"start":{"line":296,"column":0},"end":{"line":298,"column":3}},"123":{"start":{"line":297,"column":2},"end":{"line":297,"column":66}},"124":{"start":{"line":301,"column":0},"end":{"line":303,"column":3}},"125":{"start":{"line":302,"column":2},"end":{"line":302,"column":46}},"126":{"start":{"line":306,"column":0},"end":{"line":332,"column":3}},"127":{"start":{"line":307,"column":2},"end":{"line":331,"column":3}},"128":{"start":{"line":308,"column":21},"end":{"line":310,"column":6}},"129":{"start":{"line":312,"column":4},"end":{"line":312,"column":76}},"130":{"start":{"line":312,"column":19},"end":{"line":312,"column":76}},"131":{"start":{"line":314,"column":20},"end":{"line":314,"column":49}},"132":{"start":{"line":315,"column":25},"end":{"line":315,"column":59}},"133":{"start":{"line":317,"column":19},"end":{"line":317,"column":57}},"134":{"start":{"line":318,"column":28},"end":{"line":318,"column":70}},"135":{"start":{"line":320,"column":4},"end":{"line":327,"column":7}},"136":{"start":{"line":329,"column":4},"end":{"line":329,"column":55}},"137":{"start":{"line":330,"column":4},"end":{"line":330,"column":85}},"138":{"start":{"line":335,"column":0},"end":{"line":335,"column":21}},"139":{"start":{"line":338,"column":0},"end":{"line":341,"column":3}},"140":{"start":{"line":339,"column":2},"end":{"line":339,"column":15}},"141":{"start":{"line":340,"column":2},"end":{"line":340,"column":12}},"142":{"start":{"line":344,"column":0},"end":{"line":370,"column":3}},"143":{"start":{"line":345,"column":21},"end":{"line":345,"column":38}},"144":{"start":{"line":348,"column":2},"end":{"line":363,"column":3}},"145":{"start":{"line":349,"column":4},"end":{"line":353,"column":7}},"146":{"start":{"line":356,"column":4},"end":{"line":362,"column":28}},"147":{"start":{"line":365,"column":2},"end":{"line":369,"column":5}},"148":{"start":{"line":372,"column":15},"end":{"line":372,"column":37}},"149":{"start":{"line":373,"column":0},"end":{"line":373,"column":27}},"150":{"start":{"line":377,"column":2},"end":{"line":382,"column":5}},"151":{"start":{"line":378,"column":4},"end":{"line":378,"column":63}},"152":{"start":{"line":379,"column":4},"end":{"line":379,"column":76}},"153":{"start":{"line":380,"column":4},"end":{"line":380,"column":68}},"154":{"start":{"line":381,"column":4},"end":{"line":381,"column":66}},"155":{"start":{"line":385,"column":2},"end":{"line":398,"column":5}},"156":{"start":{"line":386,"column":37},"end":{"line":386,"column":71}},"157":{"start":{"line":387,"column":4},"end":{"line":387,"column":33}},"158":{"start":{"line":389,"column":4},"end":{"line":394,"column":5}},"159":{"start":{"line":390,"column":6},"end":{"line":390,"column":56}},"160":{"start":{"line":391,"column":6},"end":{"line":391,"column":36}},"161":{"start":{"line":392,"column":6},"end":{"line":392,"column":65}},"162":{"start":{"line":393,"column":6},"end":{"line":393,"column":45}},"163":{"start":{"line":396,"column":4},"end":{"line":396,"column":61}},"164":{"start":{"line":397,"column":4},"end":{"line":397,"column":99}},"165":{"start":{"line":403,"column":2},"end":{"line":405,"column":5}},"166":{"start":{"line":404,"column":4},"end":{"line":404,"column":63}},"167":{"start":{"line":408,"column":2},"end":{"line":423,"column":3}},"168":{"start":{"line":409,"column":4},"end":{"line":409,"column":33}},"169":{"start":{"line":410,"column":4},"end":{"line":410,"column":36}},"170":{"start":{"line":411,"column":4},"end":{"line":411,"column":54}},"171":{"start":{"line":413,"column":4},"end":{"line":419,"column":5}},"172":{"start":{"line":414,"column":6},"end":{"line":414,"column":56}},"173":{"start":{"line":415,"column":6},"end":{"line":415,"column":36}},"174":{"start":{"line":416,"column":11},"end":{"line":419,"column":5}},"175":{"start":{"line":417,"column":6},"end":{"line":417,"column":65}},"176":{"start":{"line":418,"column":6},"end":{"line":418,"column":45}},"177":{"start":{"line":421,"column":4},"end":{"line":421,"column":70}},"178":{"start":{"line":422,"column":4},"end":{"line":422,"column":80}},"179":{"start":{"line":428,"column":0},"end":{"line":445,"column":1}},"180":{"start":{"line":429,"column":2},"end":{"line":444,"column":3}},"181":{"start":{"line":430,"column":4},"end":{"line":433,"column":7}},"182":{"start":{"line":431,"column":6},"end":{"line":431,"column":62}},"183":{"start":{"line":432,"column":6},"end":{"line":432,"column":22}},"184":{"start":{"line":434,"column":9},"end":{"line":444,"column":3}},"185":{"start":{"line":435,"column":4},"end":{"line":438,"column":7}},"186":{"start":{"line":436,"column":6},"end":{"line":436,"column":71}},"187":{"start":{"line":437,"column":6},"end":{"line":437,"column":22}},"188":{"start":{"line":440,"column":4},"end":{"line":443,"column":7}},"189":{"start":{"line":441,"column":6},"end":{"line":441,"column":56}},"190":{"start":{"line":442,"column":6},"end":{"line":442,"column":22}},"191":{"start":{"line":447,"column":0},"end":{"line":455,"column":2}}},"fnMap":{"0":{"name":"(anonymous_0)","decl":{"start":{"line":34,"column":32},"end":{"line":34,"column":33}},"loc":{"start":{"line":34,"column":41},"end":{"line":38,"column":1}},"line":34},"1":{"name":"(anonymous_1)","decl":{"start":{"line":40,"column":33},"end":{"line":40,"column":34}},"loc":{"start":{"line":40,"column":54},"end":{"line":42,"column":1}},"line":40},"2":{"name":"initializeServices","decl":{"start":{"line":57,"column":15},"end":{"line":57,"column":33}},"loc":{"start":{"line":57,"column":36},"end":{"line":87,"column":1}},"line":57},"3":{"name":"(anonymous_3)","decl":{"start":{"line":105,"column":8},"end":{"line":105,"column":9}},"loc":{"start":{"line":105,"column":28},"end":{"line":108,"column":1}},"line":105},"4":{"name":"(anonymous_4)","decl":{"start":{"line":139,"column":22},"end":{"line":139,"column":23}},"loc":{"start":{"line":139,"column":42},"end":{"line":142,"column":1}},"line":139},"5":{"name":"(anonymous_5)","decl":{"start":{"line":150,"column":10},"end":{"line":150,"column":11}},"loc":{"start":{"line":150,"column":32},"end":{"line":157,"column":3}},"line":150},"6":{"name":"(anonymous_6)","decl":{"start":{"line":169,"column":13},"end":{"line":169,"column":14}},"loc":{"start":{"line":169,"column":27},"end":{"line":202,"column":1}},"line":169},"7":{"name":"(anonymous_7)","decl":{"start":{"line":214,"column":20},"end":{"line":214,"column":21}},"loc":{"start":{"line":214,"column":34},"end":{"line":227,"column":1}},"line":214},"8":{"name":"checkDB","decl":{"start":{"line":229,"column":15},"end":{"line":229,"column":22}},"loc":{"start":{"line":229,"column":25},"end":{"line":240,"column":1}},"line":229},"9":{"name":"checkRedis","decl":{"start":{"line":242,"column":15},"end":{"line":242,"column":25}},"loc":{"start":{"line":242,"column":28},"end":{"line":256,"column":1}},"line":242},"10":{"name":"(anonymous_10)","decl":{"start":{"line":259,"column":19},"end":{"line":259,"column":20}},"loc":{"start":{"line":259,"column":39},"end":{"line":282,"column":1}},"line":259},"11":{"name":"(anonymous_11)","decl":{"start":{"line":285,"column":29},"end":{"line":285,"column":30}},"loc":{"start":{"line":285,"column":49},"end":{"line":293,"column":1}},"line":285},"12":{"name":"(anonymous_12)","decl":{"start":{"line":296,"column":23},"end":{"line":296,"column":24}},"loc":{"start":{"line":296,"column":37},"end":{"line":298,"column":1}},"line":296},"13":{"name":"(anonymous_13)","decl":{"start":{"line":301,"column":18},"end":{"line":301,"column":19}},"loc":{"start":{"line":301,"column":32},"end":{"line":303,"column":1}},"line":301},"14":{"name":"(anonymous_14)","decl":{"start":{"line":306,"column":30},"end":{"line":306,"column":31}},"loc":{"start":{"line":306,"column":50},"end":{"line":332,"column":1}},"line":306},"15":{"name":"(anonymous_15)","decl":{"start":{"line":338,"column":8},"end":{"line":338,"column":9}},"loc":{"start":{"line":338,"column":33},"end":{"line":341,"column":1}},"line":338},"16":{"name":"(anonymous_16)","decl":{"start":{"line":344,"column":8},"end":{"line":344,"column":9}},"loc":{"start":{"line":344,"column":33},"end":{"line":370,"column":1}},"line":344},"17":{"name":"startServer","decl":{"start":{"line":375,"column":15},"end":{"line":375,"column":26}},"loc":{"start":{"line":375,"column":29},"end":{"line":399,"column":1}},"line":375},"18":{"name":"(anonymous_18)","decl":{"start":{"line":377,"column":33},"end":{"line":377,"column":34}},"loc":{"start":{"line":377,"column":39},"end":{"line":382,"column":3}},"line":377},"19":{"name":"(anonymous_19)","decl":{"start":{"line":385,"column":28},"end":{"line":385,"column":29}},"loc":{"start":{"line":385,"column":40},"end":{"line":395,"column":3}},"line":385},"20":{"name":"(anonymous_20)","decl":{"start":{"line":395,"column":11},"end":{"line":395,"column":12}},"loc":{"start":{"line":395,"column":20},"end":{"line":398,"column":3}},"line":395},"21":{"name":"startWorkerRuntime","decl":{"start":{"line":401,"column":15},"end":{"line":401,"column":33}},"loc":{"start":{"line":401,"column":40},"end":{"line":424,"column":1}},"line":401},"22":{"name":"(anonymous_22)","decl":{"start":{"line":403,"column":33},"end":{"line":403,"column":34}},"loc":{"start":{"line":403,"column":39},"end":{"line":405,"column":3}},"line":403},"23":{"name":"(anonymous_23)","decl":{"start":{"line":430,"column":35},"end":{"line":430,"column":36}},"loc":{"start":{"line":430,"column":46},"end":{"line":433,"column":5}},"line":430},"24":{"name":"(anonymous_24)","decl":{"start":{"line":435,"column":44},"end":{"line":435,"column":45}},"loc":{"start":{"line":435,"column":55},"end":{"line":438,"column":5}},"line":435},"25":{"name":"(anonymous_25)","decl":{"start":{"line":440,"column":24},"end":{"line":440,"column":25}},"loc":{"start":{"line":440,"column":35},"end":{"line":443,"column":5}},"line":440}},"branchMap":{"0":{"loc":{"start":{"line":46,"column":20},"end":{"line":46,"column":44}},"type":"binary-expr","locations":[{"start":{"line":46,"column":20},"end":{"line":46,"column":36}},{"start":{"line":46,"column":40},"end":{"line":46,"column":44}}],"line":46},"1":{"loc":{"start":{"line":52,"column":0},"end":{"line":54,"column":1}},"type":"if","locations":[{"start":{"line":52,"column":0},"end":{"line":54,"column":1}},{"start":{},"end":{}}],"line":52},"2":{"loc":{"start":{"line":140,"column":2},"end":{"line":140,"column":64}},"type":"if","locations":[{"start":{"line":140,"column":2},"end":{"line":140,"column":64}},{"start":{},"end":{}}],"line":140},"3":{"loc":{"start":{"line":145,"column":23},"end":{"line":147,"column":79}},"type":"cond-expr","locations":[{"start":{"line":146,"column":4},"end":{"line":146,"column":38}},{"start":{"line":147,"column":4},"end":{"line":147,"column":79}}],"line":145},"4":{"loc":{"start":{"line":151,"column":4},"end":{"line":156,"column":5}},"type":"if","locations":[{"start":{"line":151,"column":4},"end":{"line":156,"column":5}},{"start":{"line":153,"column":11},"end":{"line":156,"column":5}}],"line":151},"5":{"loc":{"start":{"line":151,"column":8},"end":{"line":151,"column":56}},"type":"binary-expr","locations":[{"start":{"line":151,"column":8},"end":{"line":151,"column":15}},{"start":{"line":151,"column":19},"end":{"line":151,"column":56}}],"line":151},"6":{"loc":{"start":{"line":215,"column":2},"end":{"line":220,"column":3}},"type":"if","locations":[{"start":{"line":215,"column":2},"end":{"line":220,"column":3}},{"start":{},"end":{}}],"line":215},"7":{"loc":{"start":{"line":231,"column":4},"end":{"line":233,"column":5}},"type":"if","locations":[{"start":{"line":231,"column":4},"end":{"line":233,"column":5}},{"start":{},"end":{}}],"line":231},"8":{"loc":{"start":{"line":244,"column":4},"end":{"line":246,"column":5}},"type":"if","locations":[{"start":{"line":244,"column":4},"end":{"line":246,"column":5}},{"start":{},"end":{}}],"line":244},"9":{"loc":{"start":{"line":247,"column":4},"end":{"line":249,"column":5}},"type":"if","locations":[{"start":{"line":247,"column":4},"end":{"line":249,"column":5}},{"start":{},"end":{}}],"line":247},"10":{"loc":{"start":{"line":263,"column":2},"end":{"line":272,"column":3}},"type":"if","locations":[{"start":{"line":263,"column":2},"end":{"line":272,"column":3}},{"start":{},"end":{}}],"line":263},"11":{"loc":{"start":{"line":263,"column":6},"end":{"line":263,"column":21}},"type":"binary-expr","locations":[{"start":{"line":263,"column":6},"end":{"line":263,"column":10}},{"start":{"line":263,"column":14},"end":{"line":263,"column":21}}],"line":263},"12":{"loc":{"start":{"line":278,"column":16},"end":{"line":278,"column":51}},"type":"cond-expr","locations":[{"start":{"line":278,"column":23},"end":{"line":278,"column":34}},{"start":{"line":278,"column":37},"end":{"line":278,"column":51}}],"line":278},"13":{"loc":{"start":{"line":279,"column":13},"end":{"line":279,"column":51}},"type":"cond-expr","locations":[{"start":{"line":279,"column":23},"end":{"line":279,"column":34}},{"start":{"line":279,"column":37},"end":{"line":279,"column":51}}],"line":279},"14":{"loc":{"start":{"line":288,"column":48},"end":{"line":288,"column":58}},"type":"binary-expr","locations":[{"start":{"line":288,"column":48},"end":{"line":288,"column":52}},{"start":{"line":288,"column":56},"end":{"line":288,"column":58}}],"line":288},"15":{"loc":{"start":{"line":312,"column":4},"end":{"line":312,"column":76}},"type":"if","locations":[{"start":{"line":312,"column":4},"end":{"line":312,"column":76}},{"start":{},"end":{}}],"line":312},"16":{"loc":{"start":{"line":345,"column":21},"end":{"line":345,"column":38}},"type":"binary-expr","locations":[{"start":{"line":345,"column":21},"end":{"line":345,"column":31}},{"start":{"line":345,"column":35},"end":{"line":345,"column":38}}],"line":345},"17":{"loc":{"start":{"line":348,"column":2},"end":{"line":363,"column":3}},"type":"if","locations":[{"start":{"line":348,"column":2},"end":{"line":363,"column":3}},{"start":{},"end":{}}],"line":348},"18":{"loc":{"start":{"line":351,"column":13},"end":{"line":351,"column":75}},"type":"cond-expr","locations":[{"start":{"line":351,"column":54},"end":{"line":351,"column":63}},{"start":{"line":351,"column":66},"end":{"line":351,"column":75}}],"line":351},"19":{"loc":{"start":{"line":367,"column":11},"end":{"line":367,"column":69}},"type":"cond-expr","locations":[{"start":{"line":367,"column":32},"end":{"line":367,"column":55}},{"start":{"line":367,"column":58},"end":{"line":367,"column":69}}],"line":367},"20":{"loc":{"start":{"line":368,"column":13},"end":{"line":368,"column":99}},"type":"cond-expr","locations":[{"start":{"line":368,"column":54},"end":{"line":368,"column":65}},{"start":{"line":368,"column":68},"end":{"line":368,"column":99}}],"line":368},"21":{"loc":{"start":{"line":379,"column":35},"end":{"line":379,"column":72}},"type":"binary-expr","locations":[{"start":{"line":379,"column":35},"end":{"line":379,"column":55}},{"start":{"line":379,"column":59},"end":{"line":379,"column":72}}],"line":379},"22":{"loc":{"start":{"line":389,"column":4},"end":{"line":394,"column":5}},"type":"if","locations":[{"start":{"line":389,"column":4},"end":{"line":394,"column":5}},{"start":{},"end":{}}],"line":389},"23":{"loc":{"start":{"line":389,"column":8},"end":{"line":389,"column":84}},"type":"binary-expr","locations":[{"start":{"line":389,"column":8},"end":{"line":389,"column":45}},{"start":{"line":389,"column":49},"end":{"line":389,"column":84}}],"line":389},"24":{"loc":{"start":{"line":413,"column":4},"end":{"line":419,"column":5}},"type":"if","locations":[{"start":{"line":413,"column":4},"end":{"line":419,"column":5}},{"start":{"line":416,"column":11},"end":{"line":419,"column":5}}],"line":413},"25":{"loc":{"start":{"line":416,"column":11},"end":{"line":419,"column":5}},"type":"if","locations":[{"start":{"line":416,"column":11},"end":{"line":419,"column":5}},{"start":{},"end":{}}],"line":416},"26":{"loc":{"start":{"line":428,"column":0},"end":{"line":445,"column":1}},"type":"if","locations":[{"start":{"line":428,"column":0},"end":{"line":445,"column":1}},{"start":{},"end":{}}],"line":428},"27":{"loc":{"start":{"line":429,"column":2},"end":{"line":444,"column":3}},"type":"if","locations":[{"start":{"line":429,"column":2},"end":{"line":444,"column":3}},{"start":{"line":434,"column":9},"end":{"line":444,"column":3}}],"line":429},"28":{"loc":{"start":{"line":434,"column":9},"end":{"line":444,"column":3}},"type":"if","locations":[{"start":{"line":434,"column":9},"end":{"line":444,"column":3}},{"start":{"line":439,"column":9},"end":{"line":444,"column":3}}],"line":434}},"s":{"0":2,"1":2,"2":2,"3":2,"4":2,"5":2,"6":2,"7":2,"8":2,"9":2,"10":2,"11":2,"12":2,"13":2,"14":2,"15":2,"16":2,"17":2,"18":2,"19":2,"20":2,"21":2,"22":2,"23":2,"24":2,"25":2,"26":2,"27":2,"28":2,"29":2,"30":2,"31":2,"32":0,"33":0,"34":2,"35":0,"36":2,"37":2,"38":2,"39":2,"40":2,"41":0,"42":0,"43":0,"44":0,"45":0,"46":0,"47":0,"48":0,"49":0,"50":0,"51":0,"52":0,"53":2,"54":2,"55":2,"56":1,"57":1,"58":2,"59":2,"60":2,"61":2,"62":2,"63":2,"64":2,"65":2,"66":2,"67":1,"68":1,"69":0,"70":2,"71":2,"72":1,"73":1,"74":0,"75":0,"76":2,"77":2,"78":2,"79":0,"80":2,"81":2,"82":2,"83":2,"84":2,"85":2,"86":2,"87":2,"88":2,"89":2,"90":2,"91":0,"92":0,"93":0,"94":0,"95":0,"96":0,"97":0,"98":0,"99":0,"100":0,"101":0,"102":0,"103":0,"104":0,"105":0,"106":0,"107":0,"108":0,"109":0,"110":2,"111":0,"112":0,"113":0,"114":0,"115":0,"116":2,"117":0,"118":0,"119":0,"120":0,"121":0,"122":2,"123":0,"124":2,"125":0,"126":2,"127":0,"128":0,"129":0,"130":0,"131":0,"132":0,"133":0,"134":0,"135":0,"136":0,"137":0,"138":2,"139":2,"140":0,"141":0,"142":2,"143":0,"144":0,"145":0,"146":0,"147":0,"148":2,"149":2,"150":0,"151":0,"152":0,"153":0,"154":0,"155":0,"156":0,"157":0,"158":0,"159":0,"160":0,"161":0,"162":0,"163":0,"164":0,"165":0,"166":0,"167":0,"168":0,"169":0,"170":0,"171":0,"172":0,"173":0,"174":0,"175":0,"176":0,"177":0,"178":0,"179":2,"180":0,"181":0,"182":0,"183":0,"184":0,"185":0,"186":0,"187":0,"188":0,"189":0,"190":0,"191":2},"f":{"0":0,"1":0,"2":0,"3":1,"4":1,"5":1,"6":0,"7":0,"8":0,"9":0,"10":0,"11":0,"12":0,"13":0,"14":0,"15":0,"16":0,"17":0,"18":0,"19":0,"20":0,"21":0,"22":0,"23":0,"24":0,"25":0},"b":{"0":[2,2],"1":[0,2],"2":[1,0],"3":[0,2],"4":[1,0],"5":[1,0],"6":[0,0],"7":[0,0],"8":[0,0],"9":[0,0],"10":[0,0],"11":[0,0],"12":[0,0],"13":[0,0],"14":[0,0],"15":[0,0],"16":[0,0],"17":[0,0],"18":[0,0],"19":[0,0],"20":[0,0],"21":[0,0],"22":[0,0],"23":[0,0],"24":[0,0],"25":[0,0],"26":[0,2],"27":[0,0],"28":[0,0]},"_coverageSchema":"1a1c01bbd47fc00a2c39e90264f33305004495a9","hash":"aa209845bdac6ece0df98562478ce298f0f1c3b9"}
,"C:\\Users\\varun\\civilcopz\\backend\\socket.js": {"path":"C:\\Users\\varun\\civilcopz\\backend\\socket.js","statementMap":{"0":{"start":{"line":1,"column":17},"end":{"line":1,"column":37}},"1":{"start":{"line":6,"column":2},"end":{"line":12,"column":5}},"2":{"start":{"line":14,"column":2},"end":{"line":26,"column":5}},"3":{"start":{"line":15,"column":4},"end":{"line":15,"column":52}},"4":{"start":{"line":18,"column":4},"end":{"line":21,"column":7}},"5":{"start":{"line":19,"column":6},"end":{"line":19,"column":36}},"6":{"start":{"line":20,"column":6},"end":{"line":20,"column":69}},"7":{"start":{"line":23,"column":4},"end":{"line":25,"column":7}},"8":{"start":{"line":24,"column":6},"end":{"line":24,"column":53}},"9":{"start":{"line":28,"column":2},"end":{"line":28,"column":12}},"10":{"start":{"line":32,"column":2},"end":{"line":38,"column":3}},"11":{"start":{"line":34,"column":4},"end":{"line":34,"column":53}},"12":{"start":{"line":35,"column":4},"end":{"line":35,"column":66}},"13":{"start":{"line":37,"column":4},"end":{"line":37,"column":47}},"14":{"start":{"line":43,"column":2},"end":{"line":45,"column":3}},"15":{"start":{"line":44,"column":4},"end":{"line":44,"column":38}},"16":{"start":{"line":48,"column":0},"end":{"line":53,"column":2}},"17":{"start":{"line":52,"column":15},"end":{"line":52,"column":17}}},"fnMap":{"0":{"name":"init","decl":{"start":{"line":5,"column":9},"end":{"line":5,"column":13}},"loc":{"start":{"line":5,"column":22},"end":{"line":29,"column":1}},"line":5},"1":{"name":"(anonymous_1)","decl":{"start":{"line":14,"column":22},"end":{"line":14,"column":23}},"loc":{"start":{"line":14,"column":34},"end":{"line":26,"column":3}},"line":14},"2":{"name":"(anonymous_2)","decl":{"start":{"line":18,"column":27},"end":{"line":18,"column":28}},"loc":{"start":{"line":18,"column":39},"end":{"line":21,"column":5}},"line":18},"3":{"name":"(anonymous_3)","decl":{"start":{"line":23,"column":28},"end":{"line":23,"column":29}},"loc":{"start":{"line":23,"column":34},"end":{"line":25,"column":5}},"line":23},"4":{"name":"emitUpdate","decl":{"start":{"line":31,"column":9},"end":{"line":31,"column":19}},"loc":{"start":{"line":31,"column":34},"end":{"line":39,"column":1}},"line":31},"5":{"name":"emitPublicUpdate","decl":{"start":{"line":42,"column":9},"end":{"line":42,"column":25}},"loc":{"start":{"line":42,"column":32},"end":{"line":46,"column":1}},"line":42},"6":{"name":"(anonymous_6)","decl":{"start":{"line":52,"column":9},"end":{"line":52,"column":10}},"loc":{"start":{"line":52,"column":15},"end":{"line":52,"column":17}},"line":52}},"branchMap":{"0":{"loc":{"start":{"line":8,"column":14},"end":{"line":8,"column":127}},"type":"cond-expr","locations":[{"start":{"line":8,"column":40},"end":{"line":8,"column":74}},{"start":{"line":8,"column":77},"end":{"line":8,"column":127}}],"line":8},"1":{"loc":{"start":{"line":32,"column":2},"end":{"line":38,"column":3}},"type":"if","locations":[{"start":{"line":32,"column":2},"end":{"line":38,"column":3}},{"start":{"line":36,"column":9},"end":{"line":38,"column":3}}],"line":32},"2":{"loc":{"start":{"line":43,"column":2},"end":{"line":45,"column":3}},"type":"if","locations":[{"start":{"line":43,"column":2},"end":{"line":45,"column":3}},{"start":{},"end":{}}],"line":43}},"s":{"0":4,"1":3,"2":3,"3":0,"4":0,"5":0,"6":0,"7":0,"8":0,"9":3,"10":4,"11":4,"12":4,"13":0,"14":0,"15":0,"16":4,"17":0},"f":{"0":3,"1":0,"2":0,"3":0,"4":4,"5":0,"6":0},"b":{"0":[0,3],"1":[4,0],"2":[0,0]},"_coverageSchema":"1a1c01bbd47fc00a2c39e90264f33305004495a9","hash":"17e8eb6c2d76caaa1b8765d2bb505413a27dca14"}
,"C:\\Users\\varun\\civilcopz\\backend\\controllers\\adController.js": {"path":"C:\\Users\\varun\\civilcopz\\backend\\controllers\\adController.js","statementMap":{"0":{"start":{"line":1,"column":18},"end":{"line":1,"column":50}},"1":{"start":{"line":4,"column":33},"end":{"line":4,"column":42}},"2":{"start":{"line":6,"column":2},"end":{"line":8,"column":3}},"3":{"start":{"line":7,"column":4},"end":{"line":7,"column":87}},"4":{"start":{"line":10,"column":2},"end":{"line":20,"column":3}},"5":{"start":{"line":11,"column":21},"end":{"line":11,"column":79}},"6":{"start":{"line":12,"column":4},"end":{"line":16,"column":7}},"7":{"start":{"line":18,"column":4},"end":{"line":18,"column":70}},"8":{"start":{"line":19,"column":4},"end":{"line":19,"column":87}},"9":{"start":{"line":24,"column":2},"end":{"line":34,"column":3}},"10":{"start":{"line":25,"column":21},"end":{"line":25,"column":63}},"11":{"start":{"line":26,"column":4},"end":{"line":30,"column":7}},"12":{"start":{"line":32,"column":4},"end":{"line":32,"column":67}},"13":{"start":{"line":33,"column":4},"end":{"line":33,"column":79}},"14":{"start":{"line":37,"column":0},"end":{"line":40,"column":2}}},"fnMap":{"0":{"name":"getRecommendations","decl":{"start":{"line":3,"column":15},"end":{"line":3,"column":33}},"loc":{"start":{"line":3,"column":44},"end":{"line":21,"column":1}},"line":3},"1":{"name":"listAllServices","decl":{"start":{"line":23,"column":15},"end":{"line":23,"column":30}},"loc":{"start":{"line":23,"column":41},"end":{"line":35,"column":1}},"line":23}},"branchMap":{"0":{"loc":{"start":{"line":6,"column":2},"end":{"line":8,"column":3}},"type":"if","locations":[{"start":{"line":6,"column":2},"end":{"line":8,"column":3}},{"start":{},"end":{}}],"line":6}},"s":{"0":2,"1":0,"2":0,"3":0,"4":0,"5":0,"6":0,"7":0,"8":0,"9":0,"10":0,"11":0,"12":0,"13":0,"14":2},"f":{"0":0,"1":0},"b":{"0":[0,0]},"_coverageSchema":"1a1c01bbd47fc00a2c39e90264f33305004495a9","hash":"8483719894032b51456567f534343b7a20358a78"}
,"C:\\Users\\varun\\civilcopz\\backend\\controllers\\caseController.js": {"path":"C:\\Users\\varun\\civilcopz\\backend\\controllers\\caseController.js","statementMap":{"0":{"start":{"line":1,"column":18},"end":{"line":1,"column":56}},"1":{"start":{"line":2,"column":26},"end":{"line":2,"column":66}},"2":{"start":{"line":3,"column":22},"end":{"line":3,"column":58}},"3":{"start":{"line":4,"column":20},"end":{"line":4,"column":61}},"4":{"start":{"line":5,"column":27},"end":{"line":5,"column":68}},"5":{"start":{"line":6,"column":11},"end":{"line":6,"column":33}},"6":{"start":{"line":7,"column":15},"end":{"line":7,"column":32}},"7":{"start":{"line":9,"column":18},"end":{"line":9,"column":50}},"8":{"start":{"line":9,"column":24},"end":{"line":9,"column":50}},"9":{"start":{"line":12,"column":21},"end":{"line":12,"column":48}},"10":{"start":{"line":13,"column":2},"end":{"line":13,"column":70}},"11":{"start":{"line":23,"column":4},"end":{"line":148,"column":5}},"12":{"start":{"line":29,"column":10},"end":{"line":29,"column":18}},"13":{"start":{"line":30,"column":32},"end":{"line":39,"column":7}},"14":{"start":{"line":31,"column":47},"end":{"line":38,"column":9}},"15":{"start":{"line":41,"column":23},"end":{"line":87,"column":8}},"16":{"start":{"line":71,"column":76},"end":{"line":75,"column":13}},"17":{"start":{"line":88,"column":35},"end":{"line":90,"column":7}},"18":{"start":{"line":89,"column":53},"end":{"line":89,"column":81}},"19":{"start":{"line":93,"column":6},"end":{"line":117,"column":7}},"20":{"start":{"line":94,"column":8},"end":{"line":116,"column":9}},"21":{"start":{"line":95,"column":33},"end":{"line":95,"column":71}},"22":{"start":{"line":96,"column":10},"end":{"line":115,"column":12}},"23":{"start":{"line":120,"column":6},"end":{"line":139,"column":8}},"24":{"start":{"line":142,"column":6},"end":{"line":142,"column":132}},"25":{"start":{"line":144,"column":6},"end":{"line":144,"column":47}},"26":{"start":{"line":146,"column":6},"end":{"line":146,"column":54}},"27":{"start":{"line":147,"column":6},"end":{"line":147,"column":53}},"28":{"start":{"line":152,"column":4},"end":{"line":163,"column":5}},"29":{"start":{"line":153,"column":21},"end":{"line":153,"column":31}},"30":{"start":{"line":154,"column":25},"end":{"line":154,"column":33}},"31":{"start":{"line":155,"column":26},"end":{"line":158,"column":8}},"32":{"start":{"line":159,"column":6},"end":{"line":159,"column":93}},"33":{"start":{"line":160,"column":6},"end":{"line":160,"column":28}},"34":{"start":{"line":162,"column":6},"end":{"line":162,"column":53}},"35":{"start":{"line":167,"column":4},"end":{"line":177,"column":5}},"36":{"start":{"line":168,"column":21},"end":{"line":168,"column":31}},"37":{"start":{"line":169,"column":31},"end":{"line":169,"column":39}},"38":{"start":{"line":170,"column":26},"end":{"line":173,"column":8}},"39":{"start":{"line":174,"column":6},"end":{"line":174,"column":28}},"40":{"start":{"line":176,"column":6},"end":{"line":176,"column":53}},"41":{"start":{"line":181,"column":4},"end":{"line":190,"column":5}},"42":{"start":{"line":182,"column":20},"end":{"line":186,"column":8}},"43":{"start":{"line":187,"column":6},"end":{"line":187,"column":22}},"44":{"start":{"line":189,"column":6},"end":{"line":189,"column":53}},"45":{"start":{"line":194,"column":4},"end":{"line":252,"column":5}},"46":{"start":{"line":195,"column":19},"end":{"line":195,"column":48}},"47":{"start":{"line":196,"column":20},"end":{"line":196,"column":51}},"48":{"start":{"line":197,"column":19},"end":{"line":197,"column":37}},"49":{"start":{"line":198,"column":43},"end":{"line":198,"column":52}},"50":{"start":{"line":201,"column":20},"end":{"line":201,"column":22}},"51":{"start":{"line":202,"column":6},"end":{"line":202,"column":40}},"52":{"start":{"line":202,"column":18},"end":{"line":202,"column":40}},"53":{"start":{"line":203,"column":6},"end":{"line":203,"column":46}},"54":{"start":{"line":203,"column":20},"end":{"line":203,"column":46}},"55":{"start":{"line":204,"column":6},"end":{"line":210,"column":7}},"56":{"start":{"line":205,"column":8},"end":{"line":209,"column":10}},"57":{"start":{"line":212,"column":29},"end":{"line":239,"column":8}},"58":{"start":{"line":241,"column":6},"end":{"line":249,"column":9}},"59":{"start":{"line":251,"column":6},"end":{"line":251,"column":53}},"60":{"start":{"line":256,"column":4},"end":{"line":265,"column":5}},"61":{"start":{"line":257,"column":21},"end":{"line":257,"column":31}},"62":{"start":{"line":258,"column":23},"end":{"line":261,"column":8}},"63":{"start":{"line":262,"column":6},"end":{"line":262,"column":25}},"64":{"start":{"line":264,"column":6},"end":{"line":264,"column":53}},"65":{"start":{"line":272,"column":19},"end":{"line":272,"column":29}},"66":{"start":{"line":273,"column":45},"end":{"line":273,"column":53}},"67":{"start":{"line":275,"column":4},"end":{"line":292,"column":5}},"68":{"start":{"line":276,"column":23},"end":{"line":276,"column":75}},"69":{"start":{"line":277,"column":25},"end":{"line":277,"column":89}},"70":{"start":{"line":279,"column":26},"end":{"line":286,"column":8}},"71":{"start":{"line":288,"column":6},"end":{"line":288,"column":98}},"72":{"start":{"line":289,"column":6},"end":{"line":289,"column":28}},"73":{"start":{"line":291,"column":6},"end":{"line":291,"column":63}},"74":{"start":{"line":299,"column":19},"end":{"line":299,"column":29}},"75":{"start":{"line":300,"column":27},"end":{"line":300,"column":35}},"76":{"start":{"line":301,"column":4},"end":{"line":309,"column":5}},"77":{"start":{"line":302,"column":26},"end":{"line":305,"column":8}},"78":{"start":{"line":306,"column":6},"end":{"line":306,"column":28}},"79":{"start":{"line":308,"column":6},"end":{"line":308,"column":61}},"80":{"start":{"line":317,"column":19},"end":{"line":317,"column":29}},"81":{"start":{"line":318,"column":4},"end":{"line":324,"column":5}},"82":{"start":{"line":319,"column":18},"end":{"line":319,"column":62}},"83":{"start":{"line":320,"column":6},"end":{"line":320,"column":20}},"84":{"start":{"line":322,"column":6},"end":{"line":322,"column":46}},"85":{"start":{"line":323,"column":6},"end":{"line":323,"column":79}},"86":{"start":{"line":331,"column":19},"end":{"line":331,"column":29}},"87":{"start":{"line":332,"column":30},"end":{"line":332,"column":38}},"88":{"start":{"line":334,"column":4},"end":{"line":349,"column":5}},"89":{"start":{"line":335,"column":26},"end":{"line":343,"column":8}},"90":{"start":{"line":345,"column":6},"end":{"line":345,"column":94}},"91":{"start":{"line":346,"column":6},"end":{"line":346,"column":28}},"92":{"start":{"line":348,"column":6},"end":{"line":348,"column":56}},"93":{"start":{"line":356,"column":19},"end":{"line":356,"column":29}},"94":{"start":{"line":357,"column":4},"end":{"line":362,"column":5}},"95":{"start":{"line":358,"column":18},"end":{"line":358,"column":64}},"96":{"start":{"line":359,"column":6},"end":{"line":359,"column":24}},"97":{"start":{"line":361,"column":6},"end":{"line":361,"column":56}},"98":{"start":{"line":366,"column":0},"end":{"line":366,"column":38}}},"fnMap":{"0":{"name":"(anonymous_0)","decl":{"start":{"line":9,"column":18},"end":{"line":9,"column":19}},"loc":{"start":{"line":9,"column":24},"end":{"line":9,"column":50}},"line":9},"1":{"name":"hashFileAtPath","decl":{"start":{"line":11,"column":15},"end":{"line":11,"column":29}},"loc":{"start":{"line":11,"column":40},"end":{"line":14,"column":1}},"line":11},"2":{"name":"(anonymous_2)","decl":{"start":{"line":22,"column":2},"end":{"line":22,"column":3}},"loc":{"start":{"line":22,"column":29},"end":{"line":149,"column":3}},"line":22},"3":{"name":"(anonymous_3)","decl":{"start":{"line":31,"column":30},"end":{"line":31,"column":31}},"loc":{"start":{"line":31,"column":47},"end":{"line":38,"column":9}},"line":31},"4":{"name":"(anonymous_4)","decl":{"start":{"line":71,"column":42},"end":{"line":71,"column":43}},"loc":{"start":{"line":71,"column":76},"end":{"line":75,"column":13}},"line":71},"5":{"name":"(anonymous_5)","decl":{"start":{"line":89,"column":39},"end":{"line":89,"column":40}},"loc":{"start":{"line":89,"column":53},"end":{"line":89,"column":81}},"line":89},"6":{"name":"(anonymous_6)","decl":{"start":{"line":151,"column":2},"end":{"line":151,"column":3}},"loc":{"start":{"line":151,"column":35},"end":{"line":164,"column":3}},"line":151},"7":{"name":"(anonymous_7)","decl":{"start":{"line":166,"column":2},"end":{"line":166,"column":3}},"loc":{"start":{"line":166,"column":34},"end":{"line":178,"column":3}},"line":166},"8":{"name":"(anonymous_8)","decl":{"start":{"line":180,"column":2},"end":{"line":180,"column":3}},"loc":{"start":{"line":180,"column":31},"end":{"line":191,"column":3}},"line":180},"9":{"name":"(anonymous_9)","decl":{"start":{"line":193,"column":2},"end":{"line":193,"column":3}},"loc":{"start":{"line":193,"column":27},"end":{"line":253,"column":3}},"line":193},"10":{"name":"(anonymous_10)","decl":{"start":{"line":255,"column":2},"end":{"line":255,"column":3}},"loc":{"start":{"line":255,"column":30},"end":{"line":266,"column":3}},"line":255},"11":{"name":"(anonymous_11)","decl":{"start":{"line":271,"column":2},"end":{"line":271,"column":3}},"loc":{"start":{"line":271,"column":35},"end":{"line":293,"column":3}},"line":271},"12":{"name":"(anonymous_12)","decl":{"start":{"line":298,"column":2},"end":{"line":298,"column":3}},"loc":{"start":{"line":298,"column":35},"end":{"line":310,"column":3}},"line":298},"13":{"name":"(anonymous_13)","decl":{"start":{"line":316,"column":2},"end":{"line":316,"column":3}},"loc":{"start":{"line":316,"column":35},"end":{"line":325,"column":3}},"line":316},"14":{"name":"(anonymous_14)","decl":{"start":{"line":330,"column":2},"end":{"line":330,"column":3}},"loc":{"start":{"line":330,"column":43},"end":{"line":350,"column":3}},"line":330},"15":{"name":"(anonymous_15)","decl":{"start":{"line":355,"column":2},"end":{"line":355,"column":3}},"loc":{"start":{"line":355,"column":34},"end":{"line":363,"column":3}},"line":355}},"branchMap":{"0":{"loc":{"start":{"line":31,"column":9},"end":{"line":31,"column":24}},"type":"binary-expr","locations":[{"start":{"line":31,"column":9},"end":{"line":31,"column":18}},{"start":{"line":31,"column":22},"end":{"line":31,"column":24}}],"line":31},"1":{"loc":{"start":{"line":65,"column":26},"end":{"line":65,"column":45}},"type":"binary-expr","locations":[{"start":{"line":65,"column":26},"end":{"line":65,"column":34}},{"start":{"line":65,"column":38},"end":{"line":65,"column":45}}],"line":65},"2":{"loc":{"start":{"line":89,"column":9},"end":{"line":89,"column":33}},"type":"binary-expr","locations":[{"start":{"line":89,"column":9},"end":{"line":89,"column":27}},{"start":{"line":89,"column":31},"end":{"line":89,"column":33}}],"line":89},"3":{"loc":{"start":{"line":93,"column":6},"end":{"line":117,"column":7}},"type":"if","locations":[{"start":{"line":93,"column":6},"end":{"line":117,"column":7}},{"start":{},"end":{}}],"line":93},"4":{"loc":{"start":{"line":98,"column":12},"end":{"line":98,"column":47}},"type":"binary-expr","locations":[{"start":{"line":98,"column":12},"end":{"line":98,"column":30}},{"start":{"line":98,"column":34},"end":{"line":98,"column":47}}],"line":98},"5":{"loc":{"start":{"line":102,"column":24},"end":{"line":102,"column":65}},"type":"binary-expr","locations":[{"start":{"line":102,"column":24},"end":{"line":102,"column":48}},{"start":{"line":102,"column":52},"end":{"line":102,"column":65}}],"line":102},"6":{"loc":{"start":{"line":103,"column":23},"end":{"line":103,"column":62}},"type":"binary-expr","locations":[{"start":{"line":103,"column":23},"end":{"line":103,"column":46}},{"start":{"line":103,"column":50},"end":{"line":103,"column":62}}],"line":103},"7":{"loc":{"start":{"line":110,"column":26},"end":{"line":110,"column":52}},"type":"binary-expr","locations":[{"start":{"line":110,"column":26},"end":{"line":110,"column":44}},{"start":{"line":110,"column":48},"end":{"line":110,"column":52}}],"line":110},"8":{"loc":{"start":{"line":113,"column":12},"end":{"line":113,"column":50}},"type":"binary-expr","locations":[{"start":{"line":113,"column":12},"end":{"line":113,"column":18}},{"start":{"line":113,"column":22},"end":{"line":113,"column":50}}],"line":113},"9":{"loc":{"start":{"line":137,"column":8},"end":{"line":137,"column":46}},"type":"binary-expr","locations":[{"start":{"line":137,"column":8},"end":{"line":137,"column":14}},{"start":{"line":137,"column":18},"end":{"line":137,"column":46}}],"line":137},"10":{"loc":{"start":{"line":142,"column":90},"end":{"line":142,"column":105}},"type":"binary-expr","locations":[{"start":{"line":142,"column":90},"end":{"line":142,"column":99}},{"start":{"line":142,"column":103},"end":{"line":142,"column":105}}],"line":142},"11":{"loc":{"start":{"line":195,"column":19},"end":{"line":195,"column":48}},"type":"binary-expr","locations":[{"start":{"line":195,"column":19},"end":{"line":195,"column":43}},{"start":{"line":195,"column":47},"end":{"line":195,"column":48}}],"line":195},"12":{"loc":{"start":{"line":196,"column":20},"end":{"line":196,"column":51}},"type":"binary-expr","locations":[{"start":{"line":196,"column":20},"end":{"line":196,"column":45}},{"start":{"line":196,"column":49},"end":{"line":196,"column":51}}],"line":196},"13":{"loc":{"start":{"line":202,"column":6},"end":{"line":202,"column":40}},"type":"if","locations":[{"start":{"line":202,"column":6},"end":{"line":202,"column":40}},{"start":{},"end":{}}],"line":202},"14":{"loc":{"start":{"line":203,"column":6},"end":{"line":203,"column":46}},"type":"if","locations":[{"start":{"line":203,"column":6},"end":{"line":203,"column":46}},{"start":{},"end":{}}],"line":203},"15":{"loc":{"start":{"line":204,"column":6},"end":{"line":210,"column":7}},"type":"if","locations":[{"start":{"line":204,"column":6},"end":{"line":210,"column":7}},{"start":{},"end":{}}],"line":204},"16":{"loc":{"start":{"line":277,"column":26},"end":{"line":277,"column":57}},"type":"binary-expr","locations":[{"start":{"line":277,"column":26},"end":{"line":277,"column":52}},{"start":{"line":277,"column":56},"end":{"line":277,"column":57}}],"line":277},"17":{"loc":{"start":{"line":341,"column":22},"end":{"line":341,"column":55}},"type":"binary-expr","locations":[{"start":{"line":341,"column":22},"end":{"line":341,"column":34}},{"start":{"line":341,"column":38},"end":{"line":341,"column":55}}],"line":341}},"s":{"0":2,"1":2,"2":2,"3":2,"4":2,"5":2,"6":2,"7":2,"8":0,"9":0,"10":0,"11":0,"12":0,"13":0,"14":0,"15":0,"16":0,"17":0,"18":0,"19":0,"20":0,"21":0,"22":0,"23":0,"24":0,"25":0,"26":0,"27":0,"28":0,"29":0,"30":0,"31":0,"32":0,"33":0,"34":0,"35":0,"36":0,"37":0,"38":0,"39":0,"40":0,"41":0,"42":0,"43":0,"44":0,"45":0,"46":0,"47":0,"48":0,"49":0,"50":0,"51":0,"52":0,"53":0,"54":0,"55":0,"56":0,"57":0,"58":0,"59":0,"60":0,"61":0,"62":0,"63":0,"64":0,"65":0,"66":0,"67":0,"68":0,"69":0,"70":0,"71":0,"72":0,"73":0,"74":0,"75":0,"76":0,"77":0,"78":0,"79":0,"80":0,"81":0,"82":0,"83":0,"84":0,"85":0,"86":0,"87":0,"88":0,"89":0,"90":0,"91":0,"92":0,"93":0,"94":0,"95":0,"96":0,"97":0,"98":2},"f":{"0":0,"1":0,"2":0,"3":0,"4":0,"5":0,"6":0,"7":0,"8":0,"9":0,"10":0,"11":0,"12":0,"13":0,"14":0,"15":0},"b":{"0":[0,0],"1":[0,0],"2":[0,0],"3":[0,0],"4":[0,0],"5":[0,0],"6":[0,0],"7":[0,0],"8":[0,0],"9":[0,0],"10":[0,0],"11":[0,0],"12":[0,0],"13":[0,0],"14":[0,0],"15":[0,0],"16":[0,0],"17":[0,0]},"_coverageSchema":"1a1c01bbd47fc00a2c39e90264f33305004495a9","hash":"098aab1227beab772f2fd04a3b89f60cc3a38884"}
,"C:\\Users\\varun\\civilcopz\\backend\\controllers\\companyController.js": {"path":"C:\\Users\\varun\\civilcopz\\backend\\controllers\\companyController.js","statementMap":{"0":{"start":{"line":1,"column":18},"end":{"line":1,"column":56}},"1":{"start":{"line":3,"column":18},"end":{"line":3,"column":49}},"2":{"start":{"line":3,"column":24},"end":{"line":3,"column":49}},"3":{"start":{"line":6,"column":2},"end":{"line":45,"column":3}},"4":{"start":{"line":7,"column":45},"end":{"line":7,"column":54}},"5":{"start":{"line":9,"column":18},"end":{"line":9,"column":20}},"6":{"start":{"line":10,"column":4},"end":{"line":10,"column":44}},"7":{"start":{"line":10,"column":18},"end":{"line":10,"column":44}},"8":{"start":{"line":11,"column":4},"end":{"line":11,"column":71}},"9":{"start":{"line":11,"column":16},"end":{"line":11,"column":71}},"10":{"start":{"line":13,"column":22},"end":{"line":22,"column":6}},"11":{"start":{"line":25,"column":22},"end":{"line":34,"column":7}},"12":{"start":{"line":25,"column":42},"end":{"line":34,"column":5}},"13":{"start":{"line":36,"column":4},"end":{"line":41,"column":7}},"14":{"start":{"line":43,"column":4},"end":{"line":43,"column":54}},"15":{"start":{"line":44,"column":4},"end":{"line":44,"column":94}},"16":{"start":{"line":49,"column":2},"end":{"line":69,"column":3}},"17":{"start":{"line":50,"column":25},"end":{"line":53,"column":6}},"18":{"start":{"line":55,"column":34},"end":{"line":55,"column":67}},"19":{"start":{"line":56,"column":28},"end":{"line":56,"column":58}},"20":{"start":{"line":58,"column":4},"end":{"line":65,"column":7}},"21":{"start":{"line":63,"column":45},"end":{"line":63,"column":82}},"22":{"start":{"line":67,"column":4},"end":{"line":67,"column":50}},"23":{"start":{"line":68,"column":4},"end":{"line":68,"column":89}},"24":{"start":{"line":72,"column":0},"end":{"line":75,"column":2}}},"fnMap":{"0":{"name":"(anonymous_0)","decl":{"start":{"line":3,"column":18},"end":{"line":3,"column":19}},"loc":{"start":{"line":3,"column":24},"end":{"line":3,"column":49}},"line":3},"1":{"name":"getCompanyCatalogue","decl":{"start":{"line":5,"column":15},"end":{"line":5,"column":34}},"loc":{"start":{"line":5,"column":45},"end":{"line":46,"column":1}},"line":5},"2":{"name":"(anonymous_2)","decl":{"start":{"line":25,"column":36},"end":{"line":25,"column":37}},"loc":{"start":{"line":25,"column":42},"end":{"line":34,"column":5}},"line":25},"3":{"name":"getCompanyStatsSummary","decl":{"start":{"line":48,"column":15},"end":{"line":48,"column":37}},"loc":{"start":{"line":48,"column":48},"end":{"line":70,"column":1}},"line":48},"4":{"name":"(anonymous_4)","decl":{"start":{"line":63,"column":39},"end":{"line":63,"column":40}},"loc":{"start":{"line":63,"column":45},"end":{"line":63,"column":82}},"line":63}},"branchMap":{"0":{"loc":{"start":{"line":7,"column":30},"end":{"line":7,"column":40}},"type":"default-arg","locations":[{"start":{"line":7,"column":38},"end":{"line":7,"column":40}}],"line":7},"1":{"loc":{"start":{"line":10,"column":4},"end":{"line":10,"column":44}},"type":"if","locations":[{"start":{"line":10,"column":4},"end":{"line":10,"column":44}},{"start":{},"end":{}}],"line":10},"2":{"loc":{"start":{"line":11,"column":4},"end":{"line":11,"column":71}},"type":"if","locations":[{"start":{"line":11,"column":4},"end":{"line":11,"column":71}},{"start":{},"end":{}}],"line":11},"3":{"loc":{"start":{"line":31,"column":19},"end":{"line":31,"column":114}},"type":"cond-expr","locations":[{"start":{"line":31,"column":39},"end":{"line":31,"column":58}},{"start":{"line":31,"column":62},"end":{"line":31,"column":113}}],"line":31},"4":{"loc":{"start":{"line":31,"column":62},"end":{"line":31,"column":113}},"type":"cond-expr","locations":[{"start":{"line":31,"column":81},"end":{"line":31,"column":101}},{"start":{"line":31,"column":104},"end":{"line":31,"column":113}}],"line":31}},"s":{"0":2,"1":2,"2":0,"3":0,"4":0,"5":0,"6":0,"7":0,"8":0,"9":0,"10":0,"11":0,"12":0,"13":0,"14":0,"15":0,"16":0,"17":0,"18":0,"19":0,"20":0,"21":0,"22":0,"23":0,"24":2},"f":{"0":0,"1":0,"2":0,"3":0,"4":0},"b":{"0":[0],"1":[0,0],"2":[0,0],"3":[0,0],"4":[0,0]},"_coverageSchema":"1a1c01bbd47fc00a2c39e90264f33305004495a9","hash":"d100b1e0938e0318cb4c7f4a16a53d25816e2437"}
,"C:\\Users\\varun\\civilcopz\\backend\\controllers\\userController.js": {"path":"C:\\Users\\varun\\civilcopz\\backend\\controllers\\userController.js","statementMap":{"0":{"start":{"line":1,"column":18},"end":{"line":1,"column":56}},"1":{"start":{"line":3,"column":18},"end":{"line":3,"column":50}},"2":{"start":{"line":3,"column":24},"end":{"line":3,"column":50}},"3":{"start":{"line":4,"column":15},"end":{"line":4,"column":34}},"4":{"start":{"line":5,"column":12},"end":{"line":5,"column":35}},"5":{"start":{"line":7,"column":19},"end":{"line":7,"column":63}},"6":{"start":{"line":8,"column":21},"end":{"line":8,"column":51}},"7":{"start":{"line":11,"column":36},"end":{"line":11,"column":44}},"8":{"start":{"line":13,"column":2},"end":{"line":37,"column":3}},"9":{"start":{"line":14,"column":21},"end":{"line":14,"column":76}},"10":{"start":{"line":15,"column":4},"end":{"line":17,"column":5}},"11":{"start":{"line":16,"column":6},"end":{"line":16,"column":69}},"12":{"start":{"line":19,"column":19},"end":{"line":19,"column":50}},"13":{"start":{"line":20,"column":17},"end":{"line":26,"column":6}},"14":{"start":{"line":28,"column":4},"end":{"line":33,"column":7}},"15":{"start":{"line":35,"column":4},"end":{"line":35,"column":43}},"16":{"start":{"line":36,"column":4},"end":{"line":36,"column":70}},"17":{"start":{"line":41,"column":30},"end":{"line":41,"column":38}},"18":{"start":{"line":43,"column":2},"end":{"line":78,"column":3}},"19":{"start":{"line":44,"column":17},"end":{"line":44,"column":72}},"20":{"start":{"line":45,"column":4},"end":{"line":48,"column":5}},"21":{"start":{"line":46,"column":6},"end":{"line":46,"column":90}},"22":{"start":{"line":47,"column":6},"end":{"line":47,"column":68}},"23":{"start":{"line":50,"column":18},"end":{"line":50,"column":63}},"24":{"start":{"line":51,"column":4},"end":{"line":54,"column":5}},"25":{"start":{"line":52,"column":6},"end":{"line":52,"column":81}},"26":{"start":{"line":53,"column":6},"end":{"line":53,"column":68}},"27":{"start":{"line":56,"column":18},"end":{"line":64,"column":5}},"28":{"start":{"line":66,"column":4},"end":{"line":74,"column":7}},"29":{"start":{"line":76,"column":4},"end":{"line":76,"column":40}},"30":{"start":{"line":77,"column":4},"end":{"line":77,"column":62}},"31":{"start":{"line":81,"column":0},"end":{"line":84,"column":2}}},"fnMap":{"0":{"name":"(anonymous_0)","decl":{"start":{"line":3,"column":18},"end":{"line":3,"column":19}},"loc":{"start":{"line":3,"column":24},"end":{"line":3,"column":50}},"line":3},"1":{"name":"register","decl":{"start":{"line":10,"column":15},"end":{"line":10,"column":23}},"loc":{"start":{"line":10,"column":34},"end":{"line":38,"column":1}},"line":10},"2":{"name":"login","decl":{"start":{"line":40,"column":15},"end":{"line":40,"column":20}},"loc":{"start":{"line":40,"column":31},"end":{"line":79,"column":1}},"line":40}},"branchMap":{"0":{"loc":{"start":{"line":7,"column":19},"end":{"line":7,"column":63}},"type":"binary-expr","locations":[{"start":{"line":7,"column":19},"end":{"line":7,"column":41}},{"start":{"line":7,"column":45},"end":{"line":7,"column":63}}],"line":7},"1":{"loc":{"start":{"line":8,"column":21},"end":{"line":8,"column":51}},"type":"binary-expr","locations":[{"start":{"line":8,"column":21},"end":{"line":8,"column":43}},{"start":{"line":8,"column":47},"end":{"line":8,"column":51}}],"line":8},"2":{"loc":{"start":{"line":15,"column":4},"end":{"line":17,"column":5}},"type":"if","locations":[{"start":{"line":15,"column":4},"end":{"line":17,"column":5}},{"start":{},"end":{}}],"line":15},"3":{"loc":{"start":{"line":24,"column":14},"end":{"line":24,"column":32}},"type":"binary-expr","locations":[{"start":{"line":24,"column":14},"end":{"line":24,"column":18}},{"start":{"line":24,"column":22},"end":{"line":24,"column":32}}],"line":24},"4":{"loc":{"start":{"line":45,"column":4},"end":{"line":48,"column":5}},"type":"if","locations":[{"start":{"line":45,"column":4},"end":{"line":48,"column":5}},{"start":{},"end":{}}],"line":45},"5":{"loc":{"start":{"line":51,"column":4},"end":{"line":54,"column":5}},"type":"if","locations":[{"start":{"line":51,"column":4},"end":{"line":54,"column":5}},{"start":{},"end":{}}],"line":51}},"s":{"0":2,"1":2,"2":0,"3":2,"4":2,"5":2,"6":2,"7":0,"8":0,"9":0,"10":0,"11":0,"12":0,"13":0,"14":0,"15":0,"16":0,"17":0,"18":0,"19":0,"20":0,"21":0,"22":0,"23":0,"24":0,"25":0,"26":0,"27":0,"28":0,"29":0,"30":0,"31":2},"f":{"0":0,"1":0,"2":0},"b":{"0":[2,0],"1":[2,2],"2":[0,0],"3":[0,0],"4":[0,0],"5":[0,0]},"_coverageSchema":"1a1c01bbd47fc00a2c39e90264f33305004495a9","hash":"3f88b86de653bc4a5846340b01e64291a2e1ac2f"}
,"C:\\Users\\varun\\civilcopz\\backend\\middleware\\audit.js": {"path":"C:\\Users\\varun\\civilcopz\\backend\\middleware\\audit.js","statementMap":{"0":{"start":{"line":1,"column":27},"end":{"line":1,"column":68}},"1":{"start":{"line":2,"column":24},"end":{"line":2,"column":69}},"2":{"start":{"line":4,"column":0},"end":{"line":82,"column":2}},"3":{"start":{"line":5,"column":2},"end":{"line":81,"column":4}},"4":{"start":{"line":7,"column":25},"end":{"line":7,"column":33}},"5":{"start":{"line":8,"column":25},"end":{"line":8,"column":33}},"6":{"start":{"line":11,"column":23},"end":{"line":11,"column":27}},"7":{"start":{"line":12,"column":21},"end":{"line":12,"column":25}},"8":{"start":{"line":15,"column":4},"end":{"line":18,"column":6}},"9":{"start":{"line":16,"column":6},"end":{"line":16,"column":26}},"10":{"start":{"line":17,"column":6},"end":{"line":17,"column":43}},"11":{"start":{"line":20,"column":4},"end":{"line":23,"column":6}},"12":{"start":{"line":21,"column":6},"end":{"line":21,"column":26}},"13":{"start":{"line":22,"column":6},"end":{"line":22,"column":43}},"14":{"start":{"line":26,"column":4},"end":{"line":78,"column":7}},"15":{"start":{"line":27,"column":6},"end":{"line":27,"column":34}},"16":{"start":{"line":29,"column":6},"end":{"line":77,"column":7}},"17":{"start":{"line":30,"column":23},"end":{"line":30,"column":50}},"18":{"start":{"line":31,"column":25},"end":{"line":31,"column":52}},"19":{"start":{"line":32,"column":27},"end":{"line":32,"column":70}},"20":{"start":{"line":35,"column":8},"end":{"line":54,"column":10}},"21":{"start":{"line":57,"column":8},"end":{"line":73,"column":11}},"22":{"start":{"line":75,"column":8},"end":{"line":75,"column":54}},"23":{"start":{"line":80,"column":4},"end":{"line":80,"column":11}}},"fnMap":{"0":{"name":"audit","decl":{"start":{"line":4,"column":26},"end":{"line":4,"column":31}},"loc":{"start":{"line":4,"column":40},"end":{"line":82,"column":1}},"line":4},"1":{"name":"(anonymous_1)","decl":{"start":{"line":5,"column":9},"end":{"line":5,"column":10}},"loc":{"start":{"line":5,"column":35},"end":{"line":81,"column":3}},"line":5},"2":{"name":"(anonymous_2)","decl":{"start":{"line":15,"column":15},"end":{"line":15,"column":16}},"loc":{"start":{"line":15,"column":30},"end":{"line":18,"column":5}},"line":15},"3":{"name":"(anonymous_3)","decl":{"start":{"line":20,"column":15},"end":{"line":20,"column":16}},"loc":{"start":{"line":20,"column":30},"end":{"line":23,"column":5}},"line":20},"4":{"name":"(anonymous_4)","decl":{"start":{"line":26,"column":21},"end":{"line":26,"column":22}},"loc":{"start":{"line":26,"column":33},"end":{"line":78,"column":5}},"line":26}},"branchMap":{"0":{"loc":{"start":{"line":30,"column":23},"end":{"line":30,"column":50}},"type":"binary-expr","locations":[{"start":{"line":30,"column":23},"end":{"line":30,"column":35}},{"start":{"line":30,"column":39},"end":{"line":30,"column":50}}],"line":30},"1":{"loc":{"start":{"line":31,"column":25},"end":{"line":31,"column":52}},"type":"binary-expr","locations":[{"start":{"line":31,"column":25},"end":{"line":31,"column":39}},{"start":{"line":31,"column":43},"end":{"line":31,"column":52}}],"line":31},"2":{"loc":{"start":{"line":32,"column":27},"end":{"line":32,"column":70}},"type":"binary-expr","locations":[{"start":{"line":32,"column":27},"end":{"line":32,"column":41}},{"start":{"line":32,"column":45},"end":{"line":32,"column":57}},{"start":{"line":32,"column":61},"end":{"line":32,"column":70}}],"line":32},"3":{"loc":{"start":{"line":44,"column":25},"end":{"line":44,"column":114}},"type":"cond-expr","locations":[{"start":{"line":44,"column":48},"end":{"line":44,"column":107}},{"start":{"line":44,"column":110},"end":{"line":44,"column":114}}],"line":44},"4":{"loc":{"start":{"line":46,"column":26},"end":{"line":46,"column":92}},"type":"cond-expr","locations":[{"start":{"line":46,"column":41},"end":{"line":46,"column":88}},{"start":{"line":46,"column":91},"end":{"line":46,"column":92}}],"line":46},"5":{"loc":{"start":{"line":47,"column":36},"end":{"line":47,"column":63}},"type":"binary-expr","locations":[{"start":{"line":47,"column":36},"end":{"line":47,"column":49}},{"start":{"line":47,"column":53},"end":{"line":47,"column":63}}],"line":47},"6":{"loc":{"start":{"line":51,"column":10},"end":{"line":51,"column":48}},"type":"binary-expr","locations":[{"start":{"line":51,"column":10},"end":{"line":51,"column":16}},{"start":{"line":51,"column":20},"end":{"line":51,"column":48}}],"line":51},"7":{"loc":{"start":{"line":53,"column":10},"end":{"line":53,"column":39}},"type":"binary-expr","locations":[{"start":{"line":53,"column":10},"end":{"line":53,"column":23}},{"start":{"line":53,"column":27},"end":{"line":53,"column":39}}],"line":53},"8":{"loc":{"start":{"line":66,"column":25},"end":{"line":66,"column":114}},"type":"cond-expr","locations":[{"start":{"line":66,"column":48},"end":{"line":66,"column":107}},{"start":{"line":66,"column":110},"end":{"line":66,"column":114}}],"line":66},"9":{"loc":{"start":{"line":68,"column":26},"end":{"line":68,"column":92}},"type":"cond-expr","locations":[{"start":{"line":68,"column":41},"end":{"line":68,"column":88}},{"start":{"line":68,"column":91},"end":{"line":68,"column":92}}],"line":68},"10":{"loc":{"start":{"line":70,"column":21},"end":{"line":70,"column":59}},"type":"binary-expr","locations":[{"start":{"line":70,"column":21},"end":{"line":70,"column":27}},{"start":{"line":70,"column":31},"end":{"line":70,"column":59}}],"line":70},"11":{"loc":{"start":{"line":72,"column":21},"end":{"line":72,"column":50}},"type":"binary-expr","locations":[{"start":{"line":72,"column":21},"end":{"line":72,"column":34}},{"start":{"line":72,"column":38},"end":{"line":72,"column":50}}],"line":72}},"s":{"0":2,"1":2,"2":2,"3":30,"4":0,"5":0,"6":0,"7":0,"8":0,"9":0,"10":0,"11":0,"12":0,"13":0,"14":0,"15":0,"16":0,"17":0,"18":0,"19":0,"20":0,"21":0,"22":0,"23":0},"f":{"0":30,"1":0,"2":0,"3":0,"4":0},"b":{"0":[0,0],"1":[0,0],"2":[0,0,0],"3":[0,0],"4":[0,0],"5":[0,0],"6":[0,0],"7":[0,0],"8":[0,0],"9":[0,0],"10":[0,0],"11":[0,0]},"_coverageSchema":"1a1c01bbd47fc00a2c39e90264f33305004495a9","hash":"20b7995b4d612f7156a7c7077289f11f64afbe69"}
,"C:\\Users\\varun\\civilcopz\\backend\\middleware\\auth.js": {"path":"C:\\Users\\varun\\civilcopz\\backend\\middleware\\auth.js","statementMap":{"0":{"start":{"line":1,"column":12},"end":{"line":1,"column":35}},"1":{"start":{"line":2,"column":15},"end":{"line":2,"column":59}},"2":{"start":{"line":6,"column":2},"end":{"line":9,"column":3}},"3":{"start":{"line":7,"column":4},"end":{"line":7,"column":83}},"4":{"start":{"line":8,"column":4},"end":{"line":8,"column":18}},"5":{"start":{"line":11,"column":21},"end":{"line":11,"column":46}},"6":{"start":{"line":12,"column":2},"end":{"line":14,"column":3}},"7":{"start":{"line":13,"column":4},"end":{"line":13,"column":75}},"8":{"start":{"line":16,"column":16},"end":{"line":16,"column":40}},"9":{"start":{"line":17,"column":2},"end":{"line":24,"column":3}},"10":{"start":{"line":18,"column":20},"end":{"line":18,"column":45}},"11":{"start":{"line":19,"column":4},"end":{"line":19,"column":23}},"12":{"start":{"line":20,"column":4},"end":{"line":20,"column":11}},"13":{"start":{"line":22,"column":4},"end":{"line":22,"column":38}},"14":{"start":{"line":23,"column":4},"end":{"line":23,"column":71}},"15":{"start":{"line":28,"column":2},"end":{"line":38,"column":4}},"16":{"start":{"line":29,"column":4},"end":{"line":31,"column":5}},"17":{"start":{"line":30,"column":6},"end":{"line":30,"column":72}},"18":{"start":{"line":33,"column":4},"end":{"line":35,"column":5}},"19":{"start":{"line":34,"column":6},"end":{"line":34,"column":73}},"20":{"start":{"line":37,"column":4},"end":{"line":37,"column":11}},"21":{"start":{"line":41,"column":0},"end":{"line":44,"column":2}}},"fnMap":{"0":{"name":"verifyToken","decl":{"start":{"line":4,"column":9},"end":{"line":4,"column":20}},"loc":{"start":{"line":4,"column":37},"end":{"line":25,"column":1}},"line":4},"1":{"name":"authorize","decl":{"start":{"line":27,"column":9},"end":{"line":27,"column":18}},"loc":{"start":{"line":27,"column":33},"end":{"line":39,"column":1}},"line":27},"2":{"name":"(anonymous_2)","decl":{"start":{"line":28,"column":9},"end":{"line":28,"column":10}},"loc":{"start":{"line":28,"column":29},"end":{"line":38,"column":3}},"line":28}},"branchMap":{"0":{"loc":{"start":{"line":2,"column":15},"end":{"line":2,"column":59}},"type":"binary-expr","locations":[{"start":{"line":2,"column":15},"end":{"line":2,"column":37}},{"start":{"line":2,"column":41},"end":{"line":2,"column":59}}],"line":2},"1":{"loc":{"start":{"line":6,"column":2},"end":{"line":9,"column":3}},"type":"if","locations":[{"start":{"line":6,"column":2},"end":{"line":9,"column":3}},{"start":{},"end":{}}],"line":6},"2":{"loc":{"start":{"line":12,"column":2},"end":{"line":14,"column":3}},"type":"if","locations":[{"start":{"line":12,"column":2},"end":{"line":14,"column":3}},{"start":{},"end":{}}],"line":12},"3":{"loc":{"start":{"line":12,"column":6},"end":{"line":12,"column":54}},"type":"binary-expr","locations":[{"start":{"line":12,"column":6},"end":{"line":12,"column":17}},{"start":{"line":12,"column":21},"end":{"line":12,"column":54}}],"line":12},"4":{"loc":{"start":{"line":29,"column":4},"end":{"line":31,"column":5}},"type":"if","locations":[{"start":{"line":29,"column":4},"end":{"line":31,"column":5}},{"start":{},"end":{}}],"line":29},"5":{"loc":{"start":{"line":33,"column":4},"end":{"line":35,"column":5}},"type":"if","locations":[{"start":{"line":33,"column":4},"end":{"line":35,"column":5}},{"start":{},"end":{}}],"line":33}},"s":{"0":2,"1":2,"2":1,"3":0,"4":0,"5":1,"6":1,"7":0,"8":1,"9":1,"10":1,"11":0,"12":0,"13":1,"14":1,"15":6,"16":0,"17":0,"18":0,"19":0,"20":0,"21":2},"f":{"0":1,"1":6,"2":0},"b":{"0":[2,0],"1":[0,1],"2":[0,1],"3":[1,1],"4":[0,0],"5":[0,0]},"_coverageSchema":"1a1c01bbd47fc00a2c39e90264f33305004495a9","hash":"fab4d269faa502e74c0dcf1df8e0a5b3f2d8fdbc"}
,"C:\\Users\\varun\\civilcopz\\backend\\middleware\\validation.js": {"path":"C:\\Users\\varun\\civilcopz\\backend\\middleware\\validation.js","statementMap":{"0":{"start":{"line":1,"column":14},"end":{"line":1,"column":28}},"1":{"start":{"line":4,"column":23},"end":{"line":8,"column":2}},"2":{"start":{"line":10,"column":20},"end":{"line":13,"column":2}},"3":{"start":{"line":16,"column":25},"end":{"line":39,"column":2}},"4":{"start":{"line":35,"column":51},"end":{"line":35,"column":63}},"5":{"start":{"line":41,"column":27},"end":{"line":49,"column":2}},"6":{"start":{"line":52,"column":25},"end":{"line":60,"column":2}},"7":{"start":{"line":56,"column":37},"end":{"line":56,"column":62}},"8":{"start":{"line":64,"column":2},"end":{"line":82,"column":4}},"9":{"start":{"line":65,"column":4},"end":{"line":81,"column":5}},"10":{"start":{"line":66,"column":28},"end":{"line":66,"column":50}},"11":{"start":{"line":67,"column":6},"end":{"line":67,"column":40}},"12":{"start":{"line":68,"column":6},"end":{"line":68,"column":13}},"13":{"start":{"line":70,"column":6},"end":{"line":79,"column":7}},"14":{"start":{"line":71,"column":23},"end":{"line":74,"column":11}},"15":{"start":{"line":71,"column":48},"end":{"line":74,"column":9}},"16":{"start":{"line":75,"column":8},"end":{"line":78,"column":11}},"17":{"start":{"line":80,"column":6},"end":{"line":80,"column":18}},"18":{"start":{"line":87,"column":2},"end":{"line":112,"column":4}},"19":{"start":{"line":88,"column":18},"end":{"line":88,"column":59}},"20":{"start":{"line":89,"column":4},"end":{"line":92,"column":5}},"21":{"start":{"line":91,"column":6},"end":{"line":91,"column":20}},"22":{"start":{"line":94,"column":4},"end":{"line":111,"column":5}},"23":{"start":{"line":95,"column":29},"end":{"line":95,"column":66}},"24":{"start":{"line":95,"column":47},"end":{"line":95,"column":65}},"25":{"start":{"line":96,"column":6},"end":{"line":96,"column":62}},"26":{"start":{"line":97,"column":6},"end":{"line":97,"column":42}},"27":{"start":{"line":98,"column":6},"end":{"line":98,"column":13}},"28":{"start":{"line":100,"column":6},"end":{"line":109,"column":7}},"29":{"start":{"line":101,"column":23},"end":{"line":104,"column":11}},"30":{"start":{"line":101,"column":48},"end":{"line":104,"column":9}},"31":{"start":{"line":105,"column":8},"end":{"line":108,"column":11}},"32":{"start":{"line":110,"column":6},"end":{"line":110,"column":18}},"33":{"start":{"line":115,"column":0},"end":{"line":123,"column":2}}},"fnMap":{"0":{"name":"(anonymous_0)","decl":{"start":{"line":35,"column":44},"end":{"line":35,"column":45}},"loc":{"start":{"line":35,"column":51},"end":{"line":35,"column":63}},"line":35},"1":{"name":"(anonymous_1)","decl":{"start":{"line":56,"column":30},"end":{"line":56,"column":31}},"loc":{"start":{"line":56,"column":37},"end":{"line":56,"column":62}},"line":56},"2":{"name":"validate","decl":{"start":{"line":63,"column":9},"end":{"line":63,"column":17}},"loc":{"start":{"line":63,"column":26},"end":{"line":83,"column":1}},"line":63},"3":{"name":"(anonymous_3)","decl":{"start":{"line":64,"column":9},"end":{"line":64,"column":10}},"loc":{"start":{"line":64,"column":29},"end":{"line":82,"column":3}},"line":64},"4":{"name":"(anonymous_4)","decl":{"start":{"line":71,"column":40},"end":{"line":71,"column":41}},"loc":{"start":{"line":71,"column":48},"end":{"line":74,"column":9}},"line":71},"5":{"name":"validateFile","decl":{"start":{"line":86,"column":9},"end":{"line":86,"column":21}},"loc":{"start":{"line":86,"column":30},"end":{"line":113,"column":1}},"line":86},"6":{"name":"(anonymous_6)","decl":{"start":{"line":87,"column":9},"end":{"line":87,"column":10}},"loc":{"start":{"line":87,"column":29},"end":{"line":112,"column":3}},"line":87},"7":{"name":"(anonymous_7)","decl":{"start":{"line":95,"column":39},"end":{"line":95,"column":40}},"loc":{"start":{"line":95,"column":47},"end":{"line":95,"column":65}},"line":95},"8":{"name":"(anonymous_8)","decl":{"start":{"line":101,"column":40},"end":{"line":101,"column":41}},"loc":{"start":{"line":101,"column":48},"end":{"line":104,"column":9}},"line":101}},"branchMap":{"0":{"loc":{"start":{"line":70,"column":6},"end":{"line":79,"column":7}},"type":"if","locations":[{"start":{"line":70,"column":6},"end":{"line":79,"column":7}},{"start":{},"end":{}}],"line":70},"1":{"loc":{"start":{"line":88,"column":18},"end":{"line":88,"column":59}},"type":"binary-expr","locations":[{"start":{"line":88,"column":18},"end":{"line":88,"column":27}},{"start":{"line":88,"column":32},"end":{"line":88,"column":58}}],"line":88},"2":{"loc":{"start":{"line":88,"column":32},"end":{"line":88,"column":58}},"type":"cond-expr","locations":[{"start":{"line":88,"column":43},"end":{"line":88,"column":53}},{"start":{"line":88,"column":56},"end":{"line":88,"column":58}}],"line":88},"3":{"loc":{"start":{"line":89,"column":4},"end":{"line":92,"column":5}},"type":"if","locations":[{"start":{"line":89,"column":4},"end":{"line":92,"column":5}},{"start":{},"end":{}}],"line":89},"4":{"loc":{"start":{"line":96,"column":26},"end":{"line":96,"column":61}},"type":"cond-expr","locations":[{"start":{"line":96,"column":37},"end":{"line":96,"column":54}},{"start":{"line":96,"column":57},"end":{"line":96,"column":61}}],"line":96},"5":{"loc":{"start":{"line":100,"column":6},"end":{"line":109,"column":7}},"type":"if","locations":[{"start":{"line":100,"column":6},"end":{"line":109,"column":7}},{"start":{},"end":{}}],"line":100}},"s":{"0":3,"1":3,"2":3,"3":3,"4":4,"5":3,"6":3,"7":3,"8":6,"9":0,"10":0,"11":0,"12":0,"13":0,"14":0,"15":0,"16":0,"17":0,"18":2,"19":0,"20":0,"21":0,"22":0,"23":0,"24":0,"25":0,"26":0,"27":0,"28":0,"29":0,"30":0,"31":0,"32":0,"33":3},"f":{"0":4,"1":3,"2":6,"3":0,"4":0,"5":2,"6":0,"7":0,"8":0},"b":{"0":[0,0],"1":[0,0],"2":[0,0],"3":[0,0],"4":[0,0],"5":[0,0]},"_coverageSchema":"1a1c01bbd47fc00a2c39e90264f33305004495a9","hash":"30643bd0a7fcf93fe86211d45c90d25b59783154"}
,"C:\\Users\\varun\\civilcopz\\backend\\queue\\aiQueue.js": {"path":"C:\\Users\\varun\\civilcopz\\backend\\queue\\aiQueue.js","statementMap":{"0":{"start":{"line":1,"column":18},"end":{"line":1,"column":35}},"1":{"start":{"line":4,"column":19},"end":{"line":10,"column":1}},"2":{"start":{"line":13,"column":16},"end":{"line":24,"column":2}},"3":{"start":{"line":27,"column":0},"end":{"line":31,"column":2}},"4":{"start":{"line":28,"column":2},"end":{"line":30,"column":5}},"5":{"start":{"line":33,"column":0},"end":{"line":33,"column":25}}},"fnMap":{"0":{"name":"(anonymous_0)","decl":{"start":{"line":27,"column":17},"end":{"line":27,"column":18}},"loc":{"start":{"line":27,"column":39},"end":{"line":31,"column":1}},"line":27}},"branchMap":{"0":{"loc":{"start":{"line":5,"column":8},"end":{"line":5,"column":45}},"type":"binary-expr","locations":[{"start":{"line":5,"column":8},"end":{"line":5,"column":30}},{"start":{"line":5,"column":34},"end":{"line":5,"column":45}}],"line":5},"1":{"loc":{"start":{"line":6,"column":8},"end":{"line":6,"column":38}},"type":"binary-expr","locations":[{"start":{"line":6,"column":8},"end":{"line":6,"column":30}},{"start":{"line":6,"column":34},"end":{"line":6,"column":38}}],"line":6},"2":{"loc":{"start":{"line":7,"column":12},"end":{"line":7,"column":51}},"type":"binary-expr","locations":[{"start":{"line":7,"column":12},"end":{"line":7,"column":38}},{"start":{"line":7,"column":42},"end":{"line":7,"column":51}}],"line":7},"3":{"loc":{"start":{"line":29,"column":14},"end":{"line":29,"column":55}},"type":"cond-expr","locations":[{"start":{"line":29,"column":49},"end":{"line":29,"column":51}},{"start":{"line":29,"column":54},"end":{"line":29,"column":55}}],"line":29}},"s":{"0":2,"1":2,"2":2,"3":2,"4":0,"5":2},"f":{"0":0},"b":{"0":[2,0],"1":[2,0],"2":[2,2],"3":[0,0]},"_coverageSchema":"1a1c01bbd47fc00a2c39e90264f33305004495a9","hash":"f9a4b7ea9e7bfcb7a11d28ddc91118089d0eddf4"}
,"C:\\Users\\varun\\civilcopz\\backend\\routes\\ads.js": {"path":"C:\\Users\\varun\\civilcopz\\backend\\routes\\ads.js","statementMap":{"0":{"start":{"line":1,"column":16},"end":{"line":1,"column":34}},"1":{"start":{"line":2,"column":15},"end":{"line":2,"column":31}},"2":{"start":{"line":3,"column":21},"end":{"line":3,"column":59}},"3":{"start":{"line":4,"column":24},"end":{"line":4,"column":53}},"4":{"start":{"line":5,"column":14},"end":{"line":5,"column":44}},"5":{"start":{"line":8,"column":0},"end":{"line":8,"column":98}},"6":{"start":{"line":9,"column":0},"end":{"line":9,"column":77}},"7":{"start":{"line":11,"column":0},"end":{"line":11,"column":24}}},"fnMap":{},"branchMap":{},"s":{"0":2,"1":2,"2":2,"3":2,"4":2,"5":2,"6":2,"7":2},"f":{},"b":{},"_coverageSchema":"1a1c01bbd47fc00a2c39e90264f33305004495a9","hash":"3b81ffeed779875a077669dd978f08243e5c2caf"}
,"C:\\Users\\varun\\civilcopz\\backend\\routes\\cases.js": {"path":"C:\\Users\\varun\\civilcopz\\backend\\routes\\cases.js","statementMap":{"0":{"start":{"line":1,"column":16},"end":{"line":1,"column":34}},"1":{"start":{"line":2,"column":15},"end":{"line":2,"column":31}},"2":{"start":{"line":3,"column":23},"end":{"line":3,"column":63}},"3":{"start":{"line":4,"column":26},"end":{"line":4,"column":69}},"4":{"start":{"line":5,"column":24},"end":{"line":5,"column":53}},"5":{"start":{"line":6,"column":71},"end":{"line":6,"column":106}},"6":{"start":{"line":7,"column":14},"end":{"line":7,"column":44}},"7":{"start":{"line":8,"column":15},"end":{"line":8,"column":32}},"8":{"start":{"line":9,"column":13},"end":{"line":9,"column":28}},"9":{"start":{"line":10,"column":15},"end":{"line":10,"column":32}},"10":{"start":{"line":13,"column":16},"end":{"line":23,"column":2}},"11":{"start":{"line":15,"column":4},"end":{"line":15,"column":49}},"12":{"start":{"line":19,"column":17},"end":{"line":19,"column":104}},"13":{"start":{"line":20,"column":16},"end":{"line":20,"column":61}},"14":{"start":{"line":21,"column":4},"end":{"line":21,"column":35}},"15":{"start":{"line":25,"column":19},"end":{"line":38,"column":1}},"16":{"start":{"line":27,"column":23},"end":{"line":27,"column":42}},"17":{"start":{"line":28,"column":28},"end":{"line":28,"column":36}},"18":{"start":{"line":30,"column":20},"end":{"line":30,"column":56}},"19":{"start":{"line":31,"column":19},"end":{"line":31,"column":92}},"20":{"start":{"line":33,"column":2},"end":{"line":37,"column":3}},"21":{"start":{"line":34,"column":4},"end":{"line":34,"column":19}},"22":{"start":{"line":36,"column":4},"end":{"line":36,"column":88}},"23":{"start":{"line":40,"column":15},"end":{"line":47,"column":2}},"24":{"start":{"line":50,"column":0},"end":{"line":53,"column":3}},"25":{"start":{"line":51,"column":2},"end":{"line":51,"column":29}},"26":{"start":{"line":52,"column":2},"end":{"line":52,"column":9}},"27":{"start":{"line":56,"column":0},"end":{"line":56,"column":62}},"28":{"start":{"line":57,"column":0},"end":{"line":57,"column":87}},"29":{"start":{"line":58,"column":0},"end":{"line":58,"column":74}},"30":{"start":{"line":60,"column":0},"end":{"line":67,"column":2}},"31":{"start":{"line":69,"column":0},"end":{"line":73,"column":2}},"32":{"start":{"line":75,"column":0},"end":{"line":79,"column":2}},"33":{"start":{"line":82,"column":0},"end":{"line":82,"column":113}},"34":{"start":{"line":83,"column":0},"end":{"line":83,"column":111}},"35":{"start":{"line":84,"column":0},"end":{"line":84,"column":114}},"36":{"start":{"line":85,"column":0},"end":{"line":85,"column":114}},"37":{"start":{"line":86,"column":0},"end":{"line":86,"column":93}},"38":{"start":{"line":88,"column":0},"end":{"line":88,"column":24}}},"fnMap":{"0":{"name":"(anonymous_0)","decl":{"start":{"line":14,"column":15},"end":{"line":14,"column":16}},"loc":{"start":{"line":14,"column":34},"end":{"line":16,"column":3}},"line":14},"1":{"name":"(anonymous_1)","decl":{"start":{"line":17,"column":12},"end":{"line":17,"column":13}},"loc":{"start":{"line":17,"column":31},"end":{"line":22,"column":3}},"line":17},"2":{"name":"(anonymous_2)","decl":{"start":{"line":25,"column":19},"end":{"line":25,"column":20}},"loc":{"start":{"line":25,"column":38},"end":{"line":38,"column":1}},"line":25},"3":{"name":"(anonymous_3)","decl":{"start":{"line":50,"column":11},"end":{"line":50,"column":12}},"loc":{"start":{"line":50,"column":31},"end":{"line":53,"column":1}},"line":50}},"branchMap":{"0":{"loc":{"start":{"line":33,"column":2},"end":{"line":37,"column":3}},"type":"if","locations":[{"start":{"line":33,"column":2},"end":{"line":37,"column":3}},{"start":{"line":35,"column":9},"end":{"line":37,"column":3}}],"line":33},"1":{"loc":{"start":{"line":33,"column":6},"end":{"line":33,"column":27}},"type":"binary-expr","locations":[{"start":{"line":33,"column":6},"end":{"line":33,"column":15}},{"start":{"line":33,"column":19},"end":{"line":33,"column":27}}],"line":33}},"s":{"0":2,"1":2,"2":2,"3":2,"4":2,"5":2,"6":2,"7":2,"8":2,"9":2,"10":2,"11":0,"12":0,"13":0,"14":0,"15":2,"16":0,"17":0,"18":0,"19":0,"20":0,"21":0,"22":0,"23":2,"24":2,"25":1,"26":1,"27":2,"28":2,"29":2,"30":2,"31":2,"32":2,"33":2,"34":2,"35":2,"36":2,"37":2,"38":2},"f":{"0":0,"1":0,"2":0,"3":1},"b":{"0":[0,0],"1":[0,0]},"_coverageSchema":"1a1c01bbd47fc00a2c39e90264f33305004495a9","hash":"f5a6ad4f430a4da1d36f922100091785ebc780a9"}
[...]
94,"column":10},"end":{"line":296,"column":11}},"86":{"start":{"line":295,"column":12},"end":{"line":295,"column":25}},"87":{"start":{"line":299,"column":10},"end":{"line":316,"column":11}},"88":{"start":{"line":300,"column":31},"end":{"line":306,"column":13}},"89":{"start":{"line":308,"column":31},"end":{"line":310,"column":28}},"90":{"start":{"line":312,"column":35},"end":{"line":312,"column":106}},"91":{"start":{"line":313,"column":12},"end":{"line":315,"column":13}},"92":{"start":{"line":314,"column":14},"end":{"line":314,"column":27}},"93":{"start":{"line":320,"column":6},"end":{"line":320,"column":18}},"94":{"start":{"line":322,"column":6},"end":{"line":322,"column":59}},"95":{"start":{"line":323,"column":6},"end":{"line":323,"column":19}},"96":{"start":{"line":331,"column":21},"end":{"line":331,"column":68}},"97":{"start":{"line":334,"column":25},"end":{"line":337,"column":5}},"98":{"start":{"line":339,"column":19},"end":{"line":345,"column":5}},"99":{"start":{"line":348,"column":4},"end":{"line":372,"column":5}},"100":{"start":{"line":349,"column":6},"end":{"line":351,"column":7}},"101":{"start":{"line":350,"column":8},"end":{"line":350,"column":97}},"102":{"start":{"line":353,"column":30},"end":{"line":353,"column":82}},"103":{"start":{"line":353,"column":73},"end":{"line":353,"column":81}},"104":{"start":{"line":354,"column":6},"end":{"line":356,"column":7}},"105":{"start":{"line":355,"column":8},"end":{"line":355,"column":103}},"106":{"start":{"line":358,"column":6},"end":{"line":360,"column":7}},"107":{"start":{"line":359,"column":8},"end":{"line":359,"column":85}},"108":{"start":{"line":362,"column":6},"end":{"line":364,"column":7}},"109":{"start":{"line":363,"column":8},"end":{"line":363,"column":76}},"110":{"start":{"line":366,"column":30},"end":{"line":366,"column":81}},"111":{"start":{"line":366,"column":72},"end":{"line":366,"column":80}},"112":{"start":{"line":367,"column":6},"end":{"line":369,"column":7}},"113":{"start":{"line":368,"column":8},"end":{"line":368,"column":103}},"114":{"start":{"line":371,"column":6},"end":{"line":371,"column":105}},"115":{"start":{"line":374,"column":4},"end":{"line":374,"column":18}},"116":{"start":{"line":381,"column":22},"end":{"line":490,"column":1}},"117":{"start":{"line":492,"column":20},"end":{"line":492,"column":66}},"118":{"start":{"line":493,"column":4},"end":{"line":493,"column":62}},"119":{"start":{"line":494,"column":4},"end":{"line":494,"column":43}},"120":{"start":{"line":496,"column":4},"end":{"line":496,"column":19}},"121":{"start":{"line":500,"column":0},"end":{"line":500,"column":43}}},"fnMap":{"0":{"name":"(anonymous_0)","decl":{"start":{"line":14,"column":2},"end":{"line":14,"column":3}},"loc":{"start":{"line":14,"column":16},"end":{"line":16,"column":3}},"line":14},"1":{"name":"(anonymous_1)","decl":{"start":{"line":21,"column":2},"end":{"line":21,"column":3}},"loc":{"start":{"line":21,"column":45},"end":{"line":120,"column":3}},"line":21},"2":{"name":"(anonymous_2)","decl":{"start":{"line":48,"column":41},"end":{"line":48,"column":42}},"loc":{"start":{"line":48,"column":49},"end":{"line":53,"column":9}},"line":48},"3":{"name":"(anonymous_3)","decl":{"start":{"line":54,"column":53},"end":{"line":54,"column":54}},"loc":{"start":{"line":54,"column":64},"end":{"line":64,"column":9}},"line":54},"4":{"name":"(anonymous_4)","decl":{"start":{"line":65,"column":52},"end":{"line":65,"column":53}},"loc":{"start":{"line":65,"column":64},"end":{"line":74,"column":9}},"line":65},"5":{"name":"(anonymous_5)","decl":{"start":{"line":75,"column":56},"end":{"line":75,"column":57}},"loc":{"start":{"line":75,"column":64},"end":{"line":83,"column":9}},"line":75},"6":{"name":"(anonymous_6)","decl":{"start":{"line":125,"column":2},"end":{"line":125,"column":3}},"loc":{"start":{"line":125,"column":71},"end":{"line":220,"column":3}},"line":125},"7":{"name":"(anonymous_7)","decl":{"start":{"line":157,"column":50},"end":{"line":157,"column":51}},"loc":{"start":{"line":157,"column":55},"end":{"line":157,"column":75}},"line":157},"8":{"name":"(anonymous_8)","decl":{"start":{"line":206,"column":40},"end":{"line":206,"column":41}},"loc":{"start":{"line":206,"column":45},"end":{"line":206,"column":52}},"line":206},"9":{"name":"(anonymous_9)","decl":{"start":{"line":209,"column":39},"end":{"line":209,"column":40}},"loc":{"start":{"line":209,"column":44},"end":{"line":209,"column":51}},"line":209},"10":{"name":"(anonymous_10)","decl":{"start":{"line":225,"column":2},"end":{"line":225,"column":3}},"loc":{"start":{"line":225,"column":53},"end":{"line":270,"column":3}},"line":225},"11":{"name":"(anonymous_11)","decl":{"start":{"line":228,"column":52},"end":{"line":228,"column":53}},"loc":{"start":{"line":229,"column":8},"end":{"line":229,"column":53}},"line":229},"12":{"name":"(anonymous_12)","decl":{"start":{"line":275,"column":2},"end":{"line":275,"column":3}},"loc":{"start":{"line":275,"column":53},"end":{"line":325,"column":3}},"line":275},"13":{"name":"(anonymous_13)","decl":{"start":{"line":279,"column":29},"end":{"line":279,"column":30}},"loc":{"start":{"line":279,"column":39},"end":{"line":284,"column":7}},"line":279},"14":{"name":"(anonymous_14)","decl":{"start":{"line":288,"column":43},"end":{"line":288,"column":44}},"loc":{"start":{"line":289,"column":10},"end":{"line":289,"column":55}},"line":289},"15":{"name":"(anonymous_15)","decl":{"start":{"line":330,"column":2},"end":{"line":330,"column":3}},"loc":{"start":{"line":330,"column":43},"end":{"line":375,"column":3}},"line":330},"16":{"name":"(anonymous_16)","decl":{"start":{"line":353,"column":68},"end":{"line":353,"column":69}},"loc":{"start":{"line":353,"column":73},"end":{"line":353,"column":81}},"line":353},"17":{"name":"(anonymous_17)","decl":{"start":{"line":366,"column":67},"end":{"line":366,"column":68}},"loc":{"start":{"line":366,"column":72},"end":{"line":366,"column":80}},"line":366},"18":{"name":"(anonymous_18)","decl":{"start":{"line":380,"column":2},"end":{"line":380,"column":3}},"loc":{"start":{"line":380,"column":30},"end":{"line":497,"column":3}},"line":380}},"branchMap":{"0":{"loc":{"start":{"line":32,"column":4},"end":{"line":34,"column":5}},"type":"if","locations":[{"start":{"line":32,"column":4},"end":{"line":34,"column":5}},{"start":{},"end":{}}],"line":32},"1":{"loc":{"start":{"line":125,"column":51},"end":{"line":125,"column":69}},"type":"default-arg","locations":[{"start":{"line":125,"column":67},"end":{"line":125,"column":69}}],"line":125},"2":{"loc":{"start":{"line":146,"column":6},"end":{"line":149,"column":7}},"type":"if","locations":[{"start":{"line":146,"column":6},"end":{"line":149,"column":7}},{"start":{},"end":{}}],"line":146},"3":{"loc":{"start":{"line":158,"column":10},"end":{"line":170,"column":11}},"type":"if","locations":[{"start":{"line":158,"column":10},"end":{"line":170,"column":11}},{"start":{"line":160,"column":17},"end":{"line":170,"column":11}}],"line":158},"4":{"loc":{"start":{"line":167,"column":12},"end":{"line":169,"column":13}},"type":"if","locations":[{"start":{"line":167,"column":12},"end":{"line":169,"column":13}},{"start":{},"end":{}}],"line":167},"5":{"loc":{"start":{"line":196,"column":34},"end":{"line":196,"column":100}},"type":"binary-expr","locations":[{"start":{"line":196,"column":34},"end":{"line":196,"column":68}},{"start":{"line":196,"column":72},"end":{"line":196,"column":100}}],"line":196},"6":{"loc":{"start":{"line":197,"column":39},"end":{"line":197,"column":94}},"type":"binary-expr","locations":[{"start":{"line":197,"column":39},"end":{"line":197,"column":59}},{"start":{"line":197,"column":63},"end":{"line":197,"column":94}}],"line":197},"7":{"loc":{"start":{"line":199,"column":30},"end":{"line":199,"column":85}},"type":"binary-expr","locations":[{"start":{"line":199,"column":30},"end":{"line":199,"column":53}},{"start":{"line":199,"column":57},"end":{"line":199,"column":85}}],"line":199},"8":{"loc":{"start":{"line":205,"column":8},"end":{"line":209,"column":52}},"type":"binary-expr","locations":[{"start":{"line":205,"column":8},"end":{"line":205,"column":29}},{"start":{"line":206,"column":8},"end":{"line":206,"column":53}},{"start":{"line":207,"column":8},"end":{"line":207,"column":31}},{"start":{"line":208,"column":8},"end":{"line":208,"column":32}},{"start":{"line":209,"column":8},"end":{"line":209,"column":52}}],"line":205},"9":{"loc":{"start":{"line":252,"column":8},"end":{"line":254,"column":9}},"type":"if","locations":[{"start":{"line":252,"column":8},"end":{"line":254,"column":9}},{"start":{},"end":{}}],"line":252},"10":{"loc":{"start":{"line":252,"column":12},"end":{"line":252,"column":59}},"type":"binary-expr","locations":[{"start":{"line":252,"column":12},"end":{"line":252,"column":28}},{"start":{"line":252,"column":32},"end":{"line":252,"column":59}}],"line":252},"11":{"loc":{"start":{"line":257,"column":8},"end":{"line":262,"column":9}},"type":"if","locations":[{"start":{"line":257,"column":8},"end":{"line":262,"column":9}},{"start":{},"end":{}}],"line":257},"12":{"loc":{"start":{"line":259,"column":10},"end":{"line":261,"column":11}},"type":"if","locations":[{"start":{"line":259,"column":10},"end":{"line":261,"column":11}},{"start":{},"end":{}}],"line":259},"13":{"loc":{"start":{"line":280,"column":8},"end":{"line":282,"column":9}},"type":"if","locations":[{"start":{"line":280,"column":8},"end":{"line":282,"column":9}},{"start":{},"end":{}}],"line":280},"14":{"loc":{"start":{"line":294,"column":10},"end":{"line":296,"column":11}},"type":"if","locations":[{"start":{"line":294,"column":10},"end":{"line":296,"column":11}},{"start":{},"end":{}}],"line":294},"15":{"loc":{"start":{"line":294,"column":14},"end":{"line":294,"column":77}},"type":"binary-expr","locations":[{"start":{"line":294,"column":14},"end":{"line":294,"column":38}},{"start":{"line":294,"column":42},"end":{"line":294,"column":77}}],"line":294},"16":{"loc":{"start":{"line":299,"column":10},"end":{"line":316,"column":11}},"type":"if","locations":[{"start":{"line":299,"column":10},"end":{"line":316,"column":11}},{"start":{},"end":{}}],"line":299},"17":{"loc":{"start":{"line":313,"column":12},"end":{"line":315,"column":13}},"type":"if","locations":[{"start":{"line":313,"column":12},"end":{"line":315,"column":13}},{"start":{},"end":{}}],"line":313},"18":{"loc":{"start":{"line":348,"column":4},"end":{"line":372,"column":5}},"type":"if","locations":[{"start":{"line":348,"column":4},"end":{"line":372,"column":5}},{"start":{"line":370,"column":11},"end":{"line":372,"column":5}}],"line":348},"19":{"loc":{"start":{"line":349,"column":6},"end":{"line":351,"column":7}},"type":"if","locations":[{"start":{"line":349,"column":6},"end":{"line":351,"column":7}},{"start":{},"end":{}}],"line":349},"20":{"loc":{"start":{"line":354,"column":6},"end":{"line":356,"column":7}},"type":"if","locations":[{"start":{"line":354,"column":6},"end":{"line":356,"column":7}},{"start":{},"end":{}}],"line":354},"21":{"loc":{"start":{"line":358,"column":6},"end":{"line":360,"column":7}},"type":"if","locations":[{"start":{"line":358,"column":6},"end":{"line":360,"column":7}},{"start":{},"end":{}}],"line":358},"22":{"loc":{"start":{"line":362,"column":6},"end":{"line":364,"column":7}},"type":"if","locations":[{"start":{"line":362,"column":6},"end":{"line":364,"column":7}},{"start":{},"end":{}}],"line":362},"23":{"loc":{"start":{"line":367,"column":6},"end":{"line":369,"column":7}},"type":"if","locations":[{"start":{"line":367,"column":6},"end":{"line":369,"column":7}},{"start":{},"end":{}}],"line":367}},"s":{"0":2,"1":2,"2":2,"3":2,"4":2,"5":2,"6":2,"7":0,"8":0,"9":0,"10":0,"11":0,"12":0,"13":0,"14":0,"15":0,"16":0,"17":0,"18":0,"19":0,"20":0,"21":0,"22":0,"23":0,"24":0,"25":0,"26":0,"27":0,"28":0,"29":0,"30":0,"31":0,"32":0,"33":0,"34":0,"35":0,"36":0,"37":0,"38":0,"39":0,"40":0,"41":0,"42":0,"43":0,"44":0,"45":0,"46":0,"47":0,"48":0,"49":0,"50":0,"51":0,"52":0,"53":0,"54":0,"55":0,"56":0,"57":0,"58":0,"59":0,"60":0,"61":0,"62":0,"63":0,"64":0,"65":0,"66":0,"67":0,"68":0,"69":0,"70":0,"71":0,"72":0,"73":0,"74":0,"75":0,"76":0,"77":0,"78":0,"79":0,"80":0,"81":0,"82":0,"83":0,"84":0,"85":0,"86":0,"87":0,"88":0,"89":0,"90":0,"91":0,"92":0,"93":0,"94":0,"95":0,"96":0,"97":0,"98":0,"99":0,"100":0,"101":0,"102":0,"103":0,"104":0,"105":0,"106":0,"107":0,"108":0,"109":0,"110":0,"111":0,"112":0,"113":0,"114":0,"115":0,"116":0,"117":0,"118":0,"119":0,"120":0,"121":2},"f":{"0":2,"1":0,"2":0,"3":0,"4":0,"5":0,"6":0,"7":0,"8":0,"9":0,"10":0,"11":0,"12":0,"13":0,"14":0,"15":0,"16":0,"17":0,"18":0},"b":{"0":[0,0],"1":[0],"2":[0,0],"3":[0,0],"4":[0,0],"5":[0,0],"6":[0,0],"7":[0,0],"8":[0,0,0,0,0],"9":[0,0],"10":[0,0],"11":[0,0],"12":[0,0],"13":[0,0],"14":[0,0],"15":[0,0],"16":[0,0],"17":[0,0],"18":[0,0],"19":[0,0],"20":[0,0],"21":[0,0],"22":[0,0],"23":[0,0]},"_coverageSchema":"1a1c01bbd47fc00a2c39e90264f33305004495a9","hash":"b77a406b4a2d951ef4ed25391150ce8c1612f8d5"}
,"C:\\Users\\varun\\civilcopz\\backend\\workers\\enforcementWorker.js": {"path":"C:\\Users\\varun\\civilcopz\\backend\\workers\\enforcementWorker.js","statementMap":{"0":{"start":{"line":1,"column":26},"end":{"line":1,"column":43}},"1":{"start":{"line":2,"column":16},"end":{"line":2,"column":34}},"2":{"start":{"line":3,"column":18},"end":{"line":3,"column":56}},"3":{"start":{"line":4,"column":20},"end":{"line":4,"column":61}},"4":{"start":{"line":5,"column":22},"end":{"line":5,"column":58}},"5":{"start":{"line":6,"column":22},"end":{"line":6,"column":42}},"6":{"start":{"line":7,"column":22},"end":{"line":7,"column":58}},"7":{"start":{"line":9,"column":19},"end":{"line":14,"column":2}},"8":{"start":{"line":16,"column":18},"end":{"line":16,"column":50}},"9":{"start":{"line":16,"column":24},"end":{"line":16,"column":50}},"10":{"start":{"line":24,"column":4},"end":{"line":24,"column":63}},"11":{"start":{"line":27,"column":4},"end":{"line":30,"column":7}},"12":{"start":{"line":32,"column":4},"end":{"line":44,"column":23}},"13":{"start":{"line":33,"column":6},"end":{"line":43,"column":7}},"14":{"start":{"line":34,"column":8},"end":{"line":37,"column":9}},"15":{"start":{"line":35,"column":10},"end":{"line":35,"column":46}},"16":{"start":{"line":36,"column":10},"end":{"line":36,"column":17}},"17":{"start":{"line":38,"column":8},"end":{"line":38,"column":79}},"18":{"start":{"line":39,"column":8},"end":{"line":39,"column":38}},"19":{"start":{"line":41,"column":8},"end":{"line":41,"column":88}},"20":{"start":{"line":42,"column":8},"end":{"line":42,"column":20}},"21":{"start":{"line":46,"column":4},"end":{"line":48,"column":7}},"22":{"start":{"line":47,"column":6},"end":{"line":47,"column":75}},"23":{"start":{"line":55,"column":18},"end":{"line":55,"column":61}},"24":{"start":{"line":57,"column":4},"end":{"line":60,"column":5}},"25":{"start":{"line":58,"column":6},"end":{"line":58,"column":47}},"26":{"start":{"line":59,"column":6},"end":{"line":59,"column":13}},"27":{"start":{"line":62,"column":4},"end":{"line":62,"column":111}},"28":{"start":{"line":64,"column":4},"end":{"line":77,"column":6}},"29":{"start":{"line":84,"column":16},"end":{"line":84,"column":26}},"30":{"start":{"line":86,"column":4},"end":{"line":102,"column":5}},"31":{"start":{"line":87,"column":27},"end":{"line":93,"column":8}},"32":{"start":{"line":95,"column":6},"end":{"line":95,"column":98}},"33":{"start":{"line":97,"column":6},"end":{"line":99,"column":7}},"34":{"start":{"line":98,"column":8},"end":{"line":98,"column":47}},"35":{"start":{"line":101,"column":6},"end":{"line":101,"column":57}},"36":{"start":{"line":109,"column":4},"end":{"line":146,"column":5}},"37":{"start":{"line":110,"column":6},"end":{"line":110,"column":114}},"38":{"start":{"line":113,"column":6},"end":{"line":119,"column":8}},"39":{"start":{"line":122,"column":6},"end":{"line":127,"column":9}},"40":{"start":{"line":130,"column":6},"end":{"line":135,"column":8}},"41":{"start":{"line":138,"column":6},"end":{"line":141,"column":9}},"42":{"start":{"line":143,"column":6},"end":{"line":143,"column":110}},"43":{"start":{"line":145,"column":6},"end":{"line":145,"column":82}},"44":{"start":{"line":153,"column":4},"end":{"line":162,"column":5}},"45":{"start":{"line":154,"column":6},"end":{"line":154,"column":91}},"46":{"start":{"line":155,"column":24},"end":{"line":155,"column":67}},"47":{"start":{"line":156,"column":6},"end":{"line":158,"column":7}},"48":{"start":{"line":157,"column":8},"end":{"line":157,"column":64}},"49":{"start":{"line":159,"column":6},"end":{"line":159,"column":85}},"50":{"start":{"line":161,"column":6},"end":{"line":161,"column":78}},"51":{"start":{"line":166,"column":0},"end":{"line":166,"column":41}}},"fnMap":{"0":{"name":"(anonymous_0)","decl":{"start":{"line":16,"column":18},"end":{"line":16,"column":19}},"loc":{"start":{"line":16,"column":24},"end":{"line":16,"column":50}},"line":16},"1":{"name":"(anonymous_1)","decl":{"start":{"line":23,"column":2},"end":{"line":23,"column":3}},"loc":{"start":{"line":23,"column":16},"end":{"line":49,"column":3}},"line":23},"2":{"name":"(anonymous_2)","decl":{"start":{"line":32,"column":49},"end":{"line":32,"column":50}},"loc":{"start":{"line":32,"column":64},"end":{"line":44,"column":5}},"line":32},"3":{"name":"(anonymous_3)","decl":{"start":{"line":46,"column":29},"end":{"line":46,"column":30}},"loc":{"start":{"line":46,"column":43},"end":{"line":48,"column":5}},"line":46},"4":{"name":"(anonymous_4)","decl":{"start":{"line":54,"column":2},"end":{"line":54,"column":3}},"loc":{"start":{"line":54,"column":49},"end":{"line":78,"column":3}},"line":54},"5":{"name":"(anonymous_5)","decl":{"start":{"line":83,"column":2},"end":{"line":83,"column":3}},"loc":{"start":{"line":83,"column":27},"end":{"line":103,"column":3}},"line":83},"6":{"name":"(anonymous_6)","decl":{"start":{"line":108,"column":2},"end":{"line":108,"column":3}},"loc":{"start":{"line":108,"column":36},"end":{"line":147,"column":3}},"line":108},"7":{"name":"(anonymous_7)","decl":{"start":{"line":152,"column":2},"end":{"line":152,"column":3}},"loc":{"start":{"line":152,"column":33},"end":{"line":163,"column":3}},"line":152}},"branchMap":{"0":{"loc":{"start":{"line":10,"column":8},"end":{"line":10,"column":45}},"type":"binary-expr","locations":[{"start":{"line":10,"column":8},"end":{"line":10,"column":30}},{"start":{"line":10,"column":34},"end":{"line":10,"column":45}}],"line":10},"1":{"loc":{"start":{"line":11,"column":8},"end":{"line":11,"column":38}},"type":"binary-expr","locations":[{"start":{"line":11,"column":8},"end":{"line":11,"column":30}},{"start":{"line":11,"column":34},"end":{"line":11,"column":38}}],"line":11},"2":{"loc":{"start":{"line":12,"column":12},"end":{"line":12,"column":51}},"type":"binary-expr","locations":[{"start":{"line":12,"column":12},"end":{"line":12,"column":38}},{"start":{"line":12,"column":42},"end":{"line":12,"column":51}}],"line":12},"3":{"loc":{"start":{"line":34,"column":8},"end":{"line":37,"column":9}},"type":"if","locations":[{"start":{"line":34,"column":8},"end":{"line":37,"column":9}},{"start":{},"end":{}}],"line":34},"4":{"loc":{"start":{"line":57,"column":4},"end":{"line":60,"column":5}},"type":"if","locations":[{"start":{"line":57,"column":4},"end":{"line":60,"column":5}},{"start":{},"end":{}}],"line":57},"5":{"loc":{"start":{"line":156,"column":6},"end":{"line":158,"column":7}},"type":"if","locations":[{"start":{"line":156,"column":6},"end":{"line":158,"column":7}},{"start":{},"end":{}}],"line":156}},"s":{"0":3,"1":3,"2":3,"3":3,"4":3,"5":3,"6":3,"7":3,"8":3,"9":8,"10":3,"11":3,"12":3,"13":0,"14":0,"15":0,"16":0,"17":0,"18":0,"19":0,"20":0,"21":3,"22":0,"23":0,"24":0,"25":0,"26":0,"27":0,"28":0,"29":7,"30":7,"31":7,"32":7,"33":7,"34":4,"35":0,"36":4,"37":4,"38":4,"39":1,"40":1,"41":1,"42":1,"43":3,"44":0,"45":0,"46":0,"47":0,"48":0,"49":0,"50":0,"51":3},"f":{"0":8,"1":3,"2":0,"3":0,"4":0,"5":7,"6":4,"7":0},"b":{"0":[3,0],"1":[3,0],"2":[3,3],"3":[0,0],"4":[0,0],"5":[0,0]},"_coverageSchema":"1a1c01bbd47fc00a2c39e90264f33305004495a9","hash":"e3cda777d0087f15332ac69dbe979cfdd018d944"}
}
