TN:
SF:backend\server.js
FN:34,(anonymous_0)
FN:40,(anonymous_1)
FN:57,initializeServices
FN:105,(anonymous_3)
FN:139,(anonymous_4)
FN:150,(anonymous_5)
FN:169,(anonymous_6)
FN:214,(anonymous_7)
FN:229,checkDB
FN:242,checkRedis
FN:259,(anonymous_10)
FN:285,(anonymous_11)
FN:296,(anonymous_12)
FN:301,(anonymous_13)
FN:306,(anonymous_14)
FN:338,(anonymous_15)
FN:344,(anonymous_16)
FN:375,startServer
FN:377,(anonymous_18)
FN:385,(anonymous_19)
FN:395,(anonymous_20)
FN:401,startWorkerRuntime
FN:403,(anonymous_22)
FN:430,(anonymous_23)
FN:435,(anonymous_24)
FN:440,(anonymous_25)
FNF:26
FNH:3
FNDA:0,(anonymous_0)
FNDA:0,(anonymous_1)
FNDA:0,initializeServices
FNDA:1,(anonymous_3)
FNDA:1,(anonymous_4)
FNDA:1,(anonymous_5)
FNDA:0,(anonymous_6)
FNDA:0,(anonymous_7)
FNDA:0,checkDB
FNDA:0,checkRedis
FNDA:0,(anonymous_10)
FNDA:0,(anonymous_11)
FNDA:0,(anonymous_12)
FNDA:0,(anonymous_13)
FNDA:0,(anonymous_14)
FNDA:0,(anonymous_15)
FNDA:0,(anonymous_16)
FNDA:0,startServer
FNDA:0,(anonymous_18)
FNDA:0,(anonymous_19)
FNDA:0,(anonymous_20)
FNDA:0,startWorkerRuntime
FNDA:0,(anonymous_22)
FNDA:0,(anonymous_23)
FNDA:0,(anonymous_24)
FNDA:0,(anonymous_25)
DA:1,2
DA:2,2
DA:3,2
DA:4,2
DA:5,2
DA:6,2
DA:7,2
DA:8,2
DA:9,2
DA:10,2
DA:11,2
DA:12,2
DA:13,2
DA:14,2
DA:15,2
DA:16,2
DA:17,2
DA:18,2
DA:19,2
DA:20,2
DA:21,2
DA:22,2
DA:23,2
DA:24,2
DA:25,2
DA:26,2
DA:27,2
DA:28,2
DA:29,2
DA:30,2
DA:31,2
DA:34,2
DA:35,0
DA:37,0
DA:40,2
DA:41,0
DA:44,2
DA:45,2
DA:46,2
DA:47,2
DA:52,2
DA:53,0
DA:58,0
DA:59,0
DA:62,0
DA:65,0
DA:68,0
DA:71,0
DA:72,0
DA:73,0
DA:75,0
DA:77,0
DA:78,0
DA:90,2
DA:102,2
DA:105,2
DA:106,1
DA:107,1
DA:111,2
DA:112,2
DA:115,2
DA:122,2
DA:125,2
DA:130,2
DA:131,2
DA:134,2
DA:139,2
DA:140,1
DA:141,0
DA:145,2
DA:149,2
DA:151,1
DA:152,1
DA:154,0
DA:155,0
DA:162,2
DA:166,2
DA:169,2
DA:170,0
DA:204,2
DA:205,2
DA:206,2
DA:207,2
DA:208,2
DA:209,2
DA:210,2
DA:211,2
DA:212,2
DA:213,2
DA:214,2
DA:215,0
DA:216,0
DA:222,0
DA:230,0
DA:231,0
DA:232,0
DA:234,0
DA:235,0
DA:237,0
DA:238,0
DA:243,0
DA:244,0
DA:245,0
DA:247,0
DA:248,0
DA:250,0
DA:251,0
DA:253,0
DA:254,0
DA:259,2
DA:260,0
DA:261,0
DA:263,0
DA:264,0
DA:274,0
DA:285,2
DA:286,0
DA:287,0
DA:288,0
DA:289,0
DA:291,0
DA:296,2
DA:297,0
DA:301,2
DA:302,0
DA:306,2
DA:307,0
DA:308,0
DA:312,0
DA:314,0
DA:315,0
DA:317,0
DA:318,0
DA:320,0
DA:329,0
DA:330,0
DA:335,2
DA:338,2
DA:339,0
DA:340,0
DA:344,2
DA:345,0
DA:348,0
DA:349,0
DA:356,0
DA:365,0
DA:372,2
DA:373,2
DA:377,0
DA:378,0
DA:379,0
DA:380,0
DA:381,0
DA:385,0
DA:386,0
DA:387,0
DA:389,0
DA:390,0
DA:391,0
DA:392,0
DA:393,0
DA:396,0
DA:397,0
DA:403,0
DA:404,0
DA:408,0
DA:409,0
DA:410,0
DA:411,0
DA:413,0
DA:414,0
DA:415,0
DA:416,0
DA:417,0
DA:418,0
DA:421,0
DA:422,0
DA:428,2
DA:429,0
DA:430,0
DA:431,0
DA:432,0
DA:434,0
DA:435,0
DA:436,0
DA:437,0
DA:440,0
DA:441,0
DA:442,0
DA:447,2
LF:190
LH:83
BRDA:46,0,0,2
BRDA:46,0,1,2
BRDA:52,1,0,0
BRDA:52,1,1,2
BRDA:140,2,0,1
BRDA:140,2,1,0
BRDA:145,3,0,0
BRDA:145,3,1,2
BRDA:151,4,0,1
BRDA:151,4,1,0
BRDA:151,5,0,1
BRDA:151,5,1,0
BRDA:215,6,0,0
BRDA:215,6,1,0
BRDA:231,7,0,0
BRDA:231,7,1,0
BRDA:244,8,0,0
BRDA:244,8,1,0
BRDA:247,9,0,0
BRDA:247,9,1,0
BRDA:263,10,0,0
BRDA:263,10,1,0
BRDA:263,11,0,0
BRDA:263,11,1,0
BRDA:278,12,0,0
BRDA:278,12,1,0
BRDA:279,13,0,0
BRDA:279,13,1,0
BRDA:288,14,0,0
BRDA:288,14,1,0
BRDA:312,15,0,0
BRDA:312,15,1,0
BRDA:345,16,0,0
BRDA:345,16,1,0
BRDA:348,17,0,0
BRDA:348,17,1,0
BRDA:351,18,0,0
BRDA:351,18,1,0
BRDA:367,19,0,0
BRDA:367,19,1,0
BRDA:368,20,0,0
BRDA:368,20,1,0
BRDA:379,21,0,0
BRDA:379,21,1,0
BRDA:389,22,0,0
BRDA:389,22,1,0
BRDA:389,23,0,0
BRDA:389,23,1,0
BRDA:413,24,0,0
BRDA:413,24,1,0
BRDA:416,25,0,0
BRDA:416,25,1,0
BRDA:428,26,0,0
BRDA:428,26,1,2
BRDA:429,27,0,0
BRDA:429,27,1,0
BRDA:434,28,0,0
BRDA:434,28,1,0
BRF:58
BRH:8
end_of_record
TN:
SF:backend\socket.js
FN:5,init
FN:14,(anonymous_1)
FN:18,(anonymous_2)
FN:23,(anonymous_3)
FN:31,emitUpdate
FN:42,emitPublicUpdate
FN:52,(anonymous_6)
FNF:7
FNH:2
FNDA:3,init
FNDA:0,(anonymous_1)
FNDA:0,(anonymous_2)
FNDA:0,(anonymous_3)
FNDA:4,emitUpdate
FNDA:0,emitPublicUpdate
FNDA:0,(anonymous_6)
DA:1,4
DA:6,3
DA:14,3
DA:15,0
DA:18,0
DA:19,0
DA:20,0
DA:23,0
DA:24,0
DA:28,3
DA:32,4
DA:34,4
DA:35,4
DA:37,0
DA:43,0
DA:44,0
DA:48,4
DA:52,0
LF:18
LH:8
BRDA:8,0,0,0
BRDA:8,0,1,3
BRDA:32,1,0,4
BRDA:32,1,1,0
BRDA:43,2,0,0
BRDA:43,2,1,0
BRF:6
BRH:2
end_of_record
TN:
SF:backend\controllers\adController.js
FN:3,getRecommendations
FN:23,listAllServices
FNF:2
FNH:0
FNDA:0,getRecommendations
FNDA:0,listAllServices
DA:1,2
DA:4,0
DA:6,0
DA:7,0
DA:10,0
DA:11,0
DA:12,0
DA:18,0
DA:19,0
DA:24,0
DA:25,0
DA:26,0
DA:32,0
DA:33,0
DA:37,2
LF:15
LH:2
BRDA:6,0,0,0
BRDA:6,0,1,0
BRF:2
BRH:0
end_of_record
TN:
SF:backend\controllers\caseController.js
FN:9,(anonymous_0)
FN:11,hashFileAtPath
FN:22,(anonymous_2)
FN:31,(anonymous_3)
FN:71,(anonymous_4)
FN:89,(anonymous_5)
FN:151,(anonymous_6)
FN:166,(anonymous_7)
FN:180,(anonymous_8)
FN:193,(anonymous_9)
FN:255,(anonymous_10)
FN:271,(anonymous_11)
FN:298,(anonymous_12)
FN:316,(anonymous_13)
FN:330,(anonymous_14)
FN:355,(anonymous_15)
FNF:16
FNH:0
FNDA:0,(anonymous_0)
FNDA:0,hashFileAtPath
FNDA:0,(anonymous_2)
FNDA:0,(anonymous_3)
FNDA:0,(anonymous_4)
FNDA:0,(anonymous_5)
FNDA:0,(anonymous_6)
FNDA:0,(anonymous_7)
FNDA:0,(anonymous_8)
FNDA:0,(anonymous_9)
FNDA:0,(anonymous_10)
FNDA:0,(anonymous_11)
FNDA:0,(anonymous_12)
FNDA:0,(anonymous_13)
FNDA:0,(anonymous_14)
FNDA:0,(anonymous_15)
DA:1,2
DA:2,2
DA:3,2
DA:4,2
DA:5,2
DA:6,2
DA:7,2
DA:9,2
DA:12,0
DA:13,0
DA:23,0
DA:29,0
DA:30,0
DA:31,0
DA:41,0
DA:71,0
DA:88,0
DA:89,0
DA:93,0
DA:94,0
DA:95,0
DA:96,0
DA:120,0
DA:142,0
DA:144,0
DA:146,0
DA:147,0
DA:152,0
DA:153,0
DA:154,0
DA:155,0
DA:159,0
DA:160,0
DA:162,0
DA:167,0
DA:168,0
DA:169,0
DA:170,0
DA:174,0
DA:176,0
DA:181,0
DA:182,0
DA:187,0
DA:189,0
DA:194,0
DA:195,0
DA:196,0
DA:197,0
DA:198,0
DA:201,0
DA:202,0
DA:203,0
DA:204,0
DA:205,0
DA:212,0
DA:241,0
DA:251,0
DA:256,0
DA:257,0
DA:258,0
DA:262,0
DA:264,0
DA:272,0
DA:273,0
DA:275,0
DA:276,0
DA:277,0
DA:279,0
DA:288,0
DA:289,0
DA:291,0
DA:299,0
DA:300,0
DA:301,0
DA:302,0
DA:306,0
DA:308,0
DA:317,0
DA:318,0
DA:319,0
DA:320,0
DA:322,0
DA:323,0
DA:331,0
DA:332,0
DA:334,0
DA:335,0
DA:345,0
DA:346,0
DA:348,0
DA:356,0
DA:357,0
DA:358,0
DA:359,0
DA:361,0
DA:366,2
LF:96
LH:9
BRDA:31,0,0,0
BRDA:31,0,1,0
BRDA:65,1,0,0
BRDA:65,1,1,0
BRDA:89,2,0,0
BRDA:89,2,1,0
BRDA:93,3,0,0
BRDA:93,3,1,0
BRDA:98,4,0,0
BRDA:98,4,1,0
BRDA:102,5,0,0
BRDA:102,5,1,0
BRDA:103,6,0,0
BRDA:103,6,1,0
BRDA:110,7,0,0
BRDA:110,7,1,0
BRDA:113,8,0,0
BRDA:113,8,1,0
BRDA:137,9,0,0
BRDA:137,9,1,0
BRDA:142,10,0,0
BRDA:142,10,1,0
BRDA:195,11,0,0
BRDA:195,11,1,0
BRDA:196,12,0,0
BRDA:196,12,1,0
BRDA:202,13,0,0
BRDA:202,13,1,0
BRDA:203,14,0,0
BRDA:203,14,1,0
BRDA:204,15,0,0
BRDA:204,15,1,0
BRDA:277,16,0,0
BRDA:277,16,1,0
BRDA:341,17,0,0
BRDA:341,17,1,0
BRF:36
BRH:0
end_of_record
TN:
SF:backend\controllers\companyController.js
FN:3,(anonymous_0)
FN:5,getCompanyCatalogue
FN:25,(anonymous_2)
FN:48,getCompanyStatsSummary
FN:63,(anonymous_4)
FNF:5
FNH:0
FNDA:0,(anonymous_0)
FNDA:0,getCompanyCatalogue
FNDA:0,(anonymous_2)
FNDA:0,getCompanyStatsSummary
FNDA:0,(anonymous_4)
DA:1,2
DA:3,2
DA:6,0
DA:7,0
DA:9,0
DA:10,0
DA:11,0
DA:13,0
DA:25,0
DA:36,0
DA:43,0
DA:44,0
DA:49,0
DA:50,0
DA:55,0
DA:56,0
DA:58,0
DA:63,0
DA:67,0
DA:68,0
DA:72,2
LF:21
LH:3
BRDA:7,0,0,0
BRDA:10,1,0,0
BRDA:10,1,1,0
BRDA:11,2,0,0
BRDA:11,2,1,0
BRDA:31,3,0,0
BRDA:31,3,1,0
BRDA:31,4,0,0
BRDA:31,4,1,0
BRF:9
BRH:0
end_of_record
TN:
SF:backend\controllers\userController.js
FN:3,(anonymous_0)
FN:10,register
FN:40,login
FNF:3
FNH:0
FNDA:0,(anonymous_0)
FNDA:0,register
FNDA:0,login
DA:1,2
DA:3,2
DA:4,2
DA:5,2
DA:7,2
DA:8,2
DA:11,0
DA:13,0
DA:14,0
DA:15,0
DA:16,0
DA:19,0
DA:20,0
DA:28,0
DA:35,0
DA:36,0
DA:41,0
DA:43,0
DA:44,0
DA:45,0
DA:46,0
DA:47,0
DA:50,0
DA:51,0
DA:52,0
DA:53,0
DA:56,0
DA:66,0
DA:76,0
DA:77,0
DA:81,2
LF:31
LH:7
BRDA:7,0,0,2
BRDA:7,0,1,0
BRDA:8,1,0,2
BRDA:8,1,1,2
BRDA:15,2,0,0
BRDA:15,2,1,0
BRDA:24,3,0,0
BRDA:24,3,1,0
BRDA:45,4,0,0
BRDA:45,4,1,0
BRDA:51,5,0,0
BRDA:51,5,1,0
BRF:12
BRH:3
end_of_record
TN:
SF:backend\middleware\audit.js
FN:4,audit
FN:5,(anonymous_1)
FN:15,(anonymous_2)
FN:20,(anonymous_3)
FN:26,(anonymous_4)
FNF:5
FNH:1
FNDA:30,audit
FNDA:0,(anonymous_1)
FNDA:0,(anonymous_2)
FNDA:0,(anonymous_3)
FNDA:0,(anonymous_4)
DA:1,2
DA:2,2
DA:4,2
DA:5,30
DA:7,0
DA:8,0
DA:11,0
DA:12,0
DA:15,0
DA:16,0
DA:17,0
DA:20,0
DA:21,0
DA:22,0
DA:26,0
DA:27,0
DA:29,0
DA:30,0
DA:31,0
DA:32,0
DA:35,0
DA:57,0
DA:75,0
DA:80,0
LF:24
LH:4
BRDA:30,0,0,0
BRDA:30,0,1,0
BRDA:31,1,0,0
BRDA:31,1,1,0
BRDA:32,2,0,0
BRDA:32,2,1,0
BRDA:32,2,2,0
BRDA:44,3,0,0
BRDA:44,3,1,0
BRDA:46,4,0,0
BRDA:46,4,1,0
BRDA:47,5,0,0
BRDA:47,5,1,0
BRDA:51,6,0,0
BRDA:51,6,1,0
BRDA:53,7,0,0
BRDA:53,7,1,0
BRDA:66,8,0,0
BRDA:66,8,1,0
BRDA:68,9,0,0
BRDA:68,9,1,0
BRDA:70,10,0,0
BRDA:70,10,1,0
BRDA:72,11,0,0
BRDA:72,11,1,0
BRF:25
BRH:0
end_of_record
TN:
SF:backend\middleware\auth.js
FN:4,verifyToken
FN:27,authorize
FN:28,(anonymous_2)
FNF:3
FNH:2
FNDA:1,verifyToken
FNDA:6,authorize
FNDA:0,(anonymous_2)
DA:1,2
DA:2,2
DA:6,1
DA:7,0
DA:8,0
DA:11,1
DA:12,1
DA:13,0
DA:16,1
DA:17,1
DA:18,1
DA:19,0
DA:20,0
DA:22,1
DA:23,1
DA:28,6
DA:29,0
DA:30,0
DA:33,0
DA:34,0
DA:37,0
DA:41,2
LF:22
LH:12
BRDA:2,0,0,2
BRDA:2,0,1,0
BRDA:6,1,0,0
BRDA:6,1,1,1
BRDA:12,2,0,0
BRDA:12,2,1,1
BRDA:12,3,0,1
BRDA:12,3,1,1
BRDA:29,4,0,0
BRDA:29,4,1,0
BRDA:33,5,0,0
BRDA:33,5,1,0
BRF:12
BRH:5
end_of_record
TN:
SF:backend\middleware\validation.js
FN:35,(anonymous_0)
FN:56,(anonymous_1)
FN:63,validate
FN:64,(anonymous_3)
FN:71,(anonymous_4)
FN:86,validateFile
FN:87,(anonymous_6)
FN:95,(anonymous_7)
FN:101,(anonymous_8)
FNF:9
FNH:4
FNDA:4,(anonymous_0)
FNDA:3,(anonymous_1)
FNDA:6,validate
FNDA:0,(anonymous_3)
FNDA:0,(anonymous_4)
FNDA:2,validateFile
FNDA:0,(anonymous_6)
FNDA:0,(anonymous_7)
FNDA:0,(anonymous_8)
DA:1,3
DA:4,3
DA:10,3
DA:16,3
DA:35,4
DA:41,3
DA:52,3
DA:56,3
DA:64,6
DA:65,0
DA:66,0
DA:67,0
DA:68,0
DA:70,0
DA:71,0
DA:75,0
DA:80,0
DA:87,2
DA:88,0
DA:89,0
DA:91,0
DA:94,0
DA:95,0
DA:96,0
DA:97,0
DA:98,0
DA:100,0
DA:101,0
DA:105,0
DA:110,0
DA:115,3
LF:31
LH:11
BRDA:70,0,0,0
BRDA:70,0,1,0
BRDA:88,1,0,0
BRDA:88,1,1,0
BRDA:88,2,0,0
BRDA:88,2,1,0
BRDA:89,3,0,0
BRDA:89,3,1,0
BRDA:96,4,0,0
BRDA:96,4,1,0
BRDA:100,5,0,0
BRDA:100,5,1,0
BRF:12
BRH:0
end_of_record
TN:
SF:backend\queue\aiQueue.js
FN:27,(anonymous_0)
FNF:1
FNH:0
FNDA:0,(anonymous_0)
DA:1,2
DA:4,2
DA:13,2
DA:27,2
DA:28,0
DA:33,2
LF:6
LH:5
BRDA:5,0,0,2
BRDA:5,0,1,0
BRDA:6,1,0,2
BRDA:6,1,1,0
BRDA:7,2,0,2
BRDA:7,2,1,2
BRDA:29,3,0,0
BRDA:29,3,1,0
BRF:8
BRH:4
end_of_record
TN:
SF:backend\routes\ads.js
FNF:0
FNH:0
DA:1,2
DA:2,2
DA:3,2
DA:4,2
DA:5,2
DA:8,2
DA:9,2
DA:11,2
LF:8
LH:8
BRF:0
BRH:0
end_of_record
TN:
SF:backend\routes\cases.js
FN:14,(anonymous_0)
FN:17,(anonymous_1)
FN:25,(anonymous_2)
FN:50,(anonymous_3)
FNF:4
FNH:1
FNDA:0,(anonymous_0)
FNDA:0,(anonymous_1)
FNDA:0,(anonymous_2)
FNDA:1,(anonymous_3)
DA:1,2
DA:2,2
DA:3,2
DA:4,2
DA:5,2
DA:6,2
DA:7,2
DA:8,2
DA:9,2
DA:10,2
DA:13,2
DA:15,0
DA:19,0
DA:20,0
DA:21,0
DA:25,2
DA:27,0
DA:28,0
DA:30,0
DA:31,0
DA:33,0
DA:34,0
DA:36,0
DA:40,2
DA:50,2
DA:51,1
DA:52,1
DA:56,2
DA:57,2
DA:58,2
DA:60,2
DA:69,2
DA:75,2
DA:82,2
DA:83,2
DA:84,2
DA:85,2
DA:86,2
DA:88,2
LF:39
LH:28
BRDA:33,0,0,0
BRDA:33,0,1,0
BRDA:33,1,0,0
BRDA:33,1,1,0
BRF:4
BRH:0
end_of_record
TN:
SF:backend\routes\certificates.js
FN:8,(anonymous_0)
FN:25,(anonymous_1)
FN:93,(anonymous_2)
FN:138,(anonymous_3)
FN:181,(anonymous_4)
FN:211,(anonymous_5)
FN:249,(anonymous_6)
FNF:7
FNH:0
FNDA:0,(anonymous_0)
FNDA:0,(anonymous_1)
FNDA:0,(anonymous_2)
FNDA:0,(anonymous_3)
FNDA:0,(anonymous_4)
FNDA:0,(anonymous_5)
FNDA:0,(anonymous_6)
DA:1,2
DA:2,2
DA:3,2
DA:4,2
DA:5,2
DA:6,2
DA:8,2
DA:11,2
DA:17,2
DA:25,2
DA:26,0
DA:27,0
DA:28,0
DA:29,0
DA:36,0
DA:39,0
DA:40,0
DA:45,0
DA:46,0
DA:53,0
DA:54,0
DA:60,0
DA:67,0
DA:80,0
DA:81,0
DA:93,2
DA:94,0
DA:95,0
DA:96,0
DA:97,0
DA:103,0
DA:106,0
DA:107,0
DA:113,0
DA:119,0
DA:120,0
DA:121,0
DA:127,0
DA:138,2
DA:139,0
DA:140,0
DA:143,0
DA:147,0
DA:148,0
DA:154,0
DA:155,0
DA:161,0
DA:163,0
DA:169,0
DA:170,0
DA:181,2
DA:182,0
DA:183,0
DA:184,0
DA:185,0
DA:191,0
DA:193,0
DA:199,0
DA:200,0
DA:211,2
DA:212,0
DA:213,0
DA:214,0
DA:215,0
DA:221,0
DA:222,0
DA:223,0
DA:229,0
DA:231,0
DA:237,0
DA:238,0
DA:249,2
DA:250,0
DA:251,0
DA:252,0
DA:253,0
DA:259,0
DA:262,0
DA:263,0
DA:269,0
DA:270,0
DA:276,0
DA:279,0
DA:282,0
DA:283,0
DA:290,2
LF:86
LH:16
BRDA:28,0,0,0
BRDA:28,0,1,0
BRDA:45,1,0,0
BRDA:45,1,1,0
BRDA:53,2,0,0
BRDA:53,2,1,0
BRDA:53,3,0,0
BRDA:53,3,1,0
BRDA:96,4,0,0
BRDA:96,4,1,0
BRDA:106,5,0,0
BRDA:106,5,1,0
BRDA:106,6,0,0
BRDA:106,6,1,0
BRDA:120,7,0,0
BRDA:120,7,1,0
BRDA:147,8,0,0
BRDA:147,8,1,0
BRDA:154,9,0,0
BRDA:154,9,1,0
BRDA:154,10,0,0
BRDA:154,10,1,0
BRDA:184,11,0,0
BRDA:184,11,1,0
BRDA:214,12,0,0
BRDA:214,12,1,0
BRDA:222,13,0,0
BRDA:222,13,1,0
BRDA:252,14,0,0
BRDA:252,14,1,0
BRDA:262,15,0,0
BRDA:262,15,1,0
BRDA:262,16,0,0
BRDA:262,16,1,0
BRDA:269,17,0,0
BRDA:269,17,1,0
BRF:36
BRH:0
end_of_record
TN:
SF:backend\routes\dossiers.js
FN:20,(anonymous_0)
FN:85,(anonymous_1)
FN:130,(anonymous_2)
FN:173,(anonymous_3)
FN:203,(anonymous_4)
FN:248,(anonymous_5)
FNF:6
FNH:0
FNDA:0,(anonymous_0)
FNDA:0,(anonymous_1)
FNDA:0,(anonymous_2)
FNDA:0,(anonymous_3)
FNDA:0,(anonymous_4)
FNDA:0,(anonymous_5)
DA:1,2
DA:2,2
DA:3,2
DA:4,2
DA:5,2
DA:8,2
DA:12,2
DA:20,2
DA:21,0
DA:22,0
DA:23,0
DA:24,0
DA:31,0
DA:34,0
DA:39,0
DA:40,0
DA:47,0
DA:48,0
DA:54,0
DA:56,0
DA:72,0
DA:73,0
DA:85,2
DA:86,0
DA:87,0
DA:88,0
DA:89,0
DA:95,0
DA:98,0
DA:99,0
DA:105,0
DA:111,0
DA:112,0
DA:113,0
DA:119,0
DA:130,2
DA:131,0
DA:132,0
DA:135,0
DA:139,0
DA:140,0
DA:146,0
DA:147,0
DA:153,0
DA:155,0
DA:161,0
DA:162,0
DA:173,2
DA:174,0
DA:175,0
DA:176,0
DA:177,0
DA:183,0
DA:185,0
DA:191,0
DA:192,0
DA:203,2
DA:204,0
DA:205,0
DA:206,0
DA:207,0
DA:213,0
DA:216,0
DA:217,0
DA:223,0
DA:224,0
DA:230,0
DA:233,0
DA:236,0
DA:237,0
DA:248,2
DA:249,0
DA:250,0
DA:251,0
DA:252,0
DA:258,0
DA:261,0
DA:262,0
DA:269,0
DA:272,0
DA:275,0
DA:276,0
DA:283,2
LF:83
LH:14
BRDA:23,0,0,0
BRDA:23,0,1,0
BRDA:39,1,0,0
BRDA:39,1,1,0
BRDA:47,2,0,0
BRDA:47,2,1,0
BRDA:47,3,0,0
BRDA:47,3,1,0
BRDA:88,4,0,0
BRDA:88,4,1,0
BRDA:98,5,0,0
BRDA:98,5,1,0
BRDA:98,6,0,0
BRDA:98,6,1,0
BRDA:112,7,0,0
BRDA:112,7,1,0
BRDA:139,8,0,0
BRDA:139,8,1,0
BRDA:146,9,0,0
BRDA:146,9,1,0
BRDA:146,10,0,0
BRDA:146,10,1,0
BRDA:176,11,0,0
BRDA:176,11,1,0
BRDA:206,12,0,0
BRDA:206,12,1,0
BRDA:216,13,0,0
BRDA:216,13,1,0
BRDA:216,14,0,0
BRDA:216,14,1,0
BRDA:223,15,0,0
BRDA:223,15,1,0
BRDA:251,16,0,0
BRDA:251,16,1,0
BRDA:261,17,0,0
BRDA:261,17,1,0
BRDA:261,18,0,0
BRDA:261,18,1,0
BRF:38
BRH:0
end_of_record
TN:
SF:backend\routes\health.js
FN:5,(anonymous_0)
FN:8,(anonymous_1)
FN:36,(anonymous_2)
FNF:3
FNH:0
FNDA:0,(anonymous_0)
FNDA:0,(anonymous_1)
FNDA:0,(anonymous_2)
DA:1,2
DA:2,2
DA:4,2
DA:5,2
DA:8,2
DA:9,0
DA:11,0
DA:13,0
DA:22,0
DA:23,0
DA:36,2
DA:37,0
DA:39,0
DA:41,0
DA:53,0
DA:54,0
DA:66,2
LF:17
LH:7
BRDA:30,0,0,0
BRDA:30,0,1,0
BRDA:61,1,0,0
BRDA:61,1,1,0
BRF:4
BRH:0
end_of_record
TN:
SF:backend\routes\integrity.js
FN:14,(anonymous_0)
FN:41,(anonymous_1)
FN:61,(anonymous_2)
FN:80,(anonymous_3)
FN:105,(anonymous_4)
FN:112,(anonymous_5)
FN:113,(anonymous_6)
FN:122,(anonymous_7)
FNF:8
FNH:0
FNDA:0,(anonymous_0)
FNDA:0,(anonymous_1)
FNDA:0,(anonymous_2)
FNDA:0,(anonymous_3)
FNDA:0,(anonymous_4)
FNDA:0,(anonymous_5)
FNDA:0,(anonymous_6)
FNDA:0,(anonymous_7)
DA:1,2
DA:2,2
DA:3,2
DA:5,2
DA:6,2
DA:14,2
DA:15,0
DA:16,0
DA:17,0
DA:19,0
DA:20,0
DA:27,0
DA:35,0
DA:36,0
DA:41,2
DA:42,0
DA:43,0
DA:44,0
DA:46,0
DA:48,0
DA:55,0
DA:56,0
DA:61,2
DA:62,0
DA:63,0
DA:64,0
DA:68,0
DA:69,0
DA:72,0
DA:74,0
DA:75,0
DA:80,2
DA:81,0
DA:83,0
DA:84,0
DA:87,0
DA:88,0
DA:90,0
DA:91,0
DA:94,0
DA:99,0
DA:100,0
DA:105,2
DA:106,0
DA:107,0
DA:109,0
DA:112,0
DA:113,0
DA:116,0
DA:117,0
DA:122,2
DA:123,0
DA:124,0
DA:126,0
DA:130,0
DA:131,0
DA:134,0
DA:146,0
DA:148,0
DA:156,0
DA:157,0
DA:161,2
LF:62
LH:12
BRDA:19,0,0,0
BRDA:19,0,1,0
BRDA:24,1,0,0
BRDA:24,1,1,0
BRDA:44,2,0,0
BRDA:44,2,1,0
BRDA:68,3,0,0
BRDA:68,3,1,0
BRDA:83,4,0,0
BRDA:83,4,1,0
BRDA:87,5,0,0
BRDA:87,5,1,0
BRDA:90,6,0,0
BRDA:90,6,1,0
BRDA:130,7,0,0
BRDA:130,7,1,0
BRF:16
BRH:0
end_of_record
TN:
SF:backend\routes\litigation.js
FN:12,(anonymous_0)
FN:22,(anonymous_1)
FN:32,(anonymous_2)
FN:43,(anonymous_3)
FN:62,(anonymous_4)
FN:80,(anonymous_5)
FN:98,(anonymous_6)
FN:118,(anonymous_7)
FN:136,(anonymous_8)
FN:146,(anonymous_9)
FN:156,(anonymous_10)
FN:167,(anonymous_11)
FN:183,(anonymous_12)
FN:199,(anonymous_13)
FN:209,(anonymous_14)
FN:219,(anonymous_15)
FN:230,(anonymous_16)
FN:240,(anonymous_17)
FN:250,(anonymous_18)
FN:260,(anonymous_19)
FN:270,(anonymous_20)
FN:280,(anonymous_21)
FN:289,(anonymous_22)
FN:306,(anonymous_23)
FN:315,(anonymous_24)
FN:326,(anonymous_25)
FN:341,(anonymous_26)
FN:351,(anonymous_27)
FN:361,(anonymous_28)
FN:371,(anonymous_29)
FNF:30
FNH:0
FNDA:0,(anonymous_0)
FNDA:0,(anonymous_1)
FNDA:0,(anonymous_2)
FNDA:0,(anonymous_3)
FNDA:0,(anonymous_4)
FNDA:0,(anonymous_5)
FNDA:0,(anonymous_6)
FNDA:0,(anonymous_7)
FNDA:0,(anonymous_8)
FNDA:0,(anonymous_9)
FNDA:0,(anonymous_10)
FNDA:0,(anonymous_11)
FNDA:0,(anonymous_12)
FNDA:0,(anonymous_13)
FNDA:0,(anonymous_14)
FNDA:0,(anonymous_15)
FNDA:0,(anonymous_16)
FNDA:0,(anonymous_17)
FNDA:0,(anonymous_18)
FNDA:0,(anonymous_19)
FNDA:0,(anonymous_20)
FNDA:0,(anonymous_21)
FNDA:0,(anonymous_22)
FNDA:0,(anonymous_23)
FNDA:0,(anonymous_24)
FNDA:0,(anonymous_25)
FNDA:0,(anonymous_26)
FNDA:0,(anonymous_27)
FNDA:0,(anonymous_28)
FNDA:0,(anonymous_29)
DA:1,2
DA:2,2
DA:3,2
DA:4,2
DA:5,2
DA:6,2
DA:7,2
DA:8,2
DA:9,2
DA:12,2
DA:13,0
DA:14,0
DA:15,0
DA:16,0
DA:18,0
DA:22,2
DA:23,0
DA:24,0
DA:25,0
DA:26,0
DA:28,0
DA:32,2
DA:33,0
DA:34,0
DA:35,0
DA:36,0
DA:38,0
DA:43,2
DA:44,0
DA:45,0
DA:46,0
DA:56,0
DA:58,0
DA:62,2
DA:63,0
DA:64,0
DA:65,0
DA:74,0
DA:76,0
DA:80,2
DA:81,0
DA:82,0
DA:83,0
DA:92,0
DA:94,0
DA:98,2
DA:99,0
DA:100,0
DA:101,0
DA:112,0
DA:114,0
DA:118,2
DA:119,0
DA:120,0
DA:121,0
DA:130,0
DA:132,0
DA:136,2
DA:137,0
DA:138,0
DA:139,0
DA:140,0
DA:142,0
DA:146,2
DA:147,0
DA:148,0
DA:149,0
DA:150,0
DA:152,0
DA:156,2
DA:157,0
DA:158,0
DA:159,0
DA:160,0
DA:162,0
DA:167,2
DA:168,0
DA:169,0
DA:170,0
DA:177,0
DA:179,0
DA:183,2
DA:184,0
DA:185,0
DA:186,0
DA:193,0
DA:195,0
DA:199,2
DA:200,0
DA:201,0
DA:202,0
DA:203,0
DA:205,0
DA:209,2
DA:210,0
DA:211,0
DA:212,0
DA:213,0
DA:215,0
DA:219,2
DA:220,0
DA:221,0
DA:222,0
DA:223,0
DA:225,0
DA:230,2
DA:231,0
DA:232,0
DA:233,0
DA:234,0
DA:236,0
DA:240,2
DA:241,0
DA:242,0
DA:243,0
DA:244,0
DA:246,0
DA:250,2
DA:251,0
DA:252,0
DA:253,0
DA:255,0
DA:260,2
DA:261,0
DA:262,0
DA:263,0
DA:264,0
DA:266,0
DA:270,2
DA:271,0
DA:272,0
DA:273,0
DA:274,0
DA:276,0
DA:280,2
DA:281,0
DA:282,0
DA:283,0
DA:285,0
DA:289,2
DA:290,0
DA:291,0
DA:292,0
DA:295,0
DA:296,0
DA:299,0
DA:300,0
DA:302,0
DA:306,2
DA:307,0
DA:308,0
DA:309,0
DA:311,0
DA:315,2
DA:316,0
DA:317,0
DA:318,0
DA:319,0
DA:321,0
DA:326,2
DA:327,0
DA:328,0
DA:329,0
DA:335,0
DA:337,0
DA:341,2
DA:342,0
DA:343,0
DA:344,0
DA:345,0
DA:347,0
DA:351,2
DA:352,0
DA:353,0
DA:354,0
DA:355,0
DA:357,0
DA:361,2
DA:362,0
DA:363,0
DA:364,0
DA:365,0
DA:367,0
DA:371,2
DA:372,0
DA:373,0
DA:374,0
DA:376,0
DA:377,0
DA:380,0
DA:383,0
DA:385,0
DA:389,2
LF:193
LH:40
BRDA:295,0,0,0
BRDA:295,0,1,0
BRDA:376,1,0,0
BRDA:376,1,1,0
BRF:4
BRH:0
end_of_record
TN:
SF:backend\routes\reputation.js
FN:9,(anonymous_0)
FN:20,(anonymous_1)
FNF:2
FNH:0
FNDA:0,(anonymous_0)
FNDA:0,(anonymous_1)
DA:1,2
DA:2,2
DA:3,2
DA:9,2
DA:10,0
DA:11,0
DA:12,0
DA:13,0
DA:15,0
DA:16,0
DA:20,2
DA:21,0
DA:22,0
DA:23,0
DA:24,0
DA:26,0
DA:27,0
DA:31,2
LF:18
LH:6
BRDA:11,0,0,0
BRF:1
BRH:0
end_of_record
TN:
SF:backend\routes\users.js
FN:8,(anonymous_0)
FNF:1
FNH:0
FNDA:0,(anonymous_0)
DA:1,2
DA:2,2
DA:3,2
DA:4,2
DA:5,2
DA:8,2
DA:9,0
DA:10,0
DA:13,2
DA:14,2
DA:16,2
LF:11
LH:9
BRF:0
BRH:0
end_of_record
TN:
SF:backend\services\adService.js
FN:4,(anonymous_0)
FN:8,(anonymous_1)
FN:16,(anonymous_2)
FN:43,(anonymous_3)
FN:64,(anonymous_4)
FNF:5
FNH:1
FNDA:2,(anonymous_0)
FNDA:0,(anonymous_1)
FNDA:0,(anonymous_2)
FNDA:0,(anonymous_3)
FNDA:0,(anonymous_4)
DA:1,2
DA:5,2
DA:9,0
DA:17,0
DA:19,0
DA:33,0
DA:35,0
DA:36,0
DA:44,0
DA:45,0
DA:46,0
DA:47,0
DA:48,0
DA:50,0
DA:51,0
DA:56,0
DA:57,0
DA:65,0
DA:66,0
DA:68,0
DA:98,0
DA:104,2
LF:22
LH:3
BRDA:43,0,0,0
BRDA:46,1,0,0
BRDA:46,1,1,0
BRDA:47,2,0,0
BRDA:47,2,1,0
BRDA:48,3,0,0
BRDA:48,3,1,0
BRDA:66,4,0,0
BRDA:66,4,1,0
BRF:9
BRH:0
end_of_record
TN:
SF:backend\services\aiService.js
FN:3,allowAiMockFallback
FN:13,(anonymous_1)
FN:29,(anonymous_2)
FN:40,(anonymous_3)
FN:70,(anonymous_4)
FN:77,(anonymous_5)
FN:86,(anonymous_6)
FN:116,(anonymous_7)
FN:141,(anonymous_8)
FN:167,(anonymous_9)
FN:203,(anonymous_10)
FN:227,(anonymous_11)
FN:237,(anonymous_12)
FN:243,(anonymous_13)
FN:248,(anonymous_14)
FN:253,(anonymous_15)
FNF:16
FNH:3
FNDA:2,allowAiMockFallback
FNDA:2,(anonymous_1)
FNDA:2,(anonymous_2)
FNDA:0,(anonymous_3)
FNDA:0,(anonymous_4)
FNDA:0,(anonymous_5)
FNDA:0,(anonymous_6)
FNDA:0,(anonymous_7)
FNDA:0,(anonymous_8)
FNDA:0,(anonymous_9)
FNDA:0,(anonymous_10)
FNDA:0,(anonymous_11)
FNDA:0,(anonymous_12)
FNDA:0,(anonymous_13)
FNDA:0,(anonymous_14)
FNDA:0,(anonymous_15)
DA:1,2
DA:4,2
DA:5,0
DA:8,2
DA:14,2
DA:15,2
DA:16,2
DA:17,2
DA:21,2
DA:22,2
DA:23,2
DA:26,2
DA:30,2
DA:31,0
DA:32,2
DA:33,0
DA:35,2
DA:36,2
DA:41,0
DA:46,0
DA:48,0
DA:50,0
DA:52,0
DA:54,0
DA:56,0
DA:58,0
DA:61,0
DA:62,0
DA:63,0
DA:66,0
DA:71,0
DA:72,0
DA:73,0
DA:76,0
DA:77,0
DA:78,0
DA:81,0
DA:82,0
DA:87,0
DA:117,0
DA:137,0
DA:138,0
DA:142,0
DA:163,0
DA:164,0
DA:168,0
DA:171,0
DA:198,0
DA:199,0
DA:202,0
DA:203,0
DA:204,0
DA:206,0
DA:207,0
DA:208,0
DA:212,0
DA:221,0
DA:222,0
DA:223,0
DA:224,0
DA:227,0
DA:228,0
DA:229,0
DA:230,0
DA:231,0
DA:232,0
DA:233,0
DA:237,0
DA:240,0
DA:245,0
DA:250,0
DA:255,0
DA:259,2
LF:73
LH:16
BRDA:4,0,0,0
BRDA:4,0,1,2
BRDA:15,1,0,2
BRDA:15,1,1,2
BRDA:16,2,0,2
BRDA:16,2,1,2
BRDA:18,3,0,2
BRDA:18,3,1,2
BRDA:18,3,2,2
BRDA:21,4,0,2
BRDA:21,4,1,2
BRDA:22,5,0,2
BRDA:22,5,1,2
BRDA:30,6,0,0
BRDA:30,6,1,2
BRDA:30,7,0,2
BRDA:30,7,1,0
BRDA:32,8,0,0
BRDA:32,8,1,2
BRDA:40,9,0,0
BRDA:43,10,0,0
BRDA:44,11,0,0
BRDA:45,12,0,0
BRDA:52,13,0,0
BRDA:52,13,1,0
BRDA:52,13,2,0
BRDA:62,14,0,0
BRDA:62,14,1,0
BRDA:72,15,0,0
BRDA:72,15,1,0
BRDA:76,16,0,0
BRDA:76,16,1,0
BRDA:81,17,0,0
BRDA:81,17,1,0
BRDA:204,18,0,0
BRDA:204,18,1,0
BRDA:206,19,0,0
BRDA:206,19,1,0
BRDA:221,20,0,0
BRDA:221,20,1,0
BRDA:227,21,0,0
BRDA:227,21,1,0
BRDA:228,22,0,0
BRDA:228,22,1,0
BRDA:232,23,0,0
BRDA:232,23,1,0
BRF:46
BRH:15
end_of_record
TN:
SF:backend\services\alertRules.js
FN:15,trackRequest
FN:22,trackError
FN:29,(anonymous_2)
FNF:3
FNH:1
FNDA:1,trackRequest
FNDA:0,trackError
FNDA:0,(anonymous_2)
DA:1,2
DA:2,2
DA:9,2
DA:10,2
DA:16,1
DA:23,0
DA:29,2
DA:31,0
DA:32,0
DA:33,0
DA:34,0
DA:42,0
DA:43,0
DA:44,0
DA:46,0
DA:47,0
DA:57,0
DA:58,0
DA:62,2
LF:19
LH:7
BRDA:31,0,0,0
BRDA:31,0,1,0
BRDA:33,1,0,0
BRDA:33,1,1,0
BRDA:46,2,0,0
BRDA:46,2,1,0
BRF:6
BRH:0
end_of_record
TN:
SF:backend\services\alertingService.js
FN:6,(anonymous_0)
FN:40,(anonymous_1)
FN:81,(anonymous_2)
FN:97,(anonymous_3)
FN:121,(anonymous_4)
FN:147,(anonymous_5)
FN:180,(anonymous_6)
FN:194,(anonymous_7)
FN:208,(anonymous_8)
FN:233,(anonymous_9)
FN:259,(anonymous_10)
FN:277,(anonymous_11)
FN:294,(anonymous_12)
FN:318,(anonymous_13)
FN:342,(anonymous_14)
FN:367,(anonymous_15)
FN:391,(anonymous_16)
FN:413,(anonymous_17)
FN:435,(anonymous_18)
FN:437,(anonymous_19)
FN:439,(anonymous_20)
FNF:21
FNH:7
FNDA:4,(anonymous_0)
FNDA:1,(anonymous_1)
FNDA:1,(anonymous_2)
FNDA:1,(anonymous_3)
FNDA:1,(anonymous_4)
FNDA:0,(anonymous_5)
FNDA:0,(anonymous_6)
FNDA:1,(anonymous_7)
FNDA:1,(anonymous_8)
FNDA:0,(anonymous_9)
FNDA:0,(anonymous_10)
FNDA:0,(anonymous_11)
FNDA:0,(anonymous_12)
FNDA:0,(anonymous_13)
FNDA:0,(anonymous_14)
FNDA:0,(anonymous_15)
FNDA:0,(anonymous_16)
FNDA:0,(anonymous_17)
FNDA:0,(anonymous_18)
FNDA:0,(anonymous_19)
FNDA:0,(anonymous_20)
DA:1,4
DA:2,4
DA:7,4
DA:8,4
DA:11,4
DA:22,4
DA:33,4
DA:42,1
DA:43,0
DA:44,0
DA:45,0
DA:46,0
DA:49,1
DA:52,1
DA:53,0
DA:54,0
DA:55,0
DA:59,1
DA:62,1
DA:70,1
DA:71,1
DA:73,0
DA:82,1
DA:84,0
DA:85,0
DA:89,0
DA:98,1
DA:99,1
DA:102,0
DA:103,0
DA:105,0
DA:106,0
DA:113,0
DA:122,1
DA:123,1
DA:126,0
DA:127,0
DA:128,0
DA:129,0
DA:139,0
DA:148,0
DA:149,0
DA:152,0
DA:153,0
DA:168,0
DA:169,0
DA:171,0
DA:181,0
DA:182,0
DA:183,0
DA:184,0
DA:185,0
DA:186,0
DA:195,1
DA:196,1
DA:201,0
DA:209,1
DA:220,1
DA:223,1
DA:224,0
DA:234,0
DA:259,0
DA:278,0
DA:279,0
DA:280,0
DA:281,0
DA:282,0
DA:283,0
DA:295,0
DA:296,0
DA:319,0
DA:320,0
DA:343,0
DA:344,0
DA:345,0
DA:368,0
DA:369,0
DA:392,0
DA:414,0
DA:436,0
DA:437,0
DA:439,0
DA:446,4
LF:83
LH:25
BRDA:12,0,0,4
BRDA:12,0,1,4
BRDA:13,1,0,4
BRDA:13,1,1,4
BRDA:42,2,0,0
BRDA:42,2,1,1
BRDA:42,3,0,1
BRDA:42,3,1,0
BRDA:44,4,0,0
BRDA:44,4,1,0
BRDA:45,5,0,0
BRDA:45,5,1,0
BRDA:46,6,0,0
BRDA:46,6,1,0
BRDA:52,7,0,0
BRDA:52,7,1,1
BRDA:54,8,0,0
BRDA:54,8,1,0
BRDA:64,9,0,1
BRDA:64,9,1,0
BRDA:82,10,0,1
BRDA:82,10,1,0
BRDA:89,11,0,0
BRDA:89,11,1,0
BRDA:98,12,0,1
BRDA:98,12,1,0
BRDA:98,13,0,1
BRDA:98,13,1,0
BRDA:107,14,0,0
BRDA:107,14,1,0
BRDA:122,15,0,1
BRDA:122,15,1,0
BRDA:128,16,0,0
BRDA:128,16,1,0
BRDA:130,17,0,0
BRDA:130,17,1,0
BRDA:148,18,0,0
BRDA:148,18,1,0
BRDA:171,19,0,0
BRDA:171,19,1,0
BRDA:181,20,0,0
BRDA:181,20,1,0
BRDA:181,20,2,0
BRDA:181,20,3,0
BRDA:181,20,4,0
BRDA:195,21,0,1
BRDA:195,21,1,0
BRDA:223,22,0,0
BRDA:223,22,1,1
BRDA:251,23,0,0
BRDA:251,23,1,0
BRDA:255,24,0,0
BRDA:255,24,1,0
BRDA:278,25,0,0
BRDA:278,25,1,0
BRDA:278,25,2,0
BRDA:278,25,3,0
BRDA:278,25,4,0
BRDA:295,26,0,0
BRDA:295,26,1,0
BRDA:298,27,0,0
BRDA:298,27,1,0
BRDA:319,28,0,0
BRDA:319,28,1,0
BRDA:322,29,0,0
BRDA:322,29,1,0
BRDA:344,30,0,0
BRDA:344,30,1,0
BRDA:347,31,0,0
BRDA:347,31,1,0
BRDA:368,32,0,0
BRDA:368,32,1,0
BRDA:371,33,0,0
BRDA:371,33,1,0
BRDA:435,34,0,0
BRF:75
BRH:14
end_of_record
TN:
SF:backend\services\auditLedgerService.js
FN:12,(anonymous_0)
FN:19,(anonymous_1)
FN:26,(anonymous_2)
FN:53,(anonymous_3)
FN:99,(anonymous_4)
FN:118,(anonymous_5)
FN:150,(anonymous_6)
FN:174,(anonymous_7)
FN:195,(anonymous_8)
FN:230,(anonymous_9)
FN:247,(anonymous_10)
FN:304,(anonymous_11)
FN:329,(anonymous_12)
FN:343,(anonymous_13)
FNF:14
FNH:1
FNDA:2,(anonymous_0)
FNDA:0,(anonymous_1)
FNDA:0,(anonymous_2)
FNDA:0,(anonymous_3)
FNDA:0,(anonymous_4)
FNDA:0,(anonymous_5)
FNDA:0,(anonymous_6)
FNDA:0,(anonymous_7)
FNDA:0,(anonymous_8)
FNDA:0,(anonymous_9)
FNDA:0,(anonymous_10)
FNDA:0,(anonymous_11)
FNDA:0,(anonymous_12)
FNDA:0,(anonymous_13)
DA:1,2
DA:2,2
DA:3,2
DA:5,2
DA:13,2
DA:20,0
DA:27,0
DA:28,0
DA:29,0
DA:30,0
DA:32,0
DA:42,0
DA:44,0
DA:46,0
DA:54,0
DA:55,0
DA:58,0
DA:63,0
DA:70,0
DA:82,0
DA:83,0
DA:85,0
DA:92,0
DA:100,0
DA:105,0
DA:107,0
DA:108,0
DA:119,0
DA:121,0
DA:135,0
DA:137,0
DA:144,0
DA:151,0
DA:153,0
DA:154,0
DA:156,0
DA:157,0
DA:158,0
DA:160,0
DA:161,0
DA:168,0
DA:175,0
DA:176,0
DA:178,0
DA:179,0
DA:182,0
DA:192,0
DA:195,0
DA:196,0
DA:198,0
DA:212,0
DA:224,0
DA:231,0
DA:232,0
DA:234,0
DA:235,0
DA:236,0
DA:237,0
DA:238,0
DA:241,0
DA:248,0
DA:253,0
DA:254,0
DA:255,0
DA:268,0
DA:270,0
DA:271,0
DA:279,0
DA:280,0
DA:281,0
DA:288,0
DA:289,0
DA:298,0
DA:305,0
DA:306,0
DA:307,0
DA:308,0
DA:310,0
DA:318,0
DA:319,0
DA:321,0
DA:322,0
DA:330,0
DA:344,0
DA:349,0
DA:353,2
LF:86
LH:6
BRDA:63,0,0,0
BRDA:63,0,1,0
BRDA:105,1,0,0
BRDA:105,1,1,0
BRDA:151,2,0,0
BRDA:151,2,1,0
BRDA:151,3,0,0
BRDA:151,3,1,0
BRDA:154,4,0,0
BRDA:154,4,1,0
BRDA:154,5,0,0
BRDA:154,5,1,0
BRDA:160,6,0,0
BRDA:160,6,1,0
BRDA:168,7,0,0
BRDA:168,7,1,0
BRDA:192,8,0,0
BRDA:192,8,1,0
BRDA:231,9,0,0
BRDA:231,9,1,0
BRDA:232,10,0,0
BRDA:232,10,1,0
BRDA:237,11,0,0
BRDA:237,11,1,0
BRDA:270,12,0,0
BRDA:270,12,1,0
BRDA:279,13,0,0
BRDA:279,13,1,0
BRDA:288,14,0,0
BRDA:288,14,1,0
BRDA:329,15,0,0
BRF:31
BRH:0
end_of_record
TN:
SF:backend\services\cacheService.js
FN:6,(anonymous_0)
FN:20,(anonymous_1)
FN:43,(anonymous_2)
FN:48,(anonymous_3)
FN:52,(anonymous_4)
FN:71,(anonymous_5)
FN:90,(anonymous_6)
FN:110,(anonymous_7)
FN:124,(anonymous_8)
FN:138,(anonymous_9)
FN:139,(anonymous_10)
FN:156,(anonymous_11)
FN:158,(anonymous_12)
FN:177,(anonymous_13)
FN:182,(anonymous_14)
FN:188,(anonymous_15)
FN:193,(anonymous_16)
FN:199,(anonymous_17)
FN:204,(anonymous_18)
FN:210,(anonymous_19)
FN:239,(anonymous_20)
FN:245,(anonymous_21)
FN:261,(anonymous_22)
FNF:23
FNH:2
FNDA:2,(anonymous_0)
FNDA:2,(anonymous_1)
FNDA:0,(anonymous_2)
FNDA:0,(anonymous_3)
FNDA:0,(anonymous_4)
FNDA:0,(anonymous_5)
FNDA:0,(anonymous_6)
FNDA:0,(anonymous_7)
FNDA:0,(anonymous_8)
FNDA:0,(anonymous_9)
FNDA:0,(anonymous_10)
FNDA:0,(anonymous_11)
FNDA:0,(anonymous_12)
FNDA:0,(anonymous_13)
FNDA:0,(anonymous_14)
FNDA:0,(anonymous_15)
FNDA:0,(anonymous_16)
FNDA:0,(anonymous_17)
FNDA:0,(anonymous_18)
FNDA:0,(anonymous_19)
FNDA:0,(anonymous_20)
FNDA:0,(anonymous_21)
FNDA:0,(anonymous_22)
DA:1,2
DA:2,2
DA:7,2
DA:13,2
DA:14,2
DA:17,2
DA:21,2
DA:22,2
DA:23,2
DA:25,2
DA:29,2
DA:30,2
DA:38,2
DA:39,0
DA:40,0
DA:43,0
DA:44,0
DA:45,0
DA:48,0
DA:49,0
DA:52,0
DA:53,0
DA:57,1
DA:65,1
DA:66,1
DA:72,0
DA:74,0
DA:75,0
DA:76,0
DA:77,0
DA:82,0
DA:84,0
DA:85,0
DA:91,0
DA:92,0
DA:95,0
DA:96,0
DA:100,0
DA:102,0
DA:104,0
DA:105,0
DA:111,0
DA:112,0
DA:113,0
DA:115,0
DA:116,0
DA:118,0
DA:119,0
DA:125,0
DA:126,0
DA:127,0
DA:129,0
DA:130,0
DA:132,0
DA:133,0
DA:139,0
DA:140,0
DA:142,0
DA:147,0
DA:148,0
DA:149,0
DA:153,0
DA:156,0
DA:158,0
DA:159,0
DA:163,0
DA:166,0
DA:168,0
DA:169,0
DA:178,0
DA:179,0
DA:183,0
DA:184,0
DA:189,0
DA:190,0
DA:194,0
DA:195,0
DA:200,0
DA:201,0
DA:205,0
DA:206,0
DA:211,0
DA:216,0
DA:218,0
DA:219,0
DA:220,0
DA:221,0
DA:222,0
DA:225,0
DA:230,0
DA:231,0
DA:232,0
DA:233,0
DA:240,0
DA:241,0
DA:246,0
DA:247,0
DA:262,0
DA:263,0
DA:264,0
DA:266,0
DA:267,0
DA:269,0
DA:275,2
DA:277,2
LF:105
LH:18
BRDA:21,0,0,2
BRDA:21,0,1,0
BRDA:22,1,0,2
BRDA:22,1,1,0
BRDA:25,2,0,0
BRDA:25,2,1,2
BRDA:60,3,0,0
BRDA:60,3,1,1
BRDA:74,4,0,0
BRDA:74,4,1,0
BRDA:76,5,0,0
BRDA:76,5,1,0
BRDA:90,6,0,0
BRDA:95,7,0,0
BRDA:95,7,1,0
BRDA:112,8,0,0
BRDA:112,8,1,0
BRDA:126,9,0,0
BRDA:126,9,1,0
BRDA:138,10,0,0
BRDA:138,11,0,0
BRDA:142,12,0,0
BRDA:142,12,1,0
BRDA:148,13,0,0
BRDA:148,13,1,0
BRDA:182,14,0,0
BRDA:193,15,0,0
BRDA:204,16,0,0
BRDA:218,17,0,0
BRDA:218,17,1,0
BRDA:221,18,0,0
BRDA:221,18,1,0
BRDA:232,19,0,0
BRDA:232,19,1,0
BRDA:252,20,0,0
BRDA:252,20,1,0
BRDA:263,21,0,0
BRDA:263,21,1,0
BRDA:263,22,0,0
BRDA:263,22,1,0
BRF:40
BRH:4
end_of_record
TN:
SF:backend\services\caseLifecycle.js
FN:5,(anonymous_0)
FN:14,updateCaseStatus
FN:74,setSatisfaction
FNF:3
FNH:2
FNDA:1,(anonymous_0)
FNDA:1,updateCaseStatus
FNDA:0,setSatisfaction
DA:1,2
DA:2,2
DA:3,2
DA:5,2
DA:15,1
DA:20,1
DA:39,1
DA:47,1
DA:48,0
DA:58,1
DA:66,1
DA:75,0
DA:77,0
DA:89,0
DA:99,0
DA:100,0
DA:102,0
DA:105,2
LF:18
LH:11
BRDA:14,0,0,0
BRDA:26,1,0,1
BRDA:26,1,1,0
BRDA:47,2,0,0
BRDA:47,2,1,1
BRDA:47,3,0,1
BRDA:47,3,1,1
BRF:7
BRH:4
end_of_record
TN:
SF:backend\services\certificate65BService.js
FN:16,(anonymous_0)
FN:22,(anonymous_1)
FN:33,(anonymous_2)
FN:42,(anonymous_3)
FN:71,(anonymous_4)
FN:210,(anonymous_5)
FN:258,(anonymous_6)
FN:259,(anonymous_7)
FN:285,(anonymous_8)
FN:300,(anonymous_9)
FN:308,(anonymous_10)
FN:316,(anonymous_11)
FN:340,(anonymous_12)
FN:358,(anonymous_13)
FN:415,(anonymous_14)
FNF:15
FNH:2
FNDA:2,(anonymous_0)
FNDA:2,(anonymous_1)
FNDA:0,(anonymous_2)
FNDA:0,(anonymous_3)
FNDA:0,(anonymous_4)
FNDA:0,(anonymous_5)
FNDA:0,(anonymous_6)
FNDA:0,(anonymous_7)
FNDA:0,(anonymous_8)
FNDA:0,(anonymous_9)
FNDA:0,(anonymous_10)
FNDA:0,(anonymous_11)
FNDA:0,(anonymous_12)
FNDA:0,(anonymous_13)
FNDA:0,(anonymous_14)
DA:1,2
DA:2,2
DA:3,2
DA:4,2
DA:5,2
DA:6,2
DA:7,2
DA:9,2
DA:17,2
DA:18,2
DA:19,2
DA:23,2
DA:24,2
DA:26,0
DA:34,0
DA:35,0
DA:36,0
DA:43,0
DA:44,0
DA:45,0
DA:46,0
DA:48,0
DA:50,0
DA:60,0
DA:62,0
DA:64,0
DA:72,0
DA:74,0
DA:85,0
DA:86,0
DA:94,0
DA:96,0
DA:99,0
DA:100,0
DA:101,0
DA:104,0
DA:107,0
DA:108,0
DA:109,0
DA:113,0
DA:117,0
DA:118,0
DA:119,0
DA:122,0
DA:125,0
DA:126,0
DA:127,0
DA:130,0
DA:133,0
DA:134,0
DA:138,0
DA:139,0
DA:141,0
DA:157,0
DA:160,0
DA:180,0
DA:181,0
DA:184,0
DA:193,0
DA:194,0
DA:196,0
DA:199,0
DA:202,0
DA:203,0
DA:212,0
DA:214,0
DA:259,0
DA:260,0
DA:261,0
DA:263,0
DA:268,0
DA:269,0
DA:272,0
DA:273,0
DA:274,0
DA:275,0
DA:278,0
DA:279,0
DA:280,0
DA:281,0
DA:284,0
DA:285,0
DA:286,0
DA:287,0
DA:289,0
DA:294,0
DA:295,0
DA:296,0
DA:298,0
DA:300,0
DA:301,0
DA:309,0
DA:310,0
DA:317,0
DA:330,0
DA:331,0
DA:334,0
DA:341,0
DA:359,0
DA:362,0
DA:373,0
DA:374,0
DA:377,0
DA:378,0
DA:379,0
DA:380,0
DA:382,0
DA:383,0
DA:385,0
DA:390,0
DA:391,0
DA:392,0
DA:393,0
DA:395,0
DA:396,0
DA:398,0
DA:402,0
DA:416,0
DA:426,0
DA:440,2
LF:120
LH:14
BRDA:71,0,0,0
BRDA:85,1,0,0
BRDA:85,1,1,0
BRDA:94,2,0,0
BRDA:94,2,1,0
BRDA:94,2,2,0
BRDA:94,2,3,0
BRDA:94,2,4,0
BRDA:133,3,0,0
BRDA:133,3,1,0
BRDA:151,4,0,0
BRDA:151,4,1,0
BRDA:286,5,0,0
BRDA:286,5,1,0
BRDA:330,6,0,0
BRDA:330,6,1,0
BRDA:378,7,0,0
BRDA:378,7,1,0
BRDA:378,8,0,0
BRDA:378,8,1,0
BRDA:391,9,0,0
BRDA:391,9,1,0
BRDA:404,10,0,0
BRDA:404,10,1,0
BRDA:404,10,2,0
BRDA:404,10,3,0
BRF:26
BRH:0
end_of_record
TN:
SF:backend\services\chainOfCustodyService.js
FN:13,(anonymous_0)
FN:20,(anonymous_1)
FN:49,(anonymous_2)
FN:86,(anonymous_3)
FN:124,(anonymous_4)
FN:168,(anonymous_5)
FN:205,(anonymous_6)
FN:249,(anonymous_7)
FN:272,(anonymous_8)
FN:292,(anonymous_9)
FN:331,(anonymous_10)
FN:352,(anonymous_11)
FN:368,(anonymous_12)
FN:399,(anonymous_13)
FNF:14
FNH:1
FNDA:2,(anonymous_0)
FNDA:0,(anonymous_1)
FNDA:0,(anonymous_2)
FNDA:0,(anonymous_3)
FNDA:0,(anonymous_4)
FNDA:0,(anonymous_5)
FNDA:0,(anonymous_6)
FNDA:0,(anonymous_7)
FNDA:0,(anonymous_8)
FNDA:0,(anonymous_9)
FNDA:0,(anonymous_10)
FNDA:0,(anonymous_11)
FNDA:0,(anonymous_12)
FNDA:0,(anonymous_13)
DA:1,2
DA:2,2
DA:3,2
DA:4,2
DA:6,2
DA:14,2
DA:21,0
DA:22,0
DA:23,0
DA:24,0
DA:26,0
DA:28,0
DA:38,0
DA:40,0
DA:42,0
DA:50,0
DA:64,0
DA:66,0
DA:74,0
DA:75,0
DA:77,0
DA:80,0
DA:88,0
DA:93,0
DA:95,0
DA:109,0
DA:111,0
DA:118,0
DA:125,0
DA:130,0
DA:132,0
DA:146,0
DA:148,0
DA:156,0
DA:157,0
DA:159,0
DA:162,0
DA:169,0
DA:183,0
DA:185,0
DA:193,0
DA:194,0
DA:196,0
DA:199,0
DA:206,0
DA:211,0
DA:213,0
DA:227,0
DA:229,0
DA:237,0
DA:238,0
DA:240,0
DA:243,0
DA:250,0
DA:265,0
DA:267,0
DA:272,0
DA:293,0
DA:294,0
DA:295,0
DA:309,0
DA:311,0
DA:312,0
DA:316,0
DA:317,0
DA:318,0
DA:319,0
DA:320,0
DA:325,0
DA:332,0
DA:337,0
DA:338,0
DA:341,0
DA:353,0
DA:366,0
DA:368,0
DA:369,0
DA:370,0
DA:381,0
DA:382,0
DA:383,0
DA:384,0
DA:385,0
DA:387,0
DA:388,0
DA:391,0
DA:392,0
DA:396,0
DA:399,0
DA:409,2
LF:90
LH:7
BRDA:49,0,0,0
BRDA:49,1,0,0
BRDA:86,2,0,0
BRDA:93,3,0,0
BRDA:93,3,1,0
BRDA:124,4,0,0
BRDA:130,5,0,0
BRDA:130,5,1,0
BRDA:168,6,0,0
BRDA:205,7,0,0
BRDA:211,8,0,0
BRDA:211,8,1,0
BRDA:311,9,0,0
BRDA:311,9,1,0
BRDA:316,10,0,0
BRDA:316,10,1,0
BRDA:319,11,0,0
BRDA:319,11,1,0
BRDA:337,12,0,0
BRDA:337,12,1,0
BRDA:369,13,0,0
BRDA:369,13,1,0
BRDA:387,14,0,0
BRDA:387,14,1,0
BRDA:391,15,0,0
BRDA:391,15,1,0
BRDA:402,16,0,0
BRDA:402,16,1,0
BRDA:402,17,0,0
BRDA:402,17,1,0
BRF:30
BRH:0
end_of_record
TN:
SF:backend\services\courtDossierService.js
FN:19,(anonymous_0)
FN:25,(anonymous_1)
FN:36,(anonymous_2)
FN:64,(anonymous_3)
FN:137,(anonymous_4)
FN:138,(anonymous_5)
FN:139,(anonymous_6)
FN:140,(anonymous_7)
FN:186,(anonymous_8)
FN:259,(anonymous_9)
FN:268,(anonymous_10)
FN:307,(anonymous_11)
FN:313,(anonymous_12)
FN:322,(anonymous_13)
FN:358,(anonymous_14)
FN:369,(anonymous_15)
FN:370,(anonymous_16)
FN:380,(anonymous_17)
FN:418,(anonymous_18)
FN:436,(anonymous_19)
FN:444,(anonymous_20)
FN:468,(anonymous_21)
FN:489,(anonymous_22)
FNF:23
FNH:2
FNDA:2,(anonymous_0)
FNDA:2,(anonymous_1)
FNDA:0,(anonymous_2)
FNDA:0,(anonymous_3)
FNDA:0,(anonymous_4)
FNDA:0,(anonymous_5)
FNDA:0,(anonymous_6)
FNDA:0,(anonymous_7)
FNDA:0,(anonymous_8)
FNDA:0,(anonymous_9)
FNDA:0,(anonymous_10)
FNDA:0,(anonymous_11)
FNDA:0,(anonymous_12)
FNDA:0,(anonymous_13)
FNDA:0,(anonymous_14)
FNDA:0,(anonymous_15)
FNDA:0,(anonymous_16)
FNDA:0,(anonymous_17)
FNDA:0,(anonymous_18)
FNDA:0,(anonymous_19)
FNDA:0,(anonymous_20)
FNDA:0,(anonymous_21)
FNDA:0,(anonymous_22)
DA:1,2
DA:2,2
DA:3,2
DA:4,2
DA:5,2
DA:6,2
DA:7,2
DA:8,2
DA:9,2
DA:10,2
DA:12,2
DA:20,2
DA:21,2
DA:22,2
DA:26,2
DA:27,2
DA:29,0
DA:37,0
DA:38,0
DA:39,0
DA:40,0
DA:42,0
DA:44,0
DA:54,0
DA:56,0
DA:57,0
DA:65,0
DA:66,0
DA:69,0
DA:92,0
DA:93,0
DA:97,0
DA:98,0
DA:101,0
DA:104,0
DA:107,0
DA:115,0
DA:118,0
DA:127,0
DA:137,0
DA:138,0
DA:139,0
DA:140,0
DA:160,0
DA:161,0
DA:163,0
DA:166,0
DA:178,0
DA:179,0
DA:187,0
DA:190,0
DA:191,0
DA:203,0
DA:204,0
DA:218,0
DA:219,0
DA:220,0
DA:233,0
DA:238,0
DA:239,0
DA:253,0
DA:260,0
DA:261,0
DA:263,0
DA:268,0
DA:269,0
DA:270,0
DA:271,0
DA:274,0
DA:275,0
DA:276,0
DA:277,0
DA:280,0
DA:281,0
DA:282,0
DA:283,0
DA:284,0
DA:285,0
DA:286,0
DA:287,0
DA:288,0
DA:289,0
DA:290,0
DA:293,0
DA:294,0
DA:295,0
DA:296,0
DA:297,0
DA:298,0
DA:299,0
DA:300,0
DA:303,0
DA:304,0
DA:305,0
DA:307,0
DA:308,0
DA:309,0
DA:312,0
DA:313,0
DA:314,0
DA:316,0
DA:319,0
DA:320,0
DA:322,0
DA:323,0
DA:324,0
DA:325,0
DA:326,0
DA:327,0
DA:331,0
DA:332,0
DA:333,0
DA:335,0
DA:336,0
DA:337,0
DA:338,0
DA:341,0
DA:342,0
DA:343,0
DA:344,0
DA:345,0
DA:346,0
DA:347,0
DA:348,0
DA:349,0
DA:352,0
DA:353,0
DA:354,0
DA:356,0
DA:358,0
DA:359,0
DA:361,0
DA:370,0
DA:371,0
DA:372,0
DA:373,0
DA:375,0
DA:376,0
DA:380,0
DA:381,0
DA:383,0
DA:386,0
DA:389,0
DA:390,0
DA:391,0
DA:393,0
DA:394,0
DA:397,0
DA:404,0
DA:407,0
DA:412,0
DA:418,0
DA:426,0
DA:428,0
DA:429,0
DA:437,0
DA:438,0
DA:445,0
DA:458,0
DA:459,0
DA:462,0
DA:469,0
DA:490,0
DA:493,0
DA:494,0
DA:495,0
DA:496,0
DA:498,0
DA:499,0
DA:501,0
DA:506,0
DA:514,0
DA:515,0
DA:518,0
DA:519,0
DA:520,0
DA:521,0
DA:523,0
DA:524,0
DA:526,0
DA:530,0
DA:541,2
LF:182
LH:17
BRDA:64,0,0,0
BRDA:92,1,0,0
BRDA:92,1,1,0
BRDA:219,2,0,0
BRDA:219,2,1,0
BRDA:285,3,0,0
BRDA:285,3,1,0
BRDA:287,4,0,0
BRDA:287,4,1,0
BRDA:296,5,0,0
BRDA:296,5,1,0
BRDA:297,6,0,0
BRDA:297,6,1,0
BRDA:298,7,0,0
BRDA:298,7,1,0
BRDA:299,8,0,0
BRDA:299,8,1,0
BRDA:308,9,0,0
BRDA:308,9,1,0
BRDA:326,10,0,0
BRDA:326,10,1,0
BRDA:326,10,2,0
BRDA:326,10,3,0
BRDA:336,11,0,0
BRDA:336,11,1,0
BRDA:337,12,0,0
BRDA:337,12,1,0
BRDA:391,13,0,0
BRDA:391,13,1,0
BRDA:401,14,0,0
BRDA:401,14,1,0
BRDA:401,14,2,0
BRDA:402,15,0,0
BRDA:402,15,1,0
BRDA:422,16,0,0
BRDA:422,16,1,0
BRDA:422,16,2,0
BRDA:458,17,0,0
BRDA:458,17,1,0
BRDA:494,18,0,0
BRDA:494,18,1,0
BRDA:519,19,0,0
BRDA:519,19,1,0
BRDA:532,20,0,0
BRDA:532,20,1,0
BRDA:532,20,2,0
BRF:46
BRH:0
end_of_record
TN:
SF:backend\services\databaseManager.js
FN:5,allowMockFallback
FN:13,resolveDatabaseUrl
FN:38,(anonymous_2)
FN:45,(anonymous_3)
FN:82,(anonymous_4)
FN:83,(anonymous_5)
FN:110,(anonymous_6)
FN:121,(anonymous_7)
FN:131,(anonymous_8)
FN:135,(anonymous_9)
FN:136,(anonymous_10)
FN:138,(anonymous_11)
FN:142,(anonymous_12)
FN:146,(anonymous_13)
FN:147,(anonymous_14)
FN:150,(anonymous_15)
FN:151,(anonymous_16)
FN:155,(anonymous_17)
FN:157,(anonymous_18)
FN:159,(anonymous_19)
FN:160,(anonymous_20)
FN:168,(anonymous_21)
FN:171,(anonymous_22)
FN:172,(anonymous_23)
FN:173,(anonymous_24)
FN:176,(anonymous_25)
FN:177,(anonymous_26)
FN:178,(anonymous_27)
FN:187,(anonymous_28)
FN:188,(anonymous_29)
FN:193,(anonymous_30)
FN:201,(anonymous_31)
FN:217,(anonymous_32)
FN:252,(anonymous_33)
FN:257,(anonymous_34)
FN:274,(anonymous_35)
FN:282,(anonymous_36)
FNF:37
FNH:1
FNDA:0,allowMockFallback
FNDA:0,resolveDatabaseUrl
FNDA:4,(anonymous_2)
FNDA:0,(anonymous_3)
FNDA:0,(anonymous_4)
FNDA:0,(anonymous_5)
FNDA:0,(anonymous_6)
FNDA:0,(anonymous_7)
FNDA:0,(anonymous_8)
FNDA:0,(anonymous_9)
FNDA:0,(anonymous_10)
FNDA:0,(anonymous_11)
FNDA:0,(anonymous_12)
FNDA:0,(anonymous_13)
FNDA:0,(anonymous_14)
FNDA:0,(anonymous_15)
FNDA:0,(anonymous_16)
FNDA:0,(anonymous_17)
FNDA:0,(anonymous_18)
FNDA:0,(anonymous_19)
FNDA:0,(anonymous_20)
FNDA:0,(anonymous_21)
FNDA:0,(anonymous_22)
FNDA:0,(anonymous_23)
FNDA:0,(anonymous_24)
FNDA:0,(anonymous_25)
FNDA:0,(anonymous_26)
FNDA:0,(anonymous_27)
FNDA:0,(anonymous_28)
FNDA:0,(anonymous_29)
FNDA:0,(anonymous_30)
FNDA:0,(anonymous_31)
FNDA:0,(anonymous_32)
FNDA:0,(anonymous_33)
FNDA:0,(anonymous_34)
FNDA:0,(anonymous_35)
FNDA:0,(anonymous_36)
DA:1,4
DA:2,4
DA:3,4
DA:6,0
DA:7,0
DA:10,0
DA:14,0
DA:15,0
DA:18,0
DA:19,0
DA:22,0
DA:23,0
DA:24,0
DA:25,0
DA:26,0
DA:27,0
DA:29,0
DA:30,0
DA:33,0
DA:39,4
DA:40,4
DA:41,4
DA:42,4
DA:46,0
DA:48,0
DA:49,0
DA:51,0
DA:52,0
DA:56,0
DA:57,0
DA:58,0
DA:60,0
DA:61,0
DA:64,0
DA:70,0
DA:71,0
DA:75,0
DA:79,0
DA:81,0
DA:82,0
DA:83,0
DA:86,0
DA:87,0
DA:88,0
DA:90,0
DA:91,0
DA:93,0
DA:94,0
DA:95,0
DA:99,0
DA:101,0
DA:104,0
DA:105,0
DA:106,0
DA:111,0
DA:113,0
DA:121,0
DA:131,0
DA:134,0
DA:135,0
DA:136,0
DA:139,0
DA:140,0
DA:143,0
DA:144,0
DA:146,0
DA:148,0
DA:149,0
DA:150,0
DA:151,0
DA:153,0
DA:156,0
DA:157,0
DA:160,0
DA:168,0
DA:171,0
DA:172,0
DA:173,0
DA:176,0
DA:178,0
DA:187,0
DA:188,0
DA:194,0
DA:195,0
DA:197,0
DA:202,0
DA:203,0
DA:206,0
DA:208,0
DA:212,0
DA:213,0
DA:218,0
DA:224,0
DA:226,0
DA:227,0
DA:229,0
DA:230,0
DA:237,0
DA:238,0
DA:239,0
DA:240,0
DA:242,0
DA:243,0
DA:248,0
DA:252,0
DA:253,0
DA:258,0
DA:259,0
DA:261,0
DA:262,0
DA:265,0
DA:267,0
DA:268,0
DA:269,0
DA:275,0
DA:283,0
DA:284,0
DA:285,0
DA:287,0
DA:288,0
DA:294,4
DA:296,4
LF:122
LH:9
BRDA:6,0,0,0
BRDA:6,0,1,0
BRDA:14,1,0,0
BRDA:14,1,1,0
BRDA:18,2,0,0
BRDA:18,2,1,0
BRDA:24,3,0,0
BRDA:24,3,1,0
BRDA:25,4,0,0
BRDA:25,4,1,0
BRDA:26,5,0,0
BRDA:26,5,1,0
BRDA:27,6,0,0
BRDA:27,6,1,0
BRDA:29,7,0,0
BRDA:29,7,1,0
BRDA:46,8,0,0
BRDA:46,8,1,0
BRDA:49,9,0,0
BRDA:49,9,1,0
BRDA:51,10,0,0
BRDA:51,10,1,0
BRDA:58,11,0,0
BRDA:58,11,1,0
BRDA:58,12,0,0
BRDA:58,12,1,0
BRDA:66,13,0,0
BRDA:66,13,1,0
BRDA:73,14,0,0
BRDA:73,14,1,0
BRDA:93,15,0,0
BRDA:93,15,1,0
BRDA:121,16,0,0
BRDA:122,17,0,0
BRDA:122,17,1,0
BRDA:131,18,0,0
BRDA:131,18,1,0
BRDA:148,19,0,0
BRDA:148,19,1,0
BRDA:150,20,0,0
BRDA:150,20,1,0
BRDA:153,21,0,0
BRDA:153,21,1,0
BRDA:153,22,0,0
BRDA:153,22,1,0
BRDA:153,23,0,0
BRDA:153,23,1,0
BRDA:156,24,0,0
BRDA:156,24,1,0
BRDA:157,25,0,0
BRDA:157,25,1,0
BRDA:194,26,0,0
BRDA:194,26,1,0
BRDA:202,27,0,0
BRDA:202,27,1,0
BRDA:206,28,0,0
BRDA:206,28,1,0
BRDA:252,29,0,0
BRDA:252,29,1,0
BRF:59
BRH:0
end_of_record
TN:
SF:backend\services\eventLedgerService.js
FN:4,(anonymous_0)
FN:19,(anonymous_1)
FN:20,(anonymous_2)
FN:68,(anonymous_3)
FNF:4
FNH:4
FNDA:8,(anonymous_0)
FNDA:5,(anonymous_1)
FNDA:3,(anonymous_2)
FNDA:3,(anonymous_3)
DA:1,5
DA:2,5
DA:4,8
DA:20,5
DA:22,3
DA:29,2
DA:30,0
DA:31,0
DA:32,0
DA:33,0
DA:34,0
DA:38,2
DA:39,2
DA:42,2
DA:43,2
DA:46,2
DA:59,2
DA:61,2
DA:69,3
DA:74,3
DA:75,3
DA:77,3
DA:78,4
DA:79,1
DA:80,1
DA:83,3
DA:84,3
DA:86,3
DA:87,1
DA:88,1
DA:91,2
DA:94,3
DA:98,5
LF:33
LH:28
BRDA:19,0,0,0
BRDA:19,1,0,0
BRDA:19,2,0,1
BRDA:29,3,0,0
BRDA:29,3,1,2
BRDA:29,4,0,2
BRDA:29,4,1,1
BRDA:32,5,0,0
BRDA:32,5,1,0
BRDA:38,6,0,1
BRDA:38,6,1,1
BRDA:50,7,0,2
BRDA:50,7,1,0
BRDA:78,8,0,1
BRDA:78,8,1,3
BRDA:86,9,0,1
BRDA:86,9,1,2
BRF:17
BRH:11
end_of_record
TN:
SF:backend\services\evidencePackagingService.js
FN:18,(anonymous_0)
FN:26,(anonymous_1)
FN:33,(anonymous_2)
FN:48,(anonymous_3)
FN:52,(anonymous_4)
FN:56,(anonymous_5)
FN:74,(anonymous_6)
FN:81,(anonymous_7)
FN:93,(anonymous_8)
FN:162,(anonymous_9)
FN:188,(anonymous_10)
FN:231,(anonymous_11)
FN:244,(anonymous_12)
FN:251,(anonymous_13)
FN:253,(anonymous_14)
FN:265,(anonymous_15)
FN:282,(anonymous_16)
FN:283,(anonymous_17)
FN:291,(anonymous_18)
FN:333,(anonymous_19)
FN:373,(anonymous_20)
FN:398,(anonymous_21)
FN:436,(anonymous_22)
FN:442,(anonymous_23)
FNF:24
FNH:1
FNDA:2,(anonymous_0)
FNDA:0,(anonymous_1)
FNDA:0,(anonymous_2)
FNDA:0,(anonymous_3)
FNDA:0,(anonymous_4)
FNDA:0,(anonymous_5)
FNDA:0,(anonymous_6)
FNDA:0,(anonymous_7)
FNDA:0,(anonymous_8)
FNDA:0,(anonymous_9)
FNDA:0,(anonymous_10)
FNDA:0,(anonymous_11)
FNDA:0,(anonymous_12)
FNDA:0,(anonymous_13)
FNDA:0,(anonymous_14)
FNDA:0,(anonymous_15)
FNDA:0,(anonymous_16)
FNDA:0,(anonymous_17)
FNDA:0,(anonymous_18)
FNDA:0,(anonymous_19)
FNDA:0,(anonymous_20)
FNDA:0,(anonymous_21)
FNDA:0,(anonymous_22)
FNDA:0,(anonymous_23)
DA:1,2
DA:2,2
DA:3,2
DA:4,2
DA:5,2
DA:6,2
DA:7,2
DA:8,2
DA:9,2
DA:11,2
DA:19,2
DA:20,2
DA:27,0
DA:34,0
DA:43,0
DA:44,0
DA:48,0
DA:49,0
DA:52,0
DA:53,0
DA:56,0
DA:57,0
DA:61,0
DA:74,0
DA:81,0
DA:93,0
DA:111,0
DA:116,0
DA:119,0
DA:122,0
DA:139,0
DA:142,0
DA:149,0
DA:163,0
DA:164,0
DA:165,0
DA:166,0
DA:168,0
DA:178,0
DA:180,0
DA:181,0
DA:189,0
DA:190,0
DA:191,0
DA:194,0
DA:196,0
DA:197,0
DA:200,0
DA:201,0
DA:202,0
DA:203,0
DA:204,0
DA:205,0
DA:206,0
DA:207,0
DA:210,0
DA:211,0
DA:212,0
DA:213,0
DA:214,0
DA:215,0
DA:218,0
DA:219,0
DA:220,0
DA:221,0
DA:222,0
DA:223,0
DA:224,0
DA:225,0
DA:226,0
DA:229,0
DA:230,0
DA:231,0
DA:232,0
DA:233,0
DA:234,0
DA:235,0
DA:236,0
DA:238,0
DA:241,0
DA:242,0
DA:243,0
DA:244,0
DA:245,0
DA:246,0
DA:248,0
DA:251,0
DA:252,0
DA:253,0
DA:254,0
DA:255,0
DA:256,0
DA:259,0
DA:263,0
DA:264,0
DA:265,0
DA:266,0
DA:267,0
DA:268,0
DA:269,0
DA:270,0
DA:271,0
DA:272,0
DA:274,0
DA:278,0
DA:280,0
DA:282,0
DA:283,0
DA:284,0
DA:292,0
DA:302,0
DA:306,0
DA:308,0
DA:322,0
DA:334,0
DA:338,0
DA:339,0
DA:343,0
DA:347,0
DA:350,0
DA:353,0
DA:354,0
DA:355,0
DA:356,0
DA:359,0
DA:374,0
DA:375,0
DA:376,0
DA:377,0
DA:379,0
DA:387,0
DA:388,0
DA:390,0
DA:391,0
DA:399,0
DA:412,0
DA:413,0
DA:416,0
DA:437,0
DA:442,0
DA:454,2
LF:141
LH:13
BRDA:43,0,0,0
BRDA:43,0,1,0
BRDA:224,1,0,0
BRDA:224,1,1,0
BRDA:245,2,0,0
BRDA:245,2,1,0
BRDA:255,3,0,0
BRDA:255,3,1,0
BRDA:271,4,0,0
BRDA:271,4,1,0
BRDA:291,5,0,0
BRDA:338,6,0,0
BRDA:338,6,1,0
BRDA:354,7,0,0
BRDA:354,7,1,0
BRDA:360,8,0,0
BRDA:360,8,1,0
BRDA:360,8,2,0
BRDA:412,9,0,0
BRDA:412,9,1,0
BRF:20
BRH:0
end_of_record
TN:
SF:backend\services\filingService.js
FN:7,(anonymous_0)
FN:14,(anonymous_1)
FN:21,(anonymous_2)
FN:32,(anonymous_3)
FN:57,(anonymous_4)
FN:66,(anonymous_5)
FN:110,(anonymous_6)
FN:122,(anonymous_7)
FN:145,(anonymous_8)
FN:153,(anonymous_9)
FN:179,(anonymous_10)
FN:179,(anonymous_11)
FN:185,(anonymous_12)
FN:205,(anonymous_13)
FN:205,(anonymous_14)
FN:211,(anonymous_15)
FN:227,(anonymous_16)
FNF:17
FNH:16
FNDA:6,(anonymous_0)
FNDA:3,(anonymous_1)
FNDA:3,(anonymous_2)
FNDA:1,(anonymous_3)
FNDA:1,(anonymous_4)
FNDA:3,(anonymous_5)
FNDA:1,(anonymous_6)
FNDA:1,(anonymous_7)
FNDA:3,(anonymous_8)
FNDA:1,(anonymous_9)
FNDA:1,(anonymous_10)
FNDA:1,(anonymous_11)
FNDA:1,(anonymous_12)
FNDA:1,(anonymous_13)
FNDA:1,(anonymous_14)
FNDA:1,(anonymous_15)
FNDA:0,(anonymous_16)
DA:1,3
DA:2,3
DA:3,3
DA:4,3
DA:5,3
DA:7,6
DA:15,3
DA:22,3
DA:27,3
DA:29,3
DA:32,3
DA:39,3
DA:57,1
DA:66,3
DA:67,3
DA:68,3
DA:69,3
DA:71,3
DA:72,3
DA:75,3
DA:76,3
DA:77,3
DA:78,3
DA:80,3
DA:81,3
DA:83,3
DA:84,3
DA:85,3
DA:86,3
DA:87,3
DA:88,3
DA:89,3
DA:90,3
DA:91,3
DA:92,3
DA:94,3
DA:95,3
DA:96,3
DA:99,3
DA:100,3
DA:101,3
DA:104,3
DA:105,3
DA:106,3
DA:109,3
DA:110,3
DA:111,1
DA:113,3
DA:116,3
DA:117,3
DA:118,3
DA:121,3
DA:122,3
DA:123,1
DA:125,3
DA:128,3
DA:129,3
DA:130,3
DA:131,3
DA:132,3
DA:133,3
DA:134,3
DA:137,3
DA:138,3
DA:139,3
DA:140,3
DA:141,3
DA:143,3
DA:145,3
DA:146,3
DA:154,1
DA:155,1
DA:156,1
DA:157,1
DA:158,1
DA:159,1
DA:161,1
DA:162,1
DA:163,1
DA:164,1
DA:165,1
DA:166,1
DA:167,1
DA:168,1
DA:169,1
DA:170,1
DA:171,1
DA:172,1
DA:173,1
DA:174,1
DA:175,1
DA:176,1
DA:177,1
DA:179,1
DA:186,1
DA:187,1
DA:188,1
DA:189,1
DA:190,1
DA:191,1
DA:193,1
DA:194,1
DA:195,1
DA:196,1
DA:197,1
DA:198,1
DA:199,1
DA:200,1
DA:201,1
DA:202,1
DA:203,1
DA:205,1
DA:212,1
DA:217,1
DA:220,1
DA:227,1
DA:234,1
DA:247,3
LF:118
LH:118
BRDA:27,0,0,0
BRDA:27,0,1,3
BRDA:32,1,0,3
BRDA:32,1,1,0
BRDA:34,2,0,1
BRDA:34,2,1,0
BRDA:43,3,0,3
BRDA:43,3,1,2
BRDA:44,4,0,3
BRDA:44,4,1,1
BRDA:55,5,0,1
BRDA:55,5,1,2
BRDA:57,6,0,3
BRDA:57,6,1,1
BRDA:63,7,0,3
BRDA:63,7,1,1
BRDA:163,8,0,1
BRDA:163,8,1,0
BRDA:173,9,0,1
BRDA:173,9,1,1
BRDA:217,10,0,0
BRDA:217,10,1,1
BRDA:227,11,0,1
BRDA:227,11,1,0
BRDA:229,12,0,0
BRDA:229,12,1,0
BRDA:240,13,0,1
BRDA:240,13,1,0
BRDA:241,14,0,1
BRDA:241,14,1,1
BRDA:242,15,0,1
BRDA:242,15,1,1
BRF:32
BRH:23
end_of_record
TN:
SF:backend\services\governanceService.js
FN:9,(anonymous_0)
FN:21,(anonymous_1)
FN:32,(anonymous_2)
FN:53,(anonymous_3)
FN:69,(anonymous_4)
FNF:5
FNH:5
FNDA:13,(anonymous_0)
FNDA:9,(anonymous_1)
FNDA:6,(anonymous_2)
FNDA:9,(anonymous_3)
FNDA:3,(anonymous_4)
DA:10,13
DA:22,9
DA:23,4
DA:24,2
DA:33,6
DA:34,6
DA:35,1
DA:40,5
DA:41,2
DA:46,3
DA:54,9
DA:55,4
DA:56,3
DA:57,3
DA:58,2
DA:59,1
DA:60,1
DA:61,1
DA:62,1
DA:63,1
DA:70,3
DA:71,3
DA:72,3
DA:73,3
DA:75,3
DA:87,4
LF:26
LH:26
BRDA:22,0,0,5
BRDA:22,0,1,4
BRDA:23,1,0,2
BRDA:23,1,1,2
BRDA:33,2,0,6
BRDA:33,2,1,2
BRDA:34,3,0,1
BRDA:34,3,1,5
BRDA:40,4,0,2
BRDA:40,4,1,3
BRDA:54,5,0,5
BRDA:54,5,1,4
BRDA:55,6,0,1
BRDA:55,6,1,3
BRDA:56,7,0,0
BRDA:56,7,1,3
BRDA:57,8,0,1
BRDA:57,8,1,2
BRDA:58,9,0,1
BRDA:58,9,1,1
BRDA:59,10,0,0
BRDA:59,10,1,1
BRDA:60,11,0,0
BRDA:60,11,1,1
BRDA:61,12,0,0
BRDA:61,12,1,1
BRDA:62,13,0,0
BRDA:62,13,1,1
BRDA:70,14,0,3
BRDA:70,14,1,2
BRDA:71,15,0,3
BRDA:71,15,1,2
BRDA:72,16,0,3
BRDA:72,16,1,2
BRF:34
BRH:29
end_of_record
TN:
SF:backend\services\identityBindingService.js
FN:12,(anonymous_0)
FN:19,(anonymous_1)
FN:43,(anonymous_2)
FN:136,(anonymous_3)
FN:167,(anonymous_4)
FN:218,(anonymous_5)
FN:259,(anonymous_6)
FN:279,(anonymous_7)
FN:314,(anonymous_8)
FN:342,(anonymous_9)
FN:384,(anonymous_10)
FN:426,(anonymous_11)
FN:445,(anonymous_12)
FN:466,(anonymous_13)
FN:482,(anonymous_14)
FN:511,(anonymous_15)
FNF:16
FNH:1
FNDA:2,(anonymous_0)
FNDA:0,(anonymous_1)
FNDA:0,(anonymous_2)
FNDA:0,(anonymous_3)
FNDA:0,(anonymous_4)
FNDA:0,(anonymous_5)
FNDA:0,(anonymous_6)
FNDA:0,(anonymous_7)
FNDA:0,(anonymous_8)
FNDA:0,(anonymous_9)
FNDA:0,(anonymous_10)
FNDA:0,(anonymous_11)
FNDA:0,(anonymous_12)
FNDA:0,(anonymous_13)
FNDA:0,(anonymous_14)
FNDA:0,(anonymous_15)
DA:1,2
DA:2,2
DA:3,2
DA:5,2
DA:13,2
DA:20,0
DA:30,0
DA:34,0
DA:45,0
DA:49,0
DA:50,0
DA:54,0
DA:61,0
DA:70,0
DA:72,0
DA:74,0
DA:85,0
DA:86,0
DA:89,0
DA:93,0
DA:97,0
DA:107,0
DA:112,0
DA:120,0
DA:137,0
DA:141,0
DA:142,0
DA:147,0
DA:149,0
DA:150,0
DA:158,0
DA:161,0
DA:168,0
DA:169,0
DA:172,0
DA:173,0
DA:174,0
DA:178,0
DA:182,0
DA:183,0
DA:187,0
DA:190,0
DA:192,0
DA:211,0
DA:219,0
DA:220,0
DA:223,0
DA:224,0
DA:226,0
DA:227,0
DA:228,0
DA:232,0
DA:233,0
DA:235,0
DA:236,0
DA:237,0
DA:241,0
DA:245,0
DA:246,0
DA:247,0
DA:248,0
DA:249,0
DA:253,0
DA:260,0
DA:264,0
DA:265,0
DA:269,0
DA:270,0
DA:271,0
DA:275,0
DA:279,0
DA:287,0
DA:297,0
DA:304,0
DA:315,0
DA:317,0
DA:318,0
DA:321,0
DA:322,0
DA:325,0
DA:326,0
DA:329,0
DA:330,0
DA:333,0
DA:343,0
DA:348,0
DA:349,0
DA:352,0
DA:354,0
DA:365,0
DA:366,0
DA:374,0
DA:385,0
DA:398,0
DA:399,0
DA:402,0
DA:414,0
DA:424,0
DA:426,0
DA:446,0
DA:447,0
DA:450,0
DA:451,0
DA:454,0
DA:455,0
DA:456,0
DA:460,0
DA:461,0
DA:462,0
DA:466,0
DA:467,0
DA:468,0
DA:469,0
DA:472,0
DA:483,0
DA:490,0
DA:491,0
DA:494,0
DA:505,0
DA:513,0
DA:517,2
LF:121
LH:6
BRDA:19,0,0,0
BRDA:21,1,0,0
BRDA:21,1,1,0
BRDA:22,2,0,0
BRDA:22,2,1,0
BRDA:43,3,0,0
BRDA:49,4,0,0
BRDA:49,4,1,0
BRDA:49,5,0,0
BRDA:49,5,1,0
BRDA:72,6,0,0
BRDA:72,6,1,0
BRDA:141,7,0,0
BRDA:141,7,1,0
BRDA:149,8,0,0
BRDA:149,8,1,0
BRDA:173,9,0,0
BRDA:173,9,1,0
BRDA:182,10,0,0
BRDA:182,10,1,0
BRDA:182,11,0,0
BRDA:182,11,1,0
BRDA:226,12,0,0
BRDA:226,12,1,0
BRDA:235,13,0,0
BRDA:235,13,1,0
BRDA:245,14,0,0
BRDA:245,14,1,0
BRDA:247,15,0,0
BRDA:247,15,1,0
BRDA:264,16,0,0
BRDA:264,16,1,0
BRDA:270,17,0,0
BRDA:270,17,1,0
BRDA:317,18,0,0
BRDA:317,18,1,0
BRDA:317,19,0,0
BRDA:317,19,1,0
BRDA:321,20,0,0
BRDA:321,20,1,0
BRDA:321,21,0,0
BRDA:321,21,1,0
BRDA:325,22,0,0
BRDA:325,22,1,0
BRDA:325,23,0,0
BRDA:325,23,1,0
BRDA:329,24,0,0
BRDA:329,24,1,0
BRDA:329,25,0,0
BRDA:329,25,1,0
BRDA:342,26,0,0
BRDA:348,27,0,0
BRDA:348,27,1,0
BRDA:352,28,0,0
BRDA:352,28,1,0
BRDA:365,29,0,0
BRDA:365,29,1,0
BRDA:398,30,0,0
BRDA:398,30,1,0
BRDA:433,31,0,0
BRDA:433,31,1,0
BRDA:454,32,0,0
BRDA:454,32,1,0
BRDA:460,33,0,0
BRDA:460,33,1,0
BRDA:460,34,0,0
BRDA:460,34,1,0
BRDA:467,35,0,0
BRDA:467,35,1,0
BRDA:474,36,0,0
BRDA:474,36,1,0
BRDA:474,37,0,0
BRDA:474,37,1,0
BRDA:490,38,0,0
BRDA:490,38,1,0
BRF:75
BRH:0
end_of_record
TN:
SF:backend\services\ledgerService.js
FN:4,(anonymous_0)
FN:15,(anonymous_1)
FN:40,(anonymous_2)
FN:63,(anonymous_3)
FN:89,(anonymous_4)
FN:118,(anonymous_5)
FNF:6
FNH:0
FNDA:0,(anonymous_0)
FNDA:0,(anonymous_1)
FNDA:0,(anonymous_2)
FNDA:0,(anonymous_3)
FNDA:0,(anonymous_4)
FNDA:0,(anonymous_5)
DA:1,4
DA:2,4
DA:4,4
DA:16,0
DA:17,0
DA:19,0
DA:20,0
DA:22,0
DA:24,0
DA:34,0
DA:35,0
DA:36,0
DA:40,0
DA:41,0
DA:43,0
DA:56,0
DA:57,0
DA:64,0
DA:65,0
DA:67,0
DA:71,0
DA:73,0
DA:74,0
DA:76,0
DA:90,0
DA:91,0
DA:93,0
DA:95,0
DA:97,0
DA:99,0
DA:107,0
DA:109,0
DA:119,0
DA:120,0
DA:122,0
DA:126,0
DA:129,0
DA:130,0
DA:132,0
DA:141,4
LF:40
LH:4
BRDA:15,0,0,0
BRDA:34,1,0,0
BRDA:34,1,1,0
BRDA:71,2,0,0
BRDA:71,2,1,0
BRDA:91,3,0,0
BRDA:91,3,1,0
BRDA:126,4,0,0
BRDA:126,4,1,0
BRF:9
BRH:0
end_of_record
TN:
SF:backend\services\legalComplianceService.js
FN:6,(anonymous_0)
FN:18,(anonymous_1)
FN:46,(anonymous_2)
FN:68,(anonymous_3)
FN:109,(anonymous_4)
FN:127,(anonymous_5)
FN:139,(anonymous_6)
FN:198,(anonymous_7)
FN:217,(anonymous_8)
FN:245,(anonymous_9)
FN:262,(anonymous_10)
FN:275,(anonymous_11)
FN:286,(anonymous_12)
FNF:13
FNH:1
FNDA:2,(anonymous_0)
FNDA:0,(anonymous_1)
FNDA:0,(anonymous_2)
FNDA:0,(anonymous_3)
FNDA:0,(anonymous_4)
FNDA:0,(anonymous_5)
FNDA:0,(anonymous_6)
FNDA:0,(anonymous_7)
FNDA:0,(anonymous_8)
FNDA:0,(anonymous_9)
FNDA:0,(anonymous_10)
FNDA:0,(anonymous_11)
FNDA:0,(anonymous_12)
DA:1,2
DA:2,2
DA:3,2
DA:7,2
DA:8,2
DA:9,2
DA:10,2
DA:20,0
DA:37,0
DA:38,0
DA:47,0
DA:50,0
DA:51,0
DA:52,0
DA:53,0
DA:57,0
DA:58,0
DA:61,0
DA:69,0
DA:70,0
DA:84,0
DA:85,0
DA:87,0
DA:94,0
DA:95,0
DA:98,0
DA:100,0
DA:110,0
DA:117,0
DA:118,0
DA:128,0
DA:129,0
DA:140,0
DA:147,0
DA:148,0
DA:149,0
DA:151,0
DA:152,0
DA:154,0
DA:156,0
DA:157,0
DA:158,0
DA:161,0
DA:162,0
DA:164,0
DA:168,0
DA:170,0
DA:171,0
DA:179,0
DA:186,0
DA:189,0
DA:199,0
DA:210,0
DA:220,0
DA:248,0
DA:263,0
DA:264,0
DA:265,0
DA:266,0
DA:276,0
DA:277,0
DA:278,0
DA:279,0
DA:287,0
DA:291,2
LF:65
LH:8
BRDA:47,0,0,0
BRDA:47,0,1,0
BRDA:50,1,0,0
BRDA:50,1,1,0
BRDA:57,2,0,0
BRDA:57,2,1,0
BRDA:111,3,0,0
BRDA:111,3,1,0
BRDA:152,4,0,0
BRDA:152,4,1,0
BRDA:164,5,0,0
BRDA:164,5,1,0
BRF:12
BRH:0
end_of_record
TN:
SF:backend\services\legalService.js
FN:9,(anonymous_0)
FN:12,(anonymous_1)
FN:18,(anonymous_2)
FN:46,(anonymous_3)
FN:106,(anonymous_4)
FN:129,(anonymous_5)
FNF:6
FNH:1
FNDA:0,(anonymous_0)
FNDA:2,(anonymous_1)
FNDA:0,(anonymous_2)
FNDA:0,(anonymous_3)
FNDA:0,(anonymous_4)
FNDA:0,(anonymous_5)
DA:1,2
DA:2,2
DA:3,2
DA:4,2
DA:5,2
DA:6,2
DA:7,2
DA:9,2
DA:13,2
DA:14,2
DA:15,2
DA:19,0
DA:24,0
DA:26,0
DA:27,0
DA:29,0
DA:42,0
DA:43,0
DA:44,0
DA:46,0
DA:47,0
DA:48,0
DA:50,0
DA:56,0
DA:57,0
DA:59,0
DA:60,0
DA:62,0
DA:63,0
DA:64,0
DA:65,0
DA:66,0
DA:68,0
DA:69,0
DA:71,0
DA:72,0
DA:73,0
DA:74,0
DA:76,0
DA:77,0
DA:78,0
DA:80,0
DA:81,0
DA:82,0
DA:83,0
DA:85,0
DA:86,0
DA:87,0
DA:92,0
DA:94,0
DA:95,0
DA:97,0
DA:98,0
DA:100,0
DA:101,0
DA:102,0
DA:104,0
DA:106,0
DA:107,0
DA:108,0
DA:111,0
DA:122,0
DA:125,0
DA:130,0
DA:131,0
DA:135,2
LF:66
LH:12
BRDA:24,0,0,0
BRDA:24,0,1,0
BRF:2
BRH:0
end_of_record
TN:
SF:backend\services\loggingService.js
FN:15,(anonymous_0)
FN:40,(anonymous_1)
FN:55,(anonymous_2)
FN:74,(anonymous_3)
FN:77,(anonymous_4)
FN:108,(anonymous_5)
FN:128,(anonymous_6)
FN:136,(anonymous_7)
FN:144,(anonymous_8)
FN:156,(anonymous_9)
FN:164,(anonymous_10)
FN:175,(anonymous_11)
FN:187,(anonymous_12)
FN:199,(anonymous_13)
FNF:14
FNH:5
FNDA:12,(anonymous_0)
FNDA:1,(anonymous_1)
FNDA:1,(anonymous_2)
FNDA:1,(anonymous_3)
FNDA:1,(anonymous_4)
FNDA:0,(anonymous_5)
FNDA:0,(anonymous_6)
FNDA:0,(anonymous_7)
FNDA:0,(anonymous_8)
FNDA:0,(anonymous_9)
FNDA:0,(anonymous_10)
FNDA:0,(anonymous_11)
FNDA:0,(anonymous_12)
FNDA:0,(anonymous_13)
DA:1,2
DA:2,2
DA:5,2
DA:6,2
DA:7,2
DA:8,0
DA:12,2
DA:16,12
DA:40,2
DA:41,1
DA:44,1
DA:55,1
DA:56,1
DA:57,1
DA:59,1
DA:70,1
DA:74,2
DA:75,1
DA:77,1
DA:78,1
DA:79,1
DA:82,1
DA:83,0
DA:93,1
DA:94,0
DA:104,1
DA:108,2
DA:109,0
DA:123,0
DA:127,2
DA:129,0
DA:137,0
DA:145,0
DA:157,0
DA:165,0
DA:174,2
DA:176,0
DA:188,0
DA:200,0
DA:211,2
LF:40
LH:27
BRDA:7,0,0,0
BRDA:7,0,1,2
BRDA:13,1,0,2
BRDA:13,1,1,2
BRDA:50,2,0,1
BRDA:50,2,1,1
BRDA:51,3,0,1
BRDA:51,3,1,1
BRDA:57,4,0,1
BRDA:57,4,1,0
BRDA:65,5,0,1
BRDA:65,5,1,0
BRDA:66,6,0,1
BRDA:66,6,1,1
BRDA:82,7,0,0
BRDA:82,7,1,1
BRDA:93,8,0,0
BRDA:93,8,1,1
BRDA:118,9,0,0
BRDA:118,9,1,0
BRDA:128,10,0,0
BRDA:136,11,0,0
BRDA:148,12,0,0
BRDA:148,12,1,0
BRDA:151,13,0,0
BRDA:151,13,1,0
BRF:26
BRH:13
end_of_record
TN:
SF:backend\services\monitoringService.js
FN:86,(anonymous_0)
FN:92,(anonymous_1)
FN:93,(anonymous_2)
FN:110,(anonymous_3)
FN:115,(anonymous_4)
FN:130,(anonymous_5)
FN:147,(anonymous_6)
FN:152,(anonymous_7)
FN:157,(anonymous_8)
FN:162,(anonymous_9)
FN:163,(anonymous_10)
FN:176,(anonymous_11)
FN:177,(anonymous_12)
FN:215,(anonymous_13)
FN:223,(anonymous_14)
FN:249,(anonymous_15)
FN:253,(anonymous_16)
FN:255,(anonymous_17)
FN:257,(anonymous_18)
FN:258,(anonymous_19)
FN:265,(anonymous_20)
FN:273,(anonymous_21)
FN:276,(anonymous_22)
FN:282,(anonymous_23)
FN:301,(anonymous_24)
FN:307,(anonymous_25)
FN:309,(anonymous_26)
FN:315,(anonymous_27)
FN:321,(anonymous_28)
FN:326,(anonymous_29)
FN:332,(anonymous_30)
FNF:31
FNH:4
FNDA:2,(anonymous_0)
FNDA:2,(anonymous_1)
FNDA:1,(anonymous_2)
FNDA:0,(anonymous_3)
FNDA:0,(anonymous_4)
FNDA:0,(anonymous_5)
FNDA:0,(anonymous_6)
FNDA:0,(anonymous_7)
FNDA:0,(anonymous_8)
FNDA:2,(anonymous_9)
FNDA:0,(anonymous_10)
FNDA:0,(anonymous_11)
FNDA:0,(anonymous_12)
FNDA:0,(anonymous_13)
FNDA:0,(anonymous_14)
FNDA:0,(anonymous_15)
FNDA:0,(anonymous_16)
FNDA:0,(anonymous_17)
FNDA:0,(anonymous_18)
FNDA:0,(anonymous_19)
FNDA:0,(anonymous_20)
FNDA:0,(anonymous_21)
FNDA:0,(anonymous_22)
FNDA:0,(anonymous_23)
FNDA:0,(anonymous_24)
FNDA:0,(anonymous_25)
FNDA:0,(anonymous_26)
FNDA:0,(anonymous_27)
FNDA:0,(anonymous_28)
FNDA:0,(anonymous_29)
FNDA:0,(anonymous_30)
DA:1,2
DA:2,2
DA:3,2
DA:4,2
DA:5,2
DA:8,2
DA:11,2
DA:16,2
DA:19,2
DA:26,2
DA:32,2
DA:37,2
DA:43,2
DA:49,2
DA:55,2
DA:61,2
DA:67,2
DA:74,2
DA:75,2
DA:76,2
DA:77,2
DA:78,2
DA:79,2
DA:80,2
DA:81,2
DA:82,2
DA:87,2
DA:88,2
DA:93,2
DA:94,1
DA:97,1
DA:101,1
DA:105,1
DA:111,0
DA:116,0
DA:117,0
DA:119,0
DA:121,0
DA:122,0
DA:125,0
DA:131,0
DA:132,0
DA:134,0
DA:137,0
DA:138,0
DA:139,0
DA:140,0
DA:142,0
DA:148,0
DA:153,0
DA:158,0
DA:163,2
DA:164,0
DA:165,0
DA:166,0
DA:167,0
DA:169,0
DA:170,0
DA:177,0
DA:178,0
DA:179,0
DA:181,0
DA:201,0
DA:202,0
DA:204,0
DA:205,0
DA:216,0
DA:217,0
DA:218,0
DA:219,0
DA:222,0
DA:223,0
DA:224,0
DA:225,0
DA:227,0
DA:229,0
DA:230,0
DA:231,0
DA:234,0
DA:235,0
DA:238,0
DA:239,0
DA:241,0
DA:250,0
DA:253,0
DA:254,0
DA:255,0
DA:256,0
DA:257,0
DA:258,0
DA:260,0
DA:261,0
DA:265,0
DA:266,0
DA:267,0
DA:268,0
DA:274,0
DA:276,0
DA:277,0
DA:278,0
DA:283,0
DA:284,0
DA:285,0
DA:287,0
DA:289,0
DA:295,0
DA:296,0
DA:303,0
DA:309,0
DA:310,0
DA:314,0
DA:315,0
DA:316,0
DA:321,0
DA:322,0
DA:326,0
DA:327,0
DA:331,0
DA:332,0
DA:333,0
DA:337,0
DA:342,2
DA:344,2
LF:123
LH:36
BRDA:98,0,0,1
BRDA:98,0,1,0
BRDA:102,1,0,1
BRDA:102,1,1,0
BRDA:119,2,0,0
BRDA:119,2,1,0
BRDA:122,3,0,0
BRDA:122,3,1,0
BRDA:132,4,0,0
BRDA:132,4,1,0
BRDA:132,5,0,0
BRDA:132,5,1,0
BRDA:137,6,0,0
BRDA:137,6,1,0
BRDA:138,7,0,0
BRDA:138,7,1,0
BRDA:139,8,0,0
BRDA:139,8,1,0
BRDA:140,9,0,0
BRDA:140,9,1,0
BRDA:157,10,0,0
BRDA:182,11,0,0
BRDA:182,11,1,0
BRDA:185,12,0,0
BRDA:185,12,1,0
BRDA:186,13,0,0
BRDA:186,13,1,0
BRDA:201,14,0,0
BRDA:201,14,1,0
BRDA:254,15,0,0
BRDA:254,15,1,0
BRDA:260,16,0,0
BRDA:260,16,1,0
BRDA:266,17,0,0
BRDA:266,17,1,0
BRDA:274,18,0,0
BRDA:274,18,1,0
BRDA:274,19,0,0
BRDA:274,19,1,0
BRDA:278,20,0,0
BRDA:278,20,1,0
BRDA:314,21,0,0
BRDA:314,21,1,0
BRDA:331,22,0,0
BRDA:331,22,1,0
BRF:45
BRH:2
end_of_record
TN:
SF:backend\services\reputationService.js
FN:3,(anonymous_0)
FN:10,calculateCompanyScore
FN:22,(anonymous_2)
FN:25,(anonymous_3)
FN:26,(anonymous_4)
FN:54,getTopRiskCompanies
FN:64,(anonymous_6)
FN:67,(anonymous_7)
FN:74,processSatisfaction
FNF:9
FNH:5
FNDA:2,(anonymous_0)
FNDA:2,calculateCompanyScore
FNDA:21,(anonymous_2)
FNDA:21,(anonymous_3)
FNDA:21,(anonymous_4)
FNDA:0,getTopRiskCompanies
FNDA:0,(anonymous_6)
FNDA:0,(anonymous_7)
FNDA:0,processSatisfaction
DA:1,3
DA:3,3
DA:11,2
DA:12,2
DA:21,2
DA:22,2
DA:23,21
DA:25,21
DA:26,21
DA:29,2
DA:32,2
DA:33,2
DA:34,1
DA:35,1
DA:36,1
DA:38,2
DA:49,0
DA:50,0
DA:55,0
DA:56,0
DA:63,0
DA:64,0
DA:67,0
DA:69,0
DA:70,0
DA:76,0
DA:77,0
DA:80,3
LF:28
LH:17
BRDA:25,0,0,21
BRDA:25,0,1,1
BRDA:33,1,0,1
BRDA:33,1,1,1
BRDA:34,2,0,0
BRDA:34,2,1,1
BRDA:35,3,0,0
BRDA:35,3,1,1
BRDA:36,4,0,0
BRDA:36,4,1,1
BRDA:54,5,0,0
BRF:11
BRH:7
end_of_record
TN:
SF:backend\services\timestampAuthorityService.js
FN:13,(anonymous_0)
FN:25,(anonymous_1)
FN:50,(anonymous_2)
FN:74,(anonymous_3)
FN:92,(anonymous_4)
FN:127,(anonymous_5)
FN:170,(anonymous_6)
FN:211,(anonymous_7)
FN:220,(anonymous_8)
FN:221,(anonymous_9)
FN:235,(anonymous_10)
FN:264,(anonymous_11)
FN:265,(anonymous_12)
FN:266,(anonymous_13)
FN:300,(anonymous_14)
FN:332,(anonymous_15)
FN:350,(anonymous_16)
FN:354,(anonymous_17)
FN:357,(anonymous_18)
FNF:19
FNH:1
FNDA:2,(anonymous_0)
FNDA:0,(anonymous_1)
FNDA:0,(anonymous_2)
FNDA:0,(anonymous_3)
FNDA:0,(anonymous_4)
FNDA:0,(anonymous_5)
FNDA:0,(anonymous_6)
FNDA:0,(anonymous_7)
FNDA:0,(anonymous_8)
FNDA:0,(anonymous_9)
FNDA:0,(anonymous_10)
FNDA:0,(anonymous_11)
FNDA:0,(anonymous_12)
FNDA:0,(anonymous_13)
FNDA:0,(anonymous_14)
FNDA:0,(anonymous_15)
FNDA:0,(anonymous_16)
FNDA:0,(anonymous_17)
FNDA:0,(anonymous_18)
DA:1,2
DA:2,2
DA:3,2
DA:4,2
DA:6,2
DA:15,2
DA:27,0
DA:28,0
DA:32,0
DA:51,0
DA:52,0
DA:53,0
DA:57,0
DA:59,0
DA:65,0
DA:66,0
DA:75,0
DA:76,0
DA:86,0
DA:93,0
DA:94,0
DA:97,0
DA:98,0
DA:102,0
DA:103,0
DA:104,0
DA:106,0
DA:107,0
DA:110,0
DA:111,0
DA:114,0
DA:120,0
DA:128,0
DA:132,0
DA:133,0
DA:137,0
DA:149,0
DA:152,0
DA:160,0
DA:171,0
DA:175,0
DA:176,0
DA:179,0
DA:192,0
DA:194,0
DA:201,0
DA:212,0
DA:217,0
DA:220,0
DA:221,0
DA:229,0
DA:236,0
DA:238,0
DA:241,0
DA:247,0
DA:253,0
DA:259,0
DA:264,0
DA:265,0
DA:266,0
DA:269,0
DA:274,0
DA:277,0
DA:288,0
DA:289,0
DA:292,0
DA:293,0
DA:301,0
DA:305,0
DA:306,0
DA:310,0
DA:314,0
DA:317,0
DA:319,0
DA:333,0
DA:351,0
DA:354,0
DA:357,0
DA:358,0
DA:359,0
DA:361,0
DA:367,2
LF:82
LH:7
BRDA:50,0,0,0
BRDA:52,1,0,0
BRDA:52,1,1,0
BRDA:97,2,0,0
BRDA:97,2,1,0
BRDA:106,3,0,0
BRDA:106,3,1,0
BRDA:110,4,0,0
BRDA:110,4,1,0
BRDA:132,5,0,0
BRDA:132,5,1,0
BRDA:175,6,0,0
BRDA:175,6,1,0
BRDA:305,7,0,0
BRDA:305,7,1,0
BRDA:323,8,0,0
BRDA:323,8,1,0
BRDA:332,9,0,0
BRDA:350,10,0,0
BRF:19
BRH:0
end_of_record
TN:
SF:backend\services\verificationService.js
FN:14,(anonymous_0)
FN:21,(anonymous_1)
FN:48,(anonymous_2)
FN:54,(anonymous_3)
FN:65,(anonymous_4)
FN:75,(anonymous_5)
FN:125,(anonymous_6)
FN:157,(anonymous_7)
FN:206,(anonymous_8)
FN:209,(anonymous_9)
FN:225,(anonymous_10)
FN:228,(anonymous_11)
FN:275,(anonymous_12)
FN:279,(anonymous_13)
FN:288,(anonymous_14)
FN:330,(anonymous_15)
FN:353,(anonymous_16)
FN:366,(anonymous_17)
FN:380,(anonymous_18)
FNF:19
FNH:1
FNDA:2,(anonymous_0)
FNDA:0,(anonymous_1)
FNDA:0,(anonymous_2)
FNDA:0,(anonymous_3)
FNDA:0,(anonymous_4)
FNDA:0,(anonymous_5)
FNDA:0,(anonymous_6)
FNDA:0,(anonymous_7)
FNDA:0,(anonymous_8)
FNDA:0,(anonymous_9)
FNDA:0,(anonymous_10)
FNDA:0,(anonymous_11)
FNDA:0,(anonymous_12)
FNDA:0,(anonymous_13)
FNDA:0,(anonymous_14)
FNDA:0,(anonymous_15)
FNDA:0,(anonymous_16)
FNDA:0,(anonymous_17)
FNDA:0,(anonymous_18)
DA:1,2
DA:2,2
DA:3,2
DA:4,2
DA:5,2
DA:7,2
DA:15,2
DA:22,0
DA:32,0
DA:33,0
DA:36,0
DA:48,0
DA:54,0
DA:65,0
DA:75,0
DA:102,0
DA:106,0
DA:109,0
DA:110,0
DA:111,0
DA:113,0
DA:115,0
DA:126,0
DA:127,0
DA:128,0
DA:130,0
DA:140,0
DA:144,0
DA:146,0
DA:147,0
DA:148,0
DA:152,0
DA:153,0
DA:155,0
DA:157,0
DA:158,0
DA:159,0
DA:161,0
DA:162,0
DA:166,0
DA:167,0
DA:168,0
DA:172,0
DA:175,0
DA:179,0
DA:182,0
DA:185,0
DA:186,0
DA:196,0
DA:197,0
DA:199,0
DA:200,0
DA:204,0
DA:206,0
DA:209,0
DA:211,0
DA:214,0
DA:226,0
DA:228,0
DA:229,0
DA:232,0
DA:233,0
DA:236,0
DA:246,0
DA:252,0
DA:253,0
DA:257,0
DA:258,0
DA:259,0
DA:260,0
DA:265,0
DA:267,0
DA:268,0
DA:276,0
DA:278,0
DA:279,0
DA:280,0
DA:281,0
DA:283,0
DA:287,0
DA:288,0
DA:289,0
DA:292,0
DA:294,0
DA:295,0
DA:299,0
DA:300,0
DA:308,0
DA:312,0
DA:313,0
DA:314,0
DA:320,0
DA:322,0
DA:323,0
DA:331,0
DA:334,0
DA:339,0
DA:348,0
DA:349,0
DA:350,0
DA:353,0
DA:354,0
DA:355,0
DA:358,0
DA:359,0
DA:362,0
DA:363,0
DA:366,0
DA:367,0
DA:368,0
DA:371,0
DA:374,0
DA:381,0
DA:492,0
DA:493,0
DA:494,0
DA:496,0
DA:500,2
LF:118
LH:8
BRDA:32,0,0,0
BRDA:32,0,1,0
BRDA:125,1,0,0
BRDA:146,2,0,0
BRDA:146,2,1,0
BRDA:158,3,0,0
BRDA:158,3,1,0
BRDA:167,4,0,0
BRDA:167,4,1,0
BRDA:196,5,0,0
BRDA:196,5,1,0
BRDA:197,6,0,0
BRDA:197,6,1,0
BRDA:199,7,0,0
BRDA:199,7,1,0
BRDA:205,8,0,0
BRDA:205,8,1,0
BRDA:205,8,2,0
BRDA:205,8,3,0
BRDA:205,8,4,0
BRDA:252,9,0,0
BRDA:252,9,1,0
BRDA:252,10,0,0
BRDA:252,10,1,0
BRDA:257,11,0,0
BRDA:257,11,1,0
BRDA:259,12,0,0
BRDA:259,12,1,0
BRDA:280,13,0,0
BRDA:280,13,1,0
BRDA:294,14,0,0
BRDA:294,14,1,0
BRDA:294,15,0,0
BRDA:294,15,1,0
BRDA:299,16,0,0
BRDA:299,16,1,0
BRDA:313,17,0,0
BRDA:313,17,1,0
BRDA:348,18,0,0
BRDA:348,18,1,0
BRDA:349,19,0,0
BRDA:349,19,1,0
BRDA:354,20,0,0
BRDA:354,20,1,0
BRDA:358,21,0,0
BRDA:358,21,1,0
BRDA:362,22,0,0
BRDA:362,22,1,0
BRDA:367,23,0,0
BRDA:367,23,1,0
BRF:50
BRH:0
end_of_record
TN:
SF:backend\workers\enforcementWorker.js
FN:16,(anonymous_0)
FN:23,(anonymous_1)
FN:32,(anonymous_2)
FN:46,(anonymous_3)
FN:54,(anonymous_4)
FN:83,(anonymous_5)
FN:108,(anonymous_6)
FN:152,(anonymous_7)
FNF:8
FNH:4
FNDA:8,(anonymous_0)
FNDA:3,(anonymous_1)
FNDA:0,(anonymous_2)
FNDA:0,(anonymous_3)
FNDA:0,(anonymous_4)
FNDA:7,(anonymous_5)
FNDA:4,(anonymous_6)
FNDA:0,(anonymous_7)
DA:1,3
DA:2,3
DA:3,3
DA:4,3
DA:5,3
DA:6,3
DA:7,3
DA:9,3
DA:16,8
DA:24,3
DA:27,3
DA:32,3
DA:33,0
DA:34,0
DA:35,0
DA:36,0
DA:38,0
DA:39,0
DA:41,0
DA:42,0
DA:46,3
DA:47,0
DA:55,0
DA:57,0
DA:58,0
DA:59,0
DA:62,0
DA:64,0
DA:84,7
DA:86,7
DA:87,7
DA:95,7
DA:97,7
DA:98,4
DA:101,0
DA:109,4
DA:110,4
DA:113,4
DA:122,1
DA:130,1
DA:138,1
DA:143,1
DA:145,3
DA:153,0
DA:154,0
DA:155,0
DA:156,0
DA:157,0
DA:159,0
DA:161,0
DA:166,3
LF:51
LH:28
BRDA:10,0,0,3
BRDA:10,0,1,0
BRDA:11,1,0,3
BRDA:11,1,1,0
BRDA:12,2,0,3
BRDA:12,2,1,3
BRDA:34,3,0,0
BRDA:34,3,1,0
BRDA:57,4,0,0
BRDA:57,4,1,0
BRDA:156,5,0,0
BRDA:156,5,1,0
BRF:12
BRH:4
end_of_record
